<?xml version="1.0" encoding="UTF-8"?>
<testsuites name="TS-Search Product" time="406.256" tests="22" failures="9" errors="0">
   <testsuite name="TS-Search Product" tests="22" failures="9" errors="0" time="406.256" skipped="0" timestamp="2023-10-02 13:38:26" hostname="Admin - Riswandha" id="Test Suites/TS-Search Product">
      <properties>
         <property name="deviceName" value=""/>
         <property name="devicePlatform" value=""/>
         <property name="logFolder" value="G:\\Project Xsis\\batch-324-qa\\Riswan\\Tajalapak_com\\Reports\\20231002_133816\\TS-Search Product\\20231002_133817"/>
         <property name="logFiles" value="G:\\Project Xsis\\batch-324-qa\\Riswan\\Tajalapak_com\\Reports\\20231002_133816\\TS-Search Product\\20231002_133817\\execution0.log"/>
         <property name="attachments" value="G:\\Project Xsis\\batch-324-qa\\Riswan\\Tajalapak_com\\Reports\\20231002_133816\\TS-Search Product\\20231002_133817\\1696228943125.png, G:\\Project Xsis\\batch-324-qa\\Riswan\\Tajalapak_com\\Reports\\20231002_133816\\TS-Search Product\\20231002_133817\\1696228997667.png, G:\\Project Xsis\\batch-324-qa\\Riswan\\Tajalapak_com\\Reports\\20231002_133816\\TS-Search Product\\20231002_133817\\1696228997786.png, G:\\Project Xsis\\batch-324-qa\\Riswan\\Tajalapak_com\\Reports\\20231002_133816\\TS-Search Product\\20231002_133817\\1696229053668.png, G:\\Project Xsis\\batch-324-qa\\Riswan\\Tajalapak_com\\Reports\\20231002_133816\\TS-Search Product\\20231002_133817\\1696229053795.png, G:\\Project Xsis\\batch-324-qa\\Riswan\\Tajalapak_com\\Reports\\20231002_133816\\TS-Search Product\\20231002_133817\\1696229112778.png, G:\\Project Xsis\\batch-324-qa\\Riswan\\Tajalapak_com\\Reports\\20231002_133816\\TS-Search Product\\20231002_133817\\1696229112943.png"/>
         <property name="hostName" value="Admin - Riswandha"/>
         <property name="os" value="Windows 10 64bit"/>
         <property name="katalonVersion" value="8.6.5.208"/>
         <property name="browser" value="Edge Chromium 117"/>
         <property name="hostAddress" value="10.9.2.39"/>
         <property name="sessionId" value="f02379b09cf2c2cd57b82af633bd0678"/>
         <property name="seleniumVersion" value="3.141.59"/>
         <property name="proxyInformation" value="ProxyInformation { proxyOption=NO_PROXY, proxyServerType=HTTP, username=, password=********, proxyServerAddress=, proxyServerPort=0, executionList=&quot;&quot;, isApplyToDesiredCapabilities=true }"/>
         <property name="platform" value="Windows 10"/>
      </properties>
      <testcase name="Test Cases/Search Product/TC-SP-001" time="42.887" classname="Test Cases/Search Product/TC-SP-001" status="PASSED">
         <system-out><![CDATA[2023-10-02 13:38:27 - [TEST_CASE][PASSED] - Test Cases/Search Product/TC-SP-001: Test Cases/Search Product/TC-SP-001

2023-10-02 13:38:27 - [TEST_STEP][PASSED] - openBrowser("https://10.9.2.63/ecommerce/"): Browser is opened with url: 'https://10.9.2.63/ecommerce/'

2023-10-02 13:38:27 - [MESSAGE][INFO] - Starting 'Edge Chromium' driver

2023-10-02 13:38:27 - [MESSAGE][INFO] - User set preference: ['acceptInsecureCerts', 'true']

2023-10-02 13:38:30 - [MESSAGE][INFO] - Action delay is set to 0 milliseconds

2023-10-02 13:39:06 - [MESSAGE][PASSED] - Browser is opened with url: 'https://10.9.2.63/ecommerce/'

2023-10-02 13:39:06 - [TEST_STEP][PASSED] - maximizeWindow(): Current window maximized

2023-10-02 13:39:06 - [MESSAGE][PASSED] - Current window maximized

2023-10-02 13:39:06 - [TEST_STEP][PASSED] - verifyElementPresent(findTestObject("Search Product/Verify Page Tajalapak"), 0): Object 'Object Repository/Search Product/Verify Page Tajalapak' is present

2023-10-02 13:39:06 - [MESSAGE][WARNING] - Timeout '0' is invalid. Using default page load timeout: '30'

2023-10-02 13:39:07 - [MESSAGE][PASSED] - Object 'Object Repository/Search Product/Verify Page Tajalapak' is present

2023-10-02 13:39:07 - [TEST_STEP][PASSED] - setText(findTestObject("Search Product/Input Product"), merk): Text 'Dell' is set on object 'Object Repository/Search Product/Input Product'

2023-10-02 13:39:08 - [MESSAGE][PASSED] - Text 'Dell' is set on object 'Object Repository/Search Product/Input Product'

2023-10-02 13:39:08 - [TEST_STEP][PASSED] - click(findTestObject("Search Product/button_Cari Product")): Object: 'Object Repository/Search Product/button_Cari Product' is clicked on

2023-10-02 13:39:09 - [MESSAGE][PASSED] - Object: 'Object Repository/Search Product/button_Cari Product' is clicked on

2023-10-02 13:39:09 - [TEST_STEP][PASSED] - merk_product = getText(findTestObject("Object Repository/Search Product/Laptop Merk Dell")): Text of object 'Object Repository/Search Product/Laptop Merk Dell' is: 'DELL Business Latitude 7290 (Core i7-8,..'

2023-10-02 13:39:09 - [MESSAGE][PASSED] - Text of object 'Object Repository/Search Product/Laptop Merk Dell' is: 'DELL Business Latitude 7290 (Core i7-8,..'

2023-10-02 13:39:09 - [TEST_STEP][PASSED] - merkLowercase = merk_product.toLowerCase(): null

2023-10-02 13:39:09 - [TEST_STEP][PASSED] - assert merkLowercase.contains(merk.toLowerCase()): null]]></system-out>
         <system-err><![CDATA[]]></system-err>
      </testcase>
      <testcase name="Test Cases/Search Product/TC-SP-002" time="10.681" classname="Test Cases/Search Product/TC-SP-002" status="PASSED">
         <system-out><![CDATA[2023-10-02 13:39:09 - [TEST_CASE][PASSED] - Test Cases/Search Product/TC-SP-002: Test Cases/Search Product/TC-SP-002

2023-10-02 13:39:10 - [TEST_STEP][PASSED] - openBrowser("https://10.9.2.63/ecommerce/"): Browser is opened with url: 'https://10.9.2.63/ecommerce/'

2023-10-02 13:39:10 - [MESSAGE][WARNING] - A browser is already opened. Closing browser and opening a new one

2023-10-02 13:39:11 - [MESSAGE][INFO] - Starting 'Edge Chromium' driver

2023-10-02 13:39:11 - [MESSAGE][INFO] - User set preference: ['acceptInsecureCerts', 'true']

2023-10-02 13:39:13 - [MESSAGE][INFO] - Action delay is set to 0 milliseconds

2023-10-02 13:39:16 - [MESSAGE][PASSED] - Browser is opened with url: 'https://10.9.2.63/ecommerce/'

2023-10-02 13:39:16 - [TEST_STEP][PASSED] - maximizeWindow(): Current window maximized

2023-10-02 13:39:17 - [MESSAGE][PASSED] - Current window maximized

2023-10-02 13:39:17 - [TEST_STEP][PASSED] - verifyElementPresent(findTestObject("Search Product/Verify Page Tajalapak"), 0): Object 'Object Repository/Search Product/Verify Page Tajalapak' is present

2023-10-02 13:39:17 - [MESSAGE][WARNING] - Timeout '0' is invalid. Using default page load timeout: '30'

2023-10-02 13:39:17 - [MESSAGE][PASSED] - Object 'Object Repository/Search Product/Verify Page Tajalapak' is present

2023-10-02 13:39:17 - [TEST_STEP][PASSED] - setText(findTestObject("Search Product/Input Product"), merk): Text 'a' is set on object 'Object Repository/Search Product/Input Product'

2023-10-02 13:39:18 - [MESSAGE][PASSED] - Text 'a' is set on object 'Object Repository/Search Product/Input Product'

2023-10-02 13:39:18 - [TEST_STEP][PASSED] - click(findTestObject("Search Product/button_Cari Product")): Object: 'Object Repository/Search Product/button_Cari Product' is clicked on

2023-10-02 13:39:19 - [MESSAGE][PASSED] - Object: 'Object Repository/Search Product/button_Cari Product' is clicked on

2023-10-02 13:39:19 - [TEST_STEP][PASSED] - dataList = findWebElements(findTestObject("Object Repository/Search Product/Semua nama Produk"), 10): null

2023-10-02 13:39:20 - [TEST_STEP][PASSED] - arrProdukName = []: null

2023-10-02 13:39:20 - [TEST_STEP][PASSED] - for ([i = 0, i < dataList.size(), (i++)]): null

2023-10-02 13:39:20 - [TEST_STEP][PASSED] - text = text: null

2023-10-02 13:39:20 - [TEST_STEP][PASSED] - arrProdukName[i] = text.toLowerCase(): null

2023-10-02 13:39:20 - [TEST_STEP][PASSED] - text = text: null

2023-10-02 13:39:20 - [TEST_STEP][PASSED] - arrProdukName[i] = text.toLowerCase(): null

2023-10-02 13:39:20 - [TEST_STEP][PASSED] - text = text: null

2023-10-02 13:39:20 - [TEST_STEP][PASSED] - arrProdukName[i] = text.toLowerCase(): null

2023-10-02 13:39:20 - [TEST_STEP][PASSED] - text = text: null

2023-10-02 13:39:20 - [TEST_STEP][PASSED] - arrProdukName[i] = text.toLowerCase(): null

2023-10-02 13:39:20 - [TEST_STEP][PASSED] - text = text: null

2023-10-02 13:39:20 - [TEST_STEP][PASSED] - arrProdukName[i] = text.toLowerCase(): null

2023-10-02 13:39:20 - [TEST_STEP][PASSED] - text = text: null

2023-10-02 13:39:20 - [TEST_STEP][PASSED] - arrProdukName[i] = text.toLowerCase(): null

2023-10-02 13:39:20 - [TEST_STEP][PASSED] - text = text: null

2023-10-02 13:39:20 - [TEST_STEP][PASSED] - arrProdukName[i] = text.toLowerCase(): null

2023-10-02 13:39:20 - [TEST_STEP][PASSED] - text = text: null

2023-10-02 13:39:20 - [TEST_STEP][PASSED] - arrProdukName[i] = text.toLowerCase(): null

2023-10-02 13:39:20 - [TEST_STEP][PASSED] - text = text: null

2023-10-02 13:39:20 - [TEST_STEP][PASSED] - arrProdukName[i] = text.toLowerCase(): null

2023-10-02 13:39:20 - [TEST_STEP][PASSED] - text = text: null

2023-10-02 13:39:20 - [TEST_STEP][PASSED] - arrProdukName[i] = text.toLowerCase(): null

2023-10-02 13:39:20 - [TEST_STEP][PASSED] - text = text: null

2023-10-02 13:39:20 - [TEST_STEP][PASSED] - arrProdukName[i] = text.toLowerCase(): null

2023-10-02 13:39:20 - [TEST_STEP][PASSED] - text = text: null

2023-10-02 13:39:20 - [TEST_STEP][PASSED] - arrProdukName[i] = text.toLowerCase(): null

2023-10-02 13:39:20 - [TEST_STEP][PASSED] - print(arrProdukName): null

2023-10-02 13:39:20 - [TEST_STEP][PASSED] - for ([i = 0, i < dataList.size(), (i++)]): null

2023-10-02 13:39:20 - [TEST_STEP][PASSED] - assert arrProdukName[i].contains(merk): null

2023-10-02 13:39:20 - [TEST_STEP][PASSED] - assert arrProdukName[i].contains(merk): null

2023-10-02 13:39:20 - [TEST_STEP][PASSED] - assert arrProdukName[i].contains(merk): null

2023-10-02 13:39:20 - [TEST_STEP][PASSED] - assert arrProdukName[i].contains(merk): null

2023-10-02 13:39:20 - [TEST_STEP][PASSED] - assert arrProdukName[i].contains(merk): null

2023-10-02 13:39:20 - [TEST_STEP][PASSED] - assert arrProdukName[i].contains(merk): null

2023-10-02 13:39:20 - [TEST_STEP][PASSED] - assert arrProdukName[i].contains(merk): null

2023-10-02 13:39:20 - [TEST_STEP][PASSED] - assert arrProdukName[i].contains(merk): null

2023-10-02 13:39:20 - [TEST_STEP][PASSED] - assert arrProdukName[i].contains(merk): null

2023-10-02 13:39:20 - [TEST_STEP][PASSED] - assert arrProdukName[i].contains(merk): null

2023-10-02 13:39:20 - [TEST_STEP][PASSED] - assert arrProdukName[i].contains(merk): null

2023-10-02 13:39:20 - [TEST_STEP][PASSED] - assert arrProdukName[i].contains(merk): null]]></system-out>
         <system-err><![CDATA[]]></system-err>
      </testcase>
      <testcase name="Test Cases/Search Product/TC-SP-003" time="15.231" classname="Test Cases/Search Product/TC-SP-003" status="FAILED">
         <failure type="FAILED" message="Test Cases/Search Product/TC-SP-003 FAILED.
Reason:
Assertion failed: 

assert arrProdukHarga[i] >= Double.parseDouble(Min)
       |             ||  |         |           |
       |             |0  false     5000.0      5000
       |             -988000.0
       [-988000.0, 11500.0, 6500.0, 6500.0, 5000.0, 10000.0, 8900.0, 6850.0, 9900.0, 7500.0, 7550.0, 7000.0]

	at TC-SP-003.run(TC-SP-003:46)
	at com.kms.katalon.core.main.ScriptEngine.run(ScriptEngine.java:194)
	at com.kms.katalon.core.main.ScriptEngine.runScriptAsRawText(ScriptEngine.java:119)
	at com.kms.katalon.core.main.TestCaseExecutor.runScript(TestCaseExecutor.java:448)
	at com.kms.katalon.core.main.TestCaseExecutor.doExecute(TestCaseExecutor.java:439)
	at com.kms.katalon.core.main.TestCaseExecutor.processExecutionPhase(TestCaseExecutor.java:418)
	at com.kms.katalon.core.main.TestCaseExecutor.accessMainPhase(TestCaseExecutor.java:410)
	at com.kms.katalon.core.main.TestCaseExecutor.execute(TestCaseExecutor.java:285)
	at com.kms.katalon.core.common.CommonExecutor.accessTestCaseMainPhase(CommonExecutor.java:65)
	at com.kms.katalon.core.main.TestSuiteExecutor.accessTestSuiteMainPhase(TestSuiteExecutor.java:148)
	at com.kms.katalon.core.main.TestSuiteExecutor.execute(TestSuiteExecutor.java:106)
	at com.kms.katalon.core.main.TestCaseMain.startTestSuite(TestCaseMain.java:187)
	at com.kms.katalon.core.main.TestCaseMain$startTestSuite$0.call(Unknown Source)
	at TempTestSuite1696228697970.run(TempTestSuite1696228697970.groovy:36)
"/>
         <system-out><![CDATA[2023-10-02 13:39:20 - [TEST_CASE][FAILED] - Test Cases/Search Product/TC-SP-003: Test Cases/Search Product/TC-SP-003 FAILED.
Reason:
Assertion failed: 

assert arrProdukHarga[i] >= Double.parseDouble(Min)
       |             ||  |         |           |
       |             |0  false     5000.0      5000
       |             -988000.0
       [-988000.0, 11500.0, 6500.0, 6500.0, 5000.0, 10000.0, 8900.0, 6850.0, 9900.0, 7500.0, 7550.0, 7000.0]

	at TC-SP-003.run(TC-SP-003:46)
	at com.kms.katalon.core.main.ScriptEngine.run(ScriptEngine.java:194)
	at com.kms.katalon.core.main.ScriptEngine.runScriptAsRawText(ScriptEngine.java:119)
	at com.kms.katalon.core.main.TestCaseExecutor.runScript(TestCaseExecutor.java:448)
	at com.kms.katalon.core.main.TestCaseExecutor.doExecute(TestCaseExecutor.java:439)
	at com.kms.katalon.core.main.TestCaseExecutor.processExecutionPhase(TestCaseExecutor.java:418)
	at com.kms.katalon.core.main.TestCaseExecutor.accessMainPhase(TestCaseExecutor.java:410)
	at com.kms.katalon.core.main.TestCaseExecutor.execute(TestCaseExecutor.java:285)
	at com.kms.katalon.core.common.CommonExecutor.accessTestCaseMainPhase(CommonExecutor.java:65)
	at com.kms.katalon.core.main.TestSuiteExecutor.accessTestSuiteMainPhase(TestSuiteExecutor.java:148)
	at com.kms.katalon.core.main.TestSuiteExecutor.execute(TestSuiteExecutor.java:106)
	at com.kms.katalon.core.main.TestCaseMain.startTestSuite(TestCaseMain.java:187)
	at com.kms.katalon.core.main.TestCaseMain$startTestSuite$0.call(Unknown Source)
	at TempTestSuite1696228697970.run(TempTestSuite1696228697970.groovy:36)


2023-10-02 13:39:21 - [TEST_STEP][PASSED] - callTestCase(findTestCase("Search Product/TC-SP-002"), ["merk":"a"], STOP_ON_FAILURE): Call Test Case 'Test Cases/Search Product/TC-SP-002' successfully

2023-10-02 13:39:21 - [TEST_CASE][PASSED] - Test Cases/Search Product/TC-SP-002: Test Cases/Search Product/TC-SP-002

2023-10-02 13:39:21 - [TEST_STEP][PASSED] - openBrowser("https://10.9.2.63/ecommerce/"): Browser is opened with url: 'https://10.9.2.63/ecommerce/'

2023-10-02 13:39:21 - [MESSAGE][WARNING] - A browser is already opened. Closing browser and opening a new one

2023-10-02 13:39:22 - [MESSAGE][INFO] - Starting 'Edge Chromium' driver

2023-10-02 13:39:22 - [MESSAGE][INFO] - User set preference: ['acceptInsecureCerts', 'true']

2023-10-02 13:39:24 - [MESSAGE][INFO] - Action delay is set to 0 milliseconds

2023-10-02 13:39:27 - [MESSAGE][PASSED] - Browser is opened with url: 'https://10.9.2.63/ecommerce/'

2023-10-02 13:39:27 - [TEST_STEP][PASSED] - maximizeWindow(): Current window maximized

2023-10-02 13:39:27 - [MESSAGE][PASSED] - Current window maximized

2023-10-02 13:39:27 - [TEST_STEP][PASSED] - verifyElementPresent(findTestObject("Search Product/Verify Page Tajalapak"), 0): Object 'Object Repository/Search Product/Verify Page Tajalapak' is present

2023-10-02 13:39:27 - [MESSAGE][WARNING] - Timeout '0' is invalid. Using default page load timeout: '30'

2023-10-02 13:39:28 - [MESSAGE][PASSED] - Object 'Object Repository/Search Product/Verify Page Tajalapak' is present

2023-10-02 13:39:28 - [TEST_STEP][PASSED] - setText(findTestObject("Search Product/Input Product"), merk): Text 'a' is set on object 'Object Repository/Search Product/Input Product'

2023-10-02 13:39:28 - [MESSAGE][PASSED] - Text 'a' is set on object 'Object Repository/Search Product/Input Product'

2023-10-02 13:39:28 - [TEST_STEP][PASSED] - click(findTestObject("Search Product/button_Cari Product")): Object: 'Object Repository/Search Product/button_Cari Product' is clicked on

2023-10-02 13:39:30 - [MESSAGE][PASSED] - Object: 'Object Repository/Search Product/button_Cari Product' is clicked on

2023-10-02 13:39:30 - [TEST_STEP][PASSED] - dataList = findWebElements(findTestObject("Object Repository/Search Product/Semua nama Produk"), 10): null

2023-10-02 13:39:30 - [TEST_STEP][PASSED] - arrProdukName = []: null

2023-10-02 13:39:30 - [TEST_STEP][PASSED] - for ([i = 0, i < dataList.size(), (i++)]): null

2023-10-02 13:39:30 - [TEST_STEP][PASSED] - text = text: null

2023-10-02 13:39:30 - [TEST_STEP][PASSED] - arrProdukName[i] = text.toLowerCase(): null

2023-10-02 13:39:30 - [TEST_STEP][PASSED] - text = text: null

2023-10-02 13:39:30 - [TEST_STEP][PASSED] - arrProdukName[i] = text.toLowerCase(): null

2023-10-02 13:39:30 - [TEST_STEP][PASSED] - text = text: null

2023-10-02 13:39:30 - [TEST_STEP][PASSED] - arrProdukName[i] = text.toLowerCase(): null

2023-10-02 13:39:30 - [TEST_STEP][PASSED] - text = text: null

2023-10-02 13:39:30 - [TEST_STEP][PASSED] - arrProdukName[i] = text.toLowerCase(): null

2023-10-02 13:39:30 - [TEST_STEP][PASSED] - text = text: null

2023-10-02 13:39:30 - [TEST_STEP][PASSED] - arrProdukName[i] = text.toLowerCase(): null

2023-10-02 13:39:30 - [TEST_STEP][PASSED] - text = text: null

2023-10-02 13:39:30 - [TEST_STEP][PASSED] - arrProdukName[i] = text.toLowerCase(): null

2023-10-02 13:39:30 - [TEST_STEP][PASSED] - text = text: null

2023-10-02 13:39:30 - [TEST_STEP][PASSED] - arrProdukName[i] = text.toLowerCase(): null

2023-10-02 13:39:30 - [TEST_STEP][PASSED] - text = text: null

2023-10-02 13:39:30 - [TEST_STEP][PASSED] - arrProdukName[i] = text.toLowerCase(): null

2023-10-02 13:39:30 - [TEST_STEP][PASSED] - text = text: null

2023-10-02 13:39:30 - [TEST_STEP][PASSED] - arrProdukName[i] = text.toLowerCase(): null

2023-10-02 13:39:30 - [TEST_STEP][PASSED] - text = text: null

2023-10-02 13:39:30 - [TEST_STEP][PASSED] - arrProdukName[i] = text.toLowerCase(): null

2023-10-02 13:39:30 - [TEST_STEP][PASSED] - text = text: null

2023-10-02 13:39:30 - [TEST_STEP][PASSED] - arrProdukName[i] = text.toLowerCase(): null

2023-10-02 13:39:30 - [TEST_STEP][PASSED] - text = text: null

2023-10-02 13:39:30 - [TEST_STEP][PASSED] - arrProdukName[i] = text.toLowerCase(): null

2023-10-02 13:39:30 - [TEST_STEP][PASSED] - print(arrProdukName): null

2023-10-02 13:39:30 - [TEST_STEP][PASSED] - for ([i = 0, i < dataList.size(), (i++)]): null

2023-10-02 13:39:30 - [TEST_STEP][PASSED] - assert arrProdukName[i].contains(merk): null

2023-10-02 13:39:30 - [TEST_STEP][PASSED] - assert arrProdukName[i].contains(merk): null

2023-10-02 13:39:30 - [TEST_STEP][PASSED] - assert arrProdukName[i].contains(merk): null

2023-10-02 13:39:30 - [TEST_STEP][PASSED] - assert arrProdukName[i].contains(merk): null

2023-10-02 13:39:30 - [TEST_STEP][PASSED] - assert arrProdukName[i].contains(merk): null

2023-10-02 13:39:30 - [TEST_STEP][PASSED] - assert arrProdukName[i].contains(merk): null

2023-10-02 13:39:30 - [TEST_STEP][PASSED] - assert arrProdukName[i].contains(merk): null

2023-10-02 13:39:30 - [TEST_STEP][PASSED] - assert arrProdukName[i].contains(merk): null

2023-10-02 13:39:30 - [TEST_STEP][PASSED] - assert arrProdukName[i].contains(merk): null

2023-10-02 13:39:30 - [TEST_STEP][PASSED] - assert arrProdukName[i].contains(merk): null

2023-10-02 13:39:30 - [TEST_STEP][PASSED] - assert arrProdukName[i].contains(merk): null

2023-10-02 13:39:30 - [TEST_STEP][PASSED] - assert arrProdukName[i].contains(merk): null

2023-10-02 13:39:30 - [MESSAGE][PASSED] - Call Test Case 'Test Cases/Search Product/TC-SP-002' successfully

2023-10-02 13:39:30 - [TEST_STEP][PASSED] - setText(findTestObject("Search Product/input_Filter Produk_dari"), Min): Text '5000' is set on object 'Object Repository/Search Product/input_Filter Produk_dari'

2023-10-02 13:39:32 - [MESSAGE][PASSED] - Text '5000' is set on object 'Object Repository/Search Product/input_Filter Produk_dari'

2023-10-02 13:39:32 - [TEST_STEP][PASSED] - setText(findTestObject("Search Product/input_Filter Produk_sampai"), Max): Text '10000' is set on object 'Object Repository/Search Product/input_Filter Produk_sampai'

2023-10-02 13:39:33 - [MESSAGE][PASSED] - Text '10000' is set on object 'Object Repository/Search Product/input_Filter Produk_sampai'

2023-10-02 13:39:33 - [TEST_STEP][PASSED] - click(findTestObject("Search Product/button_Tampilkan product dari sampai")): Object: 'Object Repository/Search Product/button_Tampilkan product dari sampai' is clicked on

2023-10-02 13:39:35 - [MESSAGE][PASSED] - Object: 'Object Repository/Search Product/button_Tampilkan product dari sampai' is clicked on

2023-10-02 13:39:35 - [TEST_STEP][PASSED] - dataList = findWebElements(findTestObject("Object Repository/Search Product/Harga Semua Product"), 10): null

2023-10-02 13:39:35 - [TEST_STEP][PASSED] - arrProdukHarga = []: null

2023-10-02 13:39:35 - [TEST_STEP][PASSED] - for ([i = 0, i < dataList.size(), (i++)]): null

2023-10-02 13:39:35 - [TEST_STEP][PASSED] - text = text: null

2023-10-02 13:39:35 - [TEST_STEP][PASSED] - product = text.split(" "): null

2023-10-02 13:39:35 - [TEST_STEP][PASSED] - arrProdukHarga[i] = Double.parseDouble(product[1].replace(",", "")): null

2023-10-02 13:39:35 - [TEST_STEP][PASSED] - text = text: null

2023-10-02 13:39:35 - [TEST_STEP][PASSED] - product = text.split(" "): null

2023-10-02 13:39:35 - [TEST_STEP][PASSED] - arrProdukHarga[i] = Double.parseDouble(product[1].replace(",", "")): null

2023-10-02 13:39:35 - [TEST_STEP][PASSED] - text = text: null

2023-10-02 13:39:35 - [TEST_STEP][PASSED] - product = text.split(" "): null

2023-10-02 13:39:35 - [TEST_STEP][PASSED] - arrProdukHarga[i] = Double.parseDouble(product[1].replace(",", "")): null

2023-10-02 13:39:35 - [TEST_STEP][PASSED] - text = text: null

2023-10-02 13:39:35 - [TEST_STEP][PASSED] - product = text.split(" "): null

2023-10-02 13:39:35 - [TEST_STEP][PASSED] - arrProdukHarga[i] = Double.parseDouble(product[1].replace(",", "")): null

2023-10-02 13:39:35 - [TEST_STEP][PASSED] - text = text: null

2023-10-02 13:39:35 - [TEST_STEP][PASSED] - product = text.split(" "): null

2023-10-02 13:39:35 - [TEST_STEP][PASSED] - arrProdukHarga[i] = Double.parseDouble(product[1].replace(",", "")): null

2023-10-02 13:39:35 - [TEST_STEP][PASSED] - text = text: null

2023-10-02 13:39:35 - [TEST_STEP][PASSED] - product = text.split(" "): null

2023-10-02 13:39:35 - [TEST_STEP][PASSED] - arrProdukHarga[i] = Double.parseDouble(product[1].replace(",", "")): null

2023-10-02 13:39:35 - [TEST_STEP][PASSED] - text = text: null

2023-10-02 13:39:35 - [TEST_STEP][PASSED] - product = text.split(" "): null

2023-10-02 13:39:35 - [TEST_STEP][PASSED] - arrProdukHarga[i] = Double.parseDouble(product[1].replace(",", "")): null

2023-10-02 13:39:35 - [TEST_STEP][PASSED] - text = text: null

2023-10-02 13:39:35 - [TEST_STEP][PASSED] - product = text.split(" "): null

2023-10-02 13:39:35 - [TEST_STEP][PASSED] - arrProdukHarga[i] = Double.parseDouble(product[1].replace(",", "")): null

2023-10-02 13:39:35 - [TEST_STEP][PASSED] - text = text: null

2023-10-02 13:39:35 - [TEST_STEP][PASSED] - product = text.split(" "): null

2023-10-02 13:39:35 - [TEST_STEP][PASSED] - arrProdukHarga[i] = Double.parseDouble(product[1].replace(",", "")): null

2023-10-02 13:39:35 - [TEST_STEP][PASSED] - text = text: null

2023-10-02 13:39:35 - [TEST_STEP][PASSED] - product = text.split(" "): null

2023-10-02 13:39:35 - [TEST_STEP][PASSED] - arrProdukHarga[i] = Double.parseDouble(product[1].replace(",", "")): null

2023-10-02 13:39:35 - [TEST_STEP][PASSED] - text = text: null

2023-10-02 13:39:35 - [TEST_STEP][PASSED] - product = text.split(" "): null

2023-10-02 13:39:35 - [TEST_STEP][PASSED] - arrProdukHarga[i] = Double.parseDouble(product[1].replace(",", "")): null

2023-10-02 13:39:35 - [TEST_STEP][PASSED] - text = text: null

2023-10-02 13:39:35 - [TEST_STEP][PASSED] - product = text.split(" "): null

2023-10-02 13:39:35 - [TEST_STEP][PASSED] - arrProdukHarga[i] = Double.parseDouble(product[1].replace(",", "")): null

2023-10-02 13:39:35 - [TEST_STEP][FAILED] - for ([i = 0, i < dataList.size(), (i++)]): Test Cases/Search Product/TC-SP-003 FAILED.
Reason:
Assertion failed: 

assert arrProdukHarga[i] >= Double.parseDouble(Min)
       |             ||  |         |           |
       |             |0  false     5000.0      5000
       |             -988000.0
       [-988000.0, 11500.0, 6500.0, 6500.0, 5000.0, 10000.0, 8900.0, 6850.0, 9900.0, 7500.0, 7550.0, 7000.0]

	at TC-SP-003.run(TC-SP-003:46)
	at com.kms.katalon.core.main.ScriptEngine.run(ScriptEngine.java:194)
	at com.kms.katalon.core.main.ScriptEngine.runScriptAsRawText(ScriptEngine.java:119)
	at com.kms.katalon.core.main.TestCaseExecutor.runScript(TestCaseExecutor.java:448)
	at com.kms.katalon.core.main.TestCaseExecutor.doExecute(TestCaseExecutor.java:439)
	at com.kms.katalon.core.main.TestCaseExecutor.processExecutionPhase(TestCaseExecutor.java:418)
	at com.kms.katalon.core.main.TestCaseExecutor.accessMainPhase(TestCaseExecutor.java:410)
	at com.kms.katalon.core.main.TestCaseExecutor.execute(TestCaseExecutor.java:285)
	at com.kms.katalon.core.common.CommonExecutor.accessTestCaseMainPhase(CommonExecutor.java:65)
	at com.kms.katalon.core.main.TestSuiteExecutor.accessTestSuiteMainPhase(TestSuiteExecutor.java:148)
	at com.kms.katalon.core.main.TestSuiteExecutor.execute(TestSuiteExecutor.java:106)
	at com.kms.katalon.core.main.TestCaseMain.startTestSuite(TestCaseMain.java:187)
	at com.kms.katalon.core.main.TestCaseMain$startTestSuite$0.call(Unknown Source)
	at TempTestSuite1696228697970.run(TempTestSuite1696228697970.groovy:36)


2023-10-02 13:39:35 - [TEST_STEP][FAILED] - assert arrProdukHarga[i] >= Double.parseDouble(Min): Test Cases/Search Product/TC-SP-003 FAILED.
Reason:
Assertion failed: 

assert arrProdukHarga[i] >= Double.parseDouble(Min)
       |             ||  |         |           |
       |             |0  false     5000.0      5000
       |             -988000.0
       [-988000.0, 11500.0, 6500.0, 6500.0, 5000.0, 10000.0, 8900.0, 6850.0, 9900.0, 7500.0, 7550.0, 7000.0]

	at TC-SP-003.run(TC-SP-003:46)
	at com.kms.katalon.core.main.ScriptEngine.run(ScriptEngine.java:194)
	at com.kms.katalon.core.main.ScriptEngine.runScriptAsRawText(ScriptEngine.java:119)
	at com.kms.katalon.core.main.TestCaseExecutor.runScript(TestCaseExecutor.java:448)
	at com.kms.katalon.core.main.TestCaseExecutor.doExecute(TestCaseExecutor.java:439)
	at com.kms.katalon.core.main.TestCaseExecutor.processExecutionPhase(TestCaseExecutor.java:418)
	at com.kms.katalon.core.main.TestCaseExecutor.accessMainPhase(TestCaseExecutor.java:410)
	at com.kms.katalon.core.main.TestCaseExecutor.execute(TestCaseExecutor.java:285)
	at com.kms.katalon.core.common.CommonExecutor.accessTestCaseMainPhase(CommonExecutor.java:65)
	at com.kms.katalon.core.main.TestSuiteExecutor.accessTestSuiteMainPhase(TestSuiteExecutor.java:148)
	at com.kms.katalon.core.main.TestSuiteExecutor.execute(TestSuiteExecutor.java:106)
	at com.kms.katalon.core.main.TestCaseMain.startTestSuite(TestCaseMain.java:187)
	at com.kms.katalon.core.main.TestCaseMain$startTestSuite$0.call(Unknown Source)
	at TempTestSuite1696228697970.run(TempTestSuite1696228697970.groovy:36)


2023-10-02 13:39:35 - [MESSAGE][FAILED] - Test Cases/Search Product/TC-SP-003 FAILED.
Reason:
Assertion failed: 

assert arrProdukHarga[i] >= Double.parseDouble(Min)
       |             ||  |         |           |
       |             |0  false     5000.0      5000
       |             -988000.0
       [-988000.0, 11500.0, 6500.0, 6500.0, 5000.0, 10000.0, 8900.0, 6850.0, 9900.0, 7500.0, 7550.0, 7000.0]

	at TC-SP-003.run(TC-SP-003:46)
	at com.kms.katalon.core.main.ScriptEngine.run(ScriptEngine.java:194)
	at com.kms.katalon.core.main.ScriptEngine.runScriptAsRawText(ScriptEngine.java:119)
	at com.kms.katalon.core.main.TestCaseExecutor.runScript(TestCaseExecutor.java:448)
	at com.kms.katalon.core.main.TestCaseExecutor.doExecute(TestCaseExecutor.java:439)
	at com.kms.katalon.core.main.TestCaseExecutor.processExecutionPhase(TestCaseExecutor.java:418)
	at com.kms.katalon.core.main.TestCaseExecutor.accessMainPhase(TestCaseExecutor.java:410)
	at com.kms.katalon.core.main.TestCaseExecutor.execute(TestCaseExecutor.java:285)
	at com.kms.katalon.core.common.CommonExecutor.accessTestCaseMainPhase(CommonExecutor.java:65)
	at com.kms.katalon.core.main.TestSuiteExecutor.accessTestSuiteMainPhase(TestSuiteExecutor.java:148)
	at com.kms.katalon.core.main.TestSuiteExecutor.execute(TestSuiteExecutor.java:106)
	at com.kms.katalon.core.main.TestCaseMain.startTestSuite(TestCaseMain.java:187)
	at com.kms.katalon.core.main.TestCaseMain$startTestSuite$0.call(Unknown Source)
	at TempTestSuite1696228697970.run(TempTestSuite1696228697970.groovy:36)]]></system-out>
         <system-err><![CDATA[2023-10-02 13:39:20 - [TEST_CASE][FAILED] - Test Cases/Search Product/TC-SP-003: Test Cases/Search Product/TC-SP-003 FAILED.
Reason:
Assertion failed: 

assert arrProdukHarga[i] >= Double.parseDouble(Min)
       |             ||  |         |           |
       |             |0  false     5000.0      5000
       |             -988000.0
       [-988000.0, 11500.0, 6500.0, 6500.0, 5000.0, 10000.0, 8900.0, 6850.0, 9900.0, 7500.0, 7550.0, 7000.0]

	at TC-SP-003.run(TC-SP-003:46)
	at com.kms.katalon.core.main.ScriptEngine.run(ScriptEngine.java:194)
	at com.kms.katalon.core.main.ScriptEngine.runScriptAsRawText(ScriptEngine.java:119)
	at com.kms.katalon.core.main.TestCaseExecutor.runScript(TestCaseExecutor.java:448)
	at com.kms.katalon.core.main.TestCaseExecutor.doExecute(TestCaseExecutor.java:439)
	at com.kms.katalon.core.main.TestCaseExecutor.processExecutionPhase(TestCaseExecutor.java:418)
	at com.kms.katalon.core.main.TestCaseExecutor.accessMainPhase(TestCaseExecutor.java:410)
	at com.kms.katalon.core.main.TestCaseExecutor.execute(TestCaseExecutor.java:285)
	at com.kms.katalon.core.common.CommonExecutor.accessTestCaseMainPhase(CommonExecutor.java:65)
	at com.kms.katalon.core.main.TestSuiteExecutor.accessTestSuiteMainPhase(TestSuiteExecutor.java:148)
	at com.kms.katalon.core.main.TestSuiteExecutor.execute(TestSuiteExecutor.java:106)
	at com.kms.katalon.core.main.TestCaseMain.startTestSuite(TestCaseMain.java:187)
	at com.kms.katalon.core.main.TestCaseMain$startTestSuite$0.call(Unknown Source)
	at TempTestSuite1696228697970.run(TempTestSuite1696228697970.groovy:36)]]></system-err>
      </testcase>
      <testcase name="Test Cases/Search Product/TC-SP-004" time="19.267" classname="Test Cases/Search Product/TC-SP-004" status="PASSED">
         <system-out><![CDATA[2023-10-02 13:39:35 - [TEST_CASE][PASSED] - Test Cases/Search Product/TC-SP-004: Test Cases/Search Product/TC-SP-004

2023-10-02 13:39:36 - [TEST_STEP][PASSED] - callTestCase(findTestCase("Search Product/TC-SP-002"), ["merk":"a"], STOP_ON_FAILURE): Call Test Case 'Test Cases/Search Product/TC-SP-002' successfully

2023-10-02 13:39:36 - [TEST_CASE][PASSED] - Test Cases/Search Product/TC-SP-002: Test Cases/Search Product/TC-SP-002

2023-10-02 13:39:36 - [TEST_STEP][PASSED] - openBrowser("https://10.9.2.63/ecommerce/"): Browser is opened with url: 'https://10.9.2.63/ecommerce/'

2023-10-02 13:39:36 - [MESSAGE][WARNING] - A browser is already opened. Closing browser and opening a new one

2023-10-02 13:39:37 - [MESSAGE][INFO] - Starting 'Edge Chromium' driver

2023-10-02 13:39:37 - [MESSAGE][INFO] - User set preference: ['acceptInsecureCerts', 'true']

2023-10-02 13:39:39 - [MESSAGE][INFO] - Action delay is set to 0 milliseconds

2023-10-02 13:39:43 - [MESSAGE][PASSED] - Browser is opened with url: 'https://10.9.2.63/ecommerce/'

2023-10-02 13:39:43 - [TEST_STEP][PASSED] - maximizeWindow(): Current window maximized

2023-10-02 13:39:43 - [MESSAGE][PASSED] - Current window maximized

2023-10-02 13:39:43 - [TEST_STEP][PASSED] - verifyElementPresent(findTestObject("Search Product/Verify Page Tajalapak"), 0): Object 'Object Repository/Search Product/Verify Page Tajalapak' is present

2023-10-02 13:39:43 - [MESSAGE][WARNING] - Timeout '0' is invalid. Using default page load timeout: '30'

2023-10-02 13:39:44 - [MESSAGE][PASSED] - Object 'Object Repository/Search Product/Verify Page Tajalapak' is present

2023-10-02 13:39:44 - [TEST_STEP][PASSED] - setText(findTestObject("Search Product/Input Product"), merk): Text 'a' is set on object 'Object Repository/Search Product/Input Product'

2023-10-02 13:39:45 - [MESSAGE][PASSED] - Text 'a' is set on object 'Object Repository/Search Product/Input Product'

2023-10-02 13:39:45 - [TEST_STEP][PASSED] - click(findTestObject("Search Product/button_Cari Product")): Object: 'Object Repository/Search Product/button_Cari Product' is clicked on

2023-10-02 13:39:46 - [MESSAGE][PASSED] - Object: 'Object Repository/Search Product/button_Cari Product' is clicked on

2023-10-02 13:39:46 - [TEST_STEP][PASSED] - dataList = findWebElements(findTestObject("Object Repository/Search Product/Semua nama Produk"), 10): null

2023-10-02 13:39:46 - [TEST_STEP][PASSED] - arrProdukName = []: null

2023-10-02 13:39:46 - [TEST_STEP][PASSED] - for ([i = 0, i < dataList.size(), (i++)]): null

2023-10-02 13:39:46 - [TEST_STEP][PASSED] - text = text: null

2023-10-02 13:39:46 - [TEST_STEP][PASSED] - arrProdukName[i] = text.toLowerCase(): null

2023-10-02 13:39:46 - [TEST_STEP][PASSED] - text = text: null

2023-10-02 13:39:46 - [TEST_STEP][PASSED] - arrProdukName[i] = text.toLowerCase(): null

2023-10-02 13:39:46 - [TEST_STEP][PASSED] - text = text: null

2023-10-02 13:39:46 - [TEST_STEP][PASSED] - arrProdukName[i] = text.toLowerCase(): null

2023-10-02 13:39:46 - [TEST_STEP][PASSED] - text = text: null

2023-10-02 13:39:47 - [TEST_STEP][PASSED] - arrProdukName[i] = text.toLowerCase(): null

2023-10-02 13:39:47 - [TEST_STEP][PASSED] - text = text: null

2023-10-02 13:39:47 - [TEST_STEP][PASSED] - arrProdukName[i] = text.toLowerCase(): null

2023-10-02 13:39:47 - [TEST_STEP][PASSED] - text = text: null

2023-10-02 13:39:47 - [TEST_STEP][PASSED] - arrProdukName[i] = text.toLowerCase(): null

2023-10-02 13:39:47 - [TEST_STEP][PASSED] - text = text: null

2023-10-02 13:39:47 - [TEST_STEP][PASSED] - arrProdukName[i] = text.toLowerCase(): null

2023-10-02 13:39:47 - [TEST_STEP][PASSED] - text = text: null

2023-10-02 13:39:47 - [TEST_STEP][PASSED] - arrProdukName[i] = text.toLowerCase(): null

2023-10-02 13:39:47 - [TEST_STEP][PASSED] - text = text: null

2023-10-02 13:39:47 - [TEST_STEP][PASSED] - arrProdukName[i] = text.toLowerCase(): null

2023-10-02 13:39:47 - [TEST_STEP][PASSED] - text = text: null

2023-10-02 13:39:47 - [TEST_STEP][PASSED] - arrProdukName[i] = text.toLowerCase(): null

2023-10-02 13:39:47 - [TEST_STEP][PASSED] - text = text: null

2023-10-02 13:39:47 - [TEST_STEP][PASSED] - arrProdukName[i] = text.toLowerCase(): null

2023-10-02 13:39:47 - [TEST_STEP][PASSED] - text = text: null

2023-10-02 13:39:47 - [TEST_STEP][PASSED] - arrProdukName[i] = text.toLowerCase(): null

2023-10-02 13:39:47 - [TEST_STEP][PASSED] - print(arrProdukName): null

2023-10-02 13:39:47 - [TEST_STEP][PASSED] - for ([i = 0, i < dataList.size(), (i++)]): null

2023-10-02 13:39:47 - [TEST_STEP][PASSED] - assert arrProdukName[i].contains(merk): null

2023-10-02 13:39:47 - [TEST_STEP][PASSED] - assert arrProdukName[i].contains(merk): null

2023-10-02 13:39:47 - [TEST_STEP][PASSED] - assert arrProdukName[i].contains(merk): null

2023-10-02 13:39:47 - [TEST_STEP][PASSED] - assert arrProdukName[i].contains(merk): null

2023-10-02 13:39:47 - [TEST_STEP][PASSED] - assert arrProdukName[i].contains(merk): null

2023-10-02 13:39:47 - [TEST_STEP][PASSED] - assert arrProdukName[i].contains(merk): null

2023-10-02 13:39:47 - [TEST_STEP][PASSED] - assert arrProdukName[i].contains(merk): null

2023-10-02 13:39:47 - [TEST_STEP][PASSED] - assert arrProdukName[i].contains(merk): null

2023-10-02 13:39:47 - [TEST_STEP][PASSED] - assert arrProdukName[i].contains(merk): null

2023-10-02 13:39:47 - [TEST_STEP][PASSED] - assert arrProdukName[i].contains(merk): null

2023-10-02 13:39:47 - [TEST_STEP][PASSED] - assert arrProdukName[i].contains(merk): null

2023-10-02 13:39:47 - [TEST_STEP][PASSED] - assert arrProdukName[i].contains(merk): null

2023-10-02 13:39:47 - [MESSAGE][PASSED] - Call Test Case 'Test Cases/Search Product/TC-SP-002' successfully

2023-10-02 13:39:47 - [TEST_STEP][PASSED] - setText(findTestObject("Search Product/input_Filter Produk_dari"), "5000"): Text '5000' is set on object 'Object Repository/Search Product/input_Filter Produk_dari'

2023-10-02 13:39:48 - [MESSAGE][PASSED] - Text '5000' is set on object 'Object Repository/Search Product/input_Filter Produk_dari'

2023-10-02 13:39:48 - [TEST_STEP][PASSED] - setText(findTestObject("Search Product/input_Filter Produk_sampai"), "10000"): Text '10000' is set on object 'Object Repository/Search Product/input_Filter Produk_sampai'

2023-10-02 13:39:49 - [MESSAGE][PASSED] - Text '10000' is set on object 'Object Repository/Search Product/input_Filter Produk_sampai'

2023-10-02 13:39:49 - [TEST_STEP][PASSED] - click(findTestObject("Search Product/button_Tampilkan product dari sampai")): Object: 'Object Repository/Search Product/button_Tampilkan product dari sampai' is clicked on

2023-10-02 13:39:50 - [MESSAGE][PASSED] - Object: 'Object Repository/Search Product/button_Tampilkan product dari sampai' is clicked on

2023-10-02 13:39:50 - [TEST_STEP][PASSED] - setText(findTestObject("Search Product/input_Filter Produk_dari"), Min): Text '4000' is set on object 'Object Repository/Search Product/input_Filter Produk_dari'

2023-10-02 13:39:52 - [MESSAGE][PASSED] - Text '4000' is set on object 'Object Repository/Search Product/input_Filter Produk_dari'

2023-10-02 13:39:52 - [TEST_STEP][PASSED] - setText(findTestObject("Search Product/input_Filter Produk_sampai"), Max): Text '9000' is set on object 'Object Repository/Search Product/input_Filter Produk_sampai'

2023-10-02 13:39:53 - [MESSAGE][PASSED] - Text '9000' is set on object 'Object Repository/Search Product/input_Filter Produk_sampai'

2023-10-02 13:39:53 - [TEST_STEP][PASSED] - click(findTestObject("Search Product/button_Tampilkan product dari sampai")): Object: 'Object Repository/Search Product/button_Tampilkan product dari sampai' is clicked on

2023-10-02 13:39:54 - [MESSAGE][PASSED] - Object: 'Object Repository/Search Product/button_Tampilkan product dari sampai' is clicked on

2023-10-02 13:39:54 - [TEST_STEP][PASSED] - dataList = findWebElements(findTestObject("Object Repository/Search Product/Harga Semua Product"), 10): null

2023-10-02 13:39:55 - [TEST_STEP][PASSED] - arrProdukHarga = []: null

2023-10-02 13:39:55 - [TEST_STEP][PASSED] - for ([i = 0, i < dataList.size(), (i++)]): null

2023-10-02 13:39:55 - [TEST_STEP][PASSED] - text = text: null

2023-10-02 13:39:55 - [TEST_STEP][PASSED] - product = text.split(" "): null

2023-10-02 13:39:55 - [TEST_STEP][PASSED] - arrProdukHarga[i] = Double.parseDouble(product[1].replace(",", "")): null

2023-10-02 13:39:55 - [TEST_STEP][PASSED] - text = text: null

2023-10-02 13:39:55 - [TEST_STEP][PASSED] - product = text.split(" "): null

2023-10-02 13:39:55 - [TEST_STEP][PASSED] - arrProdukHarga[i] = Double.parseDouble(product[1].replace(",", "")): null

2023-10-02 13:39:55 - [TEST_STEP][PASSED] - text = text: null

2023-10-02 13:39:55 - [TEST_STEP][PASSED] - product = text.split(" "): null

2023-10-02 13:39:55 - [TEST_STEP][PASSED] - arrProdukHarga[i] = Double.parseDouble(product[1].replace(",", "")): null

2023-10-02 13:39:55 - [TEST_STEP][PASSED] - text = text: null

2023-10-02 13:39:55 - [TEST_STEP][PASSED] - product = text.split(" "): null

2023-10-02 13:39:55 - [TEST_STEP][PASSED] - arrProdukHarga[i] = Double.parseDouble(product[1].replace(",", "")): null

2023-10-02 13:39:55 - [TEST_STEP][PASSED] - text = text: null

2023-10-02 13:39:55 - [TEST_STEP][PASSED] - product = text.split(" "): null

2023-10-02 13:39:55 - [TEST_STEP][PASSED] - arrProdukHarga[i] = Double.parseDouble(product[1].replace(",", "")): null

2023-10-02 13:39:55 - [TEST_STEP][PASSED] - text = text: null

2023-10-02 13:39:55 - [TEST_STEP][PASSED] - product = text.split(" "): null

2023-10-02 13:39:55 - [TEST_STEP][PASSED] - arrProdukHarga[i] = Double.parseDouble(product[1].replace(",", "")): null

2023-10-02 13:39:55 - [TEST_STEP][PASSED] - text = text: null

2023-10-02 13:39:55 - [TEST_STEP][PASSED] - product = text.split(" "): null

2023-10-02 13:39:55 - [TEST_STEP][PASSED] - arrProdukHarga[i] = Double.parseDouble(product[1].replace(",", "")): null

2023-10-02 13:39:55 - [TEST_STEP][PASSED] - text = text: null

2023-10-02 13:39:55 - [TEST_STEP][PASSED] - product = text.split(" "): null

2023-10-02 13:39:55 - [TEST_STEP][PASSED] - arrProdukHarga[i] = Double.parseDouble(product[1].replace(",", "")): null

2023-10-02 13:39:55 - [TEST_STEP][PASSED] - for ([i = 0, i < dataList.size(), (i++)]): null

2023-10-02 13:39:55 - [TEST_STEP][PASSED] - assert arrProdukHarga[i] >= Double.parseDouble(Min): null

2023-10-02 13:39:55 - [TEST_STEP][PASSED] - assert arrProdukHarga[i] <= Double.parseDouble(Max): null

2023-10-02 13:39:55 - [TEST_STEP][PASSED] - assert arrProdukHarga[i] >= Double.parseDouble(Min): null

2023-10-02 13:39:55 - [TEST_STEP][PASSED] - assert arrProdukHarga[i] <= Double.parseDouble(Max): null

2023-10-02 13:39:55 - [TEST_STEP][PASSED] - assert arrProdukHarga[i] >= Double.parseDouble(Min): null

2023-10-02 13:39:55 - [TEST_STEP][PASSED] - assert arrProdukHarga[i] <= Double.parseDouble(Max): null

2023-10-02 13:39:55 - [TEST_STEP][PASSED] - assert arrProdukHarga[i] >= Double.parseDouble(Min): null

2023-10-02 13:39:55 - [TEST_STEP][PASSED] - assert arrProdukHarga[i] <= Double.parseDouble(Max): null

2023-10-02 13:39:55 - [TEST_STEP][PASSED] - assert arrProdukHarga[i] >= Double.parseDouble(Min): null

2023-10-02 13:39:55 - [TEST_STEP][PASSED] - assert arrProdukHarga[i] <= Double.parseDouble(Max): null

2023-10-02 13:39:55 - [TEST_STEP][PASSED] - assert arrProdukHarga[i] >= Double.parseDouble(Min): null

2023-10-02 13:39:55 - [TEST_STEP][PASSED] - assert arrProdukHarga[i] <= Double.parseDouble(Max): null

2023-10-02 13:39:55 - [TEST_STEP][PASSED] - assert arrProdukHarga[i] >= Double.parseDouble(Min): null

2023-10-02 13:39:55 - [TEST_STEP][PASSED] - assert arrProdukHarga[i] <= Double.parseDouble(Max): null

2023-10-02 13:39:55 - [TEST_STEP][PASSED] - assert arrProdukHarga[i] >= Double.parseDouble(Min): null

2023-10-02 13:39:55 - [TEST_STEP][PASSED] - assert arrProdukHarga[i] <= Double.parseDouble(Max): null]]></system-out>
         <system-err><![CDATA[]]></system-err>
      </testcase>
      <testcase name="Test Cases/Search Product/TC-SP-005" time="14.544" classname="Test Cases/Search Product/TC-SP-005" status="FAILED">
         <failure type="FAILED" message="Test Cases/Search Product/TC-SP-005 FAILED.
Reason:
Assertion failed: 

assert arrProdukHargaOri == arrProdukHargaSort
       |                 |  |
       |                 |  [0.0, 0.0, 0.0, 0.0, 0.0, 0.0, 0.0, 0.0, 0.0, 123.0, 1213.0, 12133.0]
       |                 false
       [0.0, 1213.0, 12133.0, 123.0, 0.0, 0.0, 0.0, 0.0, 0.0, 0.0, 0.0, 0.0]

	at TC-SP-005.run(TC-SP-005:46)
	at com.kms.katalon.core.main.ScriptEngine.run(ScriptEngine.java:194)
	at com.kms.katalon.core.main.ScriptEngine.runScriptAsRawText(ScriptEngine.java:119)
	at com.kms.katalon.core.main.TestCaseExecutor.runScript(TestCaseExecutor.java:448)
	at com.kms.katalon.core.main.TestCaseExecutor.doExecute(TestCaseExecutor.java:439)
	at com.kms.katalon.core.main.TestCaseExecutor.processExecutionPhase(TestCaseExecutor.java:418)
	at com.kms.katalon.core.main.TestCaseExecutor.accessMainPhase(TestCaseExecutor.java:410)
	at com.kms.katalon.core.main.TestCaseExecutor.execute(TestCaseExecutor.java:285)
	at com.kms.katalon.core.common.CommonExecutor.accessTestCaseMainPhase(CommonExecutor.java:65)
	at com.kms.katalon.core.main.TestSuiteExecutor.accessTestSuiteMainPhase(TestSuiteExecutor.java:148)
	at com.kms.katalon.core.main.TestSuiteExecutor.execute(TestSuiteExecutor.java:106)
	at com.kms.katalon.core.main.TestCaseMain.startTestSuite(TestCaseMain.java:187)
	at com.kms.katalon.core.main.TestCaseMain$startTestSuite$0.call(Unknown Source)
	at TempTestSuite1696228697970.run(TempTestSuite1696228697970.groovy:36)
"/>
         <system-out><![CDATA[2023-10-02 13:39:55 - [TEST_CASE][FAILED] - Test Cases/Search Product/TC-SP-005: Test Cases/Search Product/TC-SP-005 FAILED.
Reason:
Assertion failed: 

assert arrProdukHargaOri == arrProdukHargaSort
       |                 |  |
       |                 |  [0.0, 0.0, 0.0, 0.0, 0.0, 0.0, 0.0, 0.0, 0.0, 123.0, 1213.0, 12133.0]
       |                 false
       [0.0, 1213.0, 12133.0, 123.0, 0.0, 0.0, 0.0, 0.0, 0.0, 0.0, 0.0, 0.0]

	at TC-SP-005.run(TC-SP-005:46)
	at com.kms.katalon.core.main.ScriptEngine.run(ScriptEngine.java:194)
	at com.kms.katalon.core.main.ScriptEngine.runScriptAsRawText(ScriptEngine.java:119)
	at com.kms.katalon.core.main.TestCaseExecutor.runScript(TestCaseExecutor.java:448)
	at com.kms.katalon.core.main.TestCaseExecutor.doExecute(TestCaseExecutor.java:439)
	at com.kms.katalon.core.main.TestCaseExecutor.processExecutionPhase(TestCaseExecutor.java:418)
	at com.kms.katalon.core.main.TestCaseExecutor.accessMainPhase(TestCaseExecutor.java:410)
	at com.kms.katalon.core.main.TestCaseExecutor.execute(TestCaseExecutor.java:285)
	at com.kms.katalon.core.common.CommonExecutor.accessTestCaseMainPhase(CommonExecutor.java:65)
	at com.kms.katalon.core.main.TestSuiteExecutor.accessTestSuiteMainPhase(TestSuiteExecutor.java:148)
	at com.kms.katalon.core.main.TestSuiteExecutor.execute(TestSuiteExecutor.java:106)
	at com.kms.katalon.core.main.TestCaseMain.startTestSuite(TestCaseMain.java:187)
	at com.kms.katalon.core.main.TestCaseMain$startTestSuite$0.call(Unknown Source)
	at TempTestSuite1696228697970.run(TempTestSuite1696228697970.groovy:36)


2023-10-02 13:39:55 - [TEST_STEP][PASSED] - callTestCase(findTestCase("Search Product/TC-SP-002"), ["merk":"a"], STOP_ON_FAILURE): Call Test Case 'Test Cases/Search Product/TC-SP-002' successfully

2023-10-02 13:39:55 - [TEST_CASE][PASSED] - Test Cases/Search Product/TC-SP-002: Test Cases/Search Product/TC-SP-002

2023-10-02 13:39:55 - [TEST_STEP][PASSED] - openBrowser("https://10.9.2.63/ecommerce/"): Browser is opened with url: 'https://10.9.2.63/ecommerce/'

2023-10-02 13:39:55 - [MESSAGE][WARNING] - A browser is already opened. Closing browser and opening a new one

2023-10-02 13:39:56 - [MESSAGE][INFO] - Starting 'Edge Chromium' driver

2023-10-02 13:39:56 - [MESSAGE][INFO] - User set preference: ['acceptInsecureCerts', 'true']

2023-10-02 13:39:58 - [MESSAGE][INFO] - Action delay is set to 0 milliseconds

2023-10-02 13:40:03 - [MESSAGE][PASSED] - Browser is opened with url: 'https://10.9.2.63/ecommerce/'

2023-10-02 13:40:03 - [TEST_STEP][PASSED] - maximizeWindow(): Current window maximized

2023-10-02 13:40:03 - [MESSAGE][PASSED] - Current window maximized

2023-10-02 13:40:03 - [TEST_STEP][PASSED] - verifyElementPresent(findTestObject("Search Product/Verify Page Tajalapak"), 0): Object 'Object Repository/Search Product/Verify Page Tajalapak' is present

2023-10-02 13:40:03 - [MESSAGE][WARNING] - Timeout '0' is invalid. Using default page load timeout: '30'

2023-10-02 13:40:04 - [MESSAGE][PASSED] - Object 'Object Repository/Search Product/Verify Page Tajalapak' is present

2023-10-02 13:40:04 - [TEST_STEP][PASSED] - setText(findTestObject("Search Product/Input Product"), merk): Text 'a' is set on object 'Object Repository/Search Product/Input Product'

2023-10-02 13:40:04 - [MESSAGE][PASSED] - Text 'a' is set on object 'Object Repository/Search Product/Input Product'

2023-10-02 13:40:04 - [TEST_STEP][PASSED] - click(findTestObject("Search Product/button_Cari Product")): Object: 'Object Repository/Search Product/button_Cari Product' is clicked on

2023-10-02 13:40:06 - [MESSAGE][PASSED] - Object: 'Object Repository/Search Product/button_Cari Product' is clicked on

2023-10-02 13:40:06 - [TEST_STEP][PASSED] - dataList = findWebElements(findTestObject("Object Repository/Search Product/Semua nama Produk"), 10): null

2023-10-02 13:40:06 - [TEST_STEP][PASSED] - arrProdukName = []: null

2023-10-02 13:40:06 - [TEST_STEP][PASSED] - for ([i = 0, i < dataList.size(), (i++)]): null

2023-10-02 13:40:06 - [TEST_STEP][PASSED] - text = text: null

2023-10-02 13:40:06 - [TEST_STEP][PASSED] - arrProdukName[i] = text.toLowerCase(): null

2023-10-02 13:40:06 - [TEST_STEP][PASSED] - text = text: null

2023-10-02 13:40:06 - [TEST_STEP][PASSED] - arrProdukName[i] = text.toLowerCase(): null

2023-10-02 13:40:06 - [TEST_STEP][PASSED] - text = text: null

2023-10-02 13:40:06 - [TEST_STEP][PASSED] - arrProdukName[i] = text.toLowerCase(): null

2023-10-02 13:40:06 - [TEST_STEP][PASSED] - text = text: null

2023-10-02 13:40:06 - [TEST_STEP][PASSED] - arrProdukName[i] = text.toLowerCase(): null

2023-10-02 13:40:06 - [TEST_STEP][PASSED] - text = text: null

2023-10-02 13:40:06 - [TEST_STEP][PASSED] - arrProdukName[i] = text.toLowerCase(): null

2023-10-02 13:40:06 - [TEST_STEP][PASSED] - text = text: null

2023-10-02 13:40:06 - [TEST_STEP][PASSED] - arrProdukName[i] = text.toLowerCase(): null

2023-10-02 13:40:06 - [TEST_STEP][PASSED] - text = text: null

2023-10-02 13:40:06 - [TEST_STEP][PASSED] - arrProdukName[i] = text.toLowerCase(): null

2023-10-02 13:40:06 - [TEST_STEP][PASSED] - text = text: null

2023-10-02 13:40:06 - [TEST_STEP][PASSED] - arrProdukName[i] = text.toLowerCase(): null

2023-10-02 13:40:06 - [TEST_STEP][PASSED] - text = text: null

2023-10-02 13:40:06 - [TEST_STEP][PASSED] - arrProdukName[i] = text.toLowerCase(): null

2023-10-02 13:40:06 - [TEST_STEP][PASSED] - text = text: null

2023-10-02 13:40:06 - [TEST_STEP][PASSED] - arrProdukName[i] = text.toLowerCase(): null

2023-10-02 13:40:06 - [TEST_STEP][PASSED] - text = text: null

2023-10-02 13:40:06 - [TEST_STEP][PASSED] - arrProdukName[i] = text.toLowerCase(): null

2023-10-02 13:40:06 - [TEST_STEP][PASSED] - text = text: null

2023-10-02 13:40:06 - [TEST_STEP][PASSED] - arrProdukName[i] = text.toLowerCase(): null

2023-10-02 13:40:06 - [TEST_STEP][PASSED] - print(arrProdukName): null

2023-10-02 13:40:06 - [TEST_STEP][PASSED] - for ([i = 0, i < dataList.size(), (i++)]): null

2023-10-02 13:40:06 - [TEST_STEP][PASSED] - assert arrProdukName[i].contains(merk): null

2023-10-02 13:40:06 - [TEST_STEP][PASSED] - assert arrProdukName[i].contains(merk): null

2023-10-02 13:40:06 - [TEST_STEP][PASSED] - assert arrProdukName[i].contains(merk): null

2023-10-02 13:40:06 - [TEST_STEP][PASSED] - assert arrProdukName[i].contains(merk): null

2023-10-02 13:40:06 - [TEST_STEP][PASSED] - assert arrProdukName[i].contains(merk): null

2023-10-02 13:40:06 - [TEST_STEP][PASSED] - assert arrProdukName[i].contains(merk): null

2023-10-02 13:40:06 - [TEST_STEP][PASSED] - assert arrProdukName[i].contains(merk): null

2023-10-02 13:40:06 - [TEST_STEP][PASSED] - assert arrProdukName[i].contains(merk): null

2023-10-02 13:40:06 - [TEST_STEP][PASSED] - assert arrProdukName[i].contains(merk): null

2023-10-02 13:40:06 - [TEST_STEP][PASSED] - assert arrProdukName[i].contains(merk): null

2023-10-02 13:40:06 - [TEST_STEP][PASSED] - assert arrProdukName[i].contains(merk): null

2023-10-02 13:40:06 - [TEST_STEP][PASSED] - assert arrProdukName[i].contains(merk): null

2023-10-02 13:40:06 - [MESSAGE][PASSED] - Call Test Case 'Test Cases/Search Product/TC-SP-002' successfully

2023-10-02 13:40:06 - [TEST_STEP][PASSED] - selectOptionByValue(findTestObject("Search Product/Pilih Urutan"), "asc", false): All options with value 'asc' are selected in object 'Object Repository/Search Product/Pilih Urutan' 

2023-10-02 13:40:07 - [MESSAGE][PASSED] - All options with value 'asc' are selected in object 'Object Repository/Search Product/Pilih Urutan' 

2023-10-02 13:40:07 - [TEST_STEP][PASSED] - click(findTestObject("Search Product/button_Tampilkan product dari sampai")): Object: 'Object Repository/Search Product/button_Tampilkan product dari sampai' is clicked on

2023-10-02 13:40:08 - [MESSAGE][PASSED] - Object: 'Object Repository/Search Product/button_Tampilkan product dari sampai' is clicked on

2023-10-02 13:40:08 - [TEST_STEP][PASSED] - dataList = findWebElements(findTestObject("Object Repository/Search Product/Harga Semua Product"), 10): null

2023-10-02 13:40:09 - [TEST_STEP][PASSED] - arrProdukHargaOri = []: null

2023-10-02 13:40:09 - [TEST_STEP][PASSED] - arrProdukHargaSort = []: null

2023-10-02 13:40:09 - [TEST_STEP][PASSED] - for ([i = 0, i < dataList.size(), (i++)]): null

2023-10-02 13:40:09 - [TEST_STEP][PASSED] - text = text: null

2023-10-02 13:40:09 - [TEST_STEP][PASSED] - product = text.split(" "): null

2023-10-02 13:40:09 - [TEST_STEP][PASSED] - arrProdukHargaOri[i] = Double.parseDouble(product[1].replace(",", "")): null

2023-10-02 13:40:09 - [TEST_STEP][PASSED] - arrProdukHargaSort[i] = Double.parseDouble(product[1].replace(",", "")): null

2023-10-02 13:40:09 - [TEST_STEP][PASSED] - text = text: null

2023-10-02 13:40:09 - [TEST_STEP][PASSED] - product = text.split(" "): null

2023-10-02 13:40:09 - [TEST_STEP][PASSED] - arrProdukHargaOri[i] = Double.parseDouble(product[1].replace(",", "")): null

2023-10-02 13:40:09 - [TEST_STEP][PASSED] - arrProdukHargaSort[i] = Double.parseDouble(product[1].replace(",", "")): null

2023-10-02 13:40:09 - [TEST_STEP][PASSED] - text = text: null

2023-10-02 13:40:09 - [TEST_STEP][PASSED] - product = text.split(" "): null

2023-10-02 13:40:09 - [TEST_STEP][PASSED] - arrProdukHargaOri[i] = Double.parseDouble(product[1].replace(",", "")): null

2023-10-02 13:40:09 - [TEST_STEP][PASSED] - arrProdukHargaSort[i] = Double.parseDouble(product[1].replace(",", "")): null

2023-10-02 13:40:09 - [TEST_STEP][PASSED] - text = text: null

2023-10-02 13:40:09 - [TEST_STEP][PASSED] - product = text.split(" "): null

2023-10-02 13:40:09 - [TEST_STEP][PASSED] - arrProdukHargaOri[i] = Double.parseDouble(product[1].replace(",", "")): null

2023-10-02 13:40:09 - [TEST_STEP][PASSED] - arrProdukHargaSort[i] = Double.parseDouble(product[1].replace(",", "")): null

2023-10-02 13:40:09 - [TEST_STEP][PASSED] - text = text: null

2023-10-02 13:40:09 - [TEST_STEP][PASSED] - product = text.split(" "): null

2023-10-02 13:40:09 - [TEST_STEP][PASSED] - arrProdukHargaOri[i] = Double.parseDouble(product[1].replace(",", "")): null

2023-10-02 13:40:09 - [TEST_STEP][PASSED] - arrProdukHargaSort[i] = Double.parseDouble(product[1].replace(",", "")): null

2023-10-02 13:40:09 - [TEST_STEP][PASSED] - text = text: null

2023-10-02 13:40:09 - [TEST_STEP][PASSED] - product = text.split(" "): null

2023-10-02 13:40:09 - [TEST_STEP][PASSED] - arrProdukHargaOri[i] = Double.parseDouble(product[1].replace(",", "")): null

2023-10-02 13:40:09 - [TEST_STEP][PASSED] - arrProdukHargaSort[i] = Double.parseDouble(product[1].replace(",", "")): null

2023-10-02 13:40:09 - [TEST_STEP][PASSED] - text = text: null

2023-10-02 13:40:09 - [TEST_STEP][PASSED] - product = text.split(" "): null

2023-10-02 13:40:09 - [TEST_STEP][PASSED] - arrProdukHargaOri[i] = Double.parseDouble(product[1].replace(",", "")): null

2023-10-02 13:40:09 - [TEST_STEP][PASSED] - arrProdukHargaSort[i] = Double.parseDouble(product[1].replace(",", "")): null

2023-10-02 13:40:09 - [TEST_STEP][PASSED] - text = text: null

2023-10-02 13:40:09 - [TEST_STEP][PASSED] - product = text.split(" "): null

2023-10-02 13:40:09 - [TEST_STEP][PASSED] - arrProdukHargaOri[i] = Double.parseDouble(product[1].replace(",", "")): null

2023-10-02 13:40:09 - [TEST_STEP][PASSED] - arrProdukHargaSort[i] = Double.parseDouble(product[1].replace(",", "")): null

2023-10-02 13:40:09 - [TEST_STEP][PASSED] - text = text: null

2023-10-02 13:40:09 - [TEST_STEP][PASSED] - product = text.split(" "): null

2023-10-02 13:40:09 - [TEST_STEP][PASSED] - arrProdukHargaOri[i] = Double.parseDouble(product[1].replace(",", "")): null

2023-10-02 13:40:09 - [TEST_STEP][PASSED] - arrProdukHargaSort[i] = Double.parseDouble(product[1].replace(",", "")): null

2023-10-02 13:40:09 - [TEST_STEP][PASSED] - text = text: null

2023-10-02 13:40:09 - [TEST_STEP][PASSED] - product = text.split(" "): null

2023-10-02 13:40:09 - [TEST_STEP][PASSED] - arrProdukHargaOri[i] = Double.parseDouble(product[1].replace(",", "")): null

2023-10-02 13:40:09 - [TEST_STEP][PASSED] - arrProdukHargaSort[i] = Double.parseDouble(product[1].replace(",", "")): null

2023-10-02 13:40:09 - [TEST_STEP][PASSED] - text = text: null

2023-10-02 13:40:09 - [TEST_STEP][PASSED] - product = text.split(" "): null

2023-10-02 13:40:09 - [TEST_STEP][PASSED] - arrProdukHargaOri[i] = Double.parseDouble(product[1].replace(",", "")): null

2023-10-02 13:40:09 - [TEST_STEP][PASSED] - arrProdukHargaSort[i] = Double.parseDouble(product[1].replace(",", "")): null

2023-10-02 13:40:09 - [TEST_STEP][PASSED] - text = text: null

2023-10-02 13:40:09 - [TEST_STEP][PASSED] - product = text.split(" "): null

2023-10-02 13:40:09 - [TEST_STEP][PASSED] - arrProdukHargaOri[i] = Double.parseDouble(product[1].replace(",", "")): null

2023-10-02 13:40:09 - [TEST_STEP][PASSED] - arrProdukHargaSort[i] = Double.parseDouble(product[1].replace(",", "")): null

2023-10-02 13:40:09 - [TEST_STEP][PASSED] - Arrays.sort(arrProdukHargaSort): null

2023-10-02 13:40:09 - [TEST_STEP][FAILED] - assert arrProdukHargaOri == arrProdukHargaSort: Test Cases/Search Product/TC-SP-005 FAILED.
Reason:
Assertion failed: 

assert arrProdukHargaOri == arrProdukHargaSort
       |                 |  |
       |                 |  [0.0, 0.0, 0.0, 0.0, 0.0, 0.0, 0.0, 0.0, 0.0, 123.0, 1213.0, 12133.0]
       |                 false
       [0.0, 1213.0, 12133.0, 123.0, 0.0, 0.0, 0.0, 0.0, 0.0, 0.0, 0.0, 0.0]

	at TC-SP-005.run(TC-SP-005:46)
	at com.kms.katalon.core.main.ScriptEngine.run(ScriptEngine.java:194)
	at com.kms.katalon.core.main.ScriptEngine.runScriptAsRawText(ScriptEngine.java:119)
	at com.kms.katalon.core.main.TestCaseExecutor.runScript(TestCaseExecutor.java:448)
	at com.kms.katalon.core.main.TestCaseExecutor.doExecute(TestCaseExecutor.java:439)
	at com.kms.katalon.core.main.TestCaseExecutor.processExecutionPhase(TestCaseExecutor.java:418)
	at com.kms.katalon.core.main.TestCaseExecutor.accessMainPhase(TestCaseExecutor.java:410)
	at com.kms.katalon.core.main.TestCaseExecutor.execute(TestCaseExecutor.java:285)
	at com.kms.katalon.core.common.CommonExecutor.accessTestCaseMainPhase(CommonExecutor.java:65)
	at com.kms.katalon.core.main.TestSuiteExecutor.accessTestSuiteMainPhase(TestSuiteExecutor.java:148)
	at com.kms.katalon.core.main.TestSuiteExecutor.execute(TestSuiteExecutor.java:106)
	at com.kms.katalon.core.main.TestCaseMain.startTestSuite(TestCaseMain.java:187)
	at com.kms.katalon.core.main.TestCaseMain$startTestSuite$0.call(Unknown Source)
	at TempTestSuite1696228697970.run(TempTestSuite1696228697970.groovy:36)


2023-10-02 13:40:09 - [MESSAGE][FAILED] - Test Cases/Search Product/TC-SP-005 FAILED.
Reason:
Assertion failed: 

assert arrProdukHargaOri == arrProdukHargaSort
       |                 |  |
       |                 |  [0.0, 0.0, 0.0, 0.0, 0.0, 0.0, 0.0, 0.0, 0.0, 123.0, 1213.0, 12133.0]
       |                 false
       [0.0, 1213.0, 12133.0, 123.0, 0.0, 0.0, 0.0, 0.0, 0.0, 0.0, 0.0, 0.0]

	at TC-SP-005.run(TC-SP-005:46)
	at com.kms.katalon.core.main.ScriptEngine.run(ScriptEngine.java:194)
	at com.kms.katalon.core.main.ScriptEngine.runScriptAsRawText(ScriptEngine.java:119)
	at com.kms.katalon.core.main.TestCaseExecutor.runScript(TestCaseExecutor.java:448)
	at com.kms.katalon.core.main.TestCaseExecutor.doExecute(TestCaseExecutor.java:439)
	at com.kms.katalon.core.main.TestCaseExecutor.processExecutionPhase(TestCaseExecutor.java:418)
	at com.kms.katalon.core.main.TestCaseExecutor.accessMainPhase(TestCaseExecutor.java:410)
	at com.kms.katalon.core.main.TestCaseExecutor.execute(TestCaseExecutor.java:285)
	at com.kms.katalon.core.common.CommonExecutor.accessTestCaseMainPhase(CommonExecutor.java:65)
	at com.kms.katalon.core.main.TestSuiteExecutor.accessTestSuiteMainPhase(TestSuiteExecutor.java:148)
	at com.kms.katalon.core.main.TestSuiteExecutor.execute(TestSuiteExecutor.java:106)
	at com.kms.katalon.core.main.TestCaseMain.startTestSuite(TestCaseMain.java:187)
	at com.kms.katalon.core.main.TestCaseMain$startTestSuite$0.call(Unknown Source)
	at TempTestSuite1696228697970.run(TempTestSuite1696228697970.groovy:36)]]></system-out>
         <system-err><![CDATA[2023-10-02 13:39:55 - [TEST_CASE][FAILED] - Test Cases/Search Product/TC-SP-005: Test Cases/Search Product/TC-SP-005 FAILED.
Reason:
Assertion failed: 

assert arrProdukHargaOri == arrProdukHargaSort
       |                 |  |
       |                 |  [0.0, 0.0, 0.0, 0.0, 0.0, 0.0, 0.0, 0.0, 0.0, 123.0, 1213.0, 12133.0]
       |                 false
       [0.0, 1213.0, 12133.0, 123.0, 0.0, 0.0, 0.0, 0.0, 0.0, 0.0, 0.0, 0.0]

	at TC-SP-005.run(TC-SP-005:46)
	at com.kms.katalon.core.main.ScriptEngine.run(ScriptEngine.java:194)
	at com.kms.katalon.core.main.ScriptEngine.runScriptAsRawText(ScriptEngine.java:119)
	at com.kms.katalon.core.main.TestCaseExecutor.runScript(TestCaseExecutor.java:448)
	at com.kms.katalon.core.main.TestCaseExecutor.doExecute(TestCaseExecutor.java:439)
	at com.kms.katalon.core.main.TestCaseExecutor.processExecutionPhase(TestCaseExecutor.java:418)
	at com.kms.katalon.core.main.TestCaseExecutor.accessMainPhase(TestCaseExecutor.java:410)
	at com.kms.katalon.core.main.TestCaseExecutor.execute(TestCaseExecutor.java:285)
	at com.kms.katalon.core.common.CommonExecutor.accessTestCaseMainPhase(CommonExecutor.java:65)
	at com.kms.katalon.core.main.TestSuiteExecutor.accessTestSuiteMainPhase(TestSuiteExecutor.java:148)
	at com.kms.katalon.core.main.TestSuiteExecutor.execute(TestSuiteExecutor.java:106)
	at com.kms.katalon.core.main.TestCaseMain.startTestSuite(TestCaseMain.java:187)
	at com.kms.katalon.core.main.TestCaseMain$startTestSuite$0.call(Unknown Source)
	at TempTestSuite1696228697970.run(TempTestSuite1696228697970.groovy:36)]]></system-err>
      </testcase>
      <testcase name="Test Cases/Search Product/TC-SP-006" time="13.916" classname="Test Cases/Search Product/TC-SP-006" status="FAILED">
         <failure type="FAILED" message="Test Cases/Search Product/TC-SP-006 FAILED.
Reason:
Assertion failed: 

assert arrProdukHargaOri == arrProdukHargaSort
       |                 |  |
       |                 |  [700000.0, 13000.0, 13000.0, 12000.0, 12000.0, 12000.0, 11980.0, 11980.0, 11980.0, 11500.0, 10000.0, -988000.0]
       |                 false
       [700000.0, 13000.0, 13000.0, 12000.0, 12000.0, 12000.0, -988000.0, 11980.0, 11980.0, 11980.0, 11500.0, 10000.0]

	at TC-SP-006.run(TC-SP-006:46)
	at com.kms.katalon.core.main.ScriptEngine.run(ScriptEngine.java:194)
	at com.kms.katalon.core.main.ScriptEngine.runScriptAsRawText(ScriptEngine.java:119)
	at com.kms.katalon.core.main.TestCaseExecutor.runScript(TestCaseExecutor.java:448)
	at com.kms.katalon.core.main.TestCaseExecutor.doExecute(TestCaseExecutor.java:439)
	at com.kms.katalon.core.main.TestCaseExecutor.processExecutionPhase(TestCaseExecutor.java:418)
	at com.kms.katalon.core.main.TestCaseExecutor.accessMainPhase(TestCaseExecutor.java:410)
	at com.kms.katalon.core.main.TestCaseExecutor.execute(TestCaseExecutor.java:285)
	at com.kms.katalon.core.common.CommonExecutor.accessTestCaseMainPhase(CommonExecutor.java:65)
	at com.kms.katalon.core.main.TestSuiteExecutor.accessTestSuiteMainPhase(TestSuiteExecutor.java:148)
	at com.kms.katalon.core.main.TestSuiteExecutor.execute(TestSuiteExecutor.java:106)
	at com.kms.katalon.core.main.TestCaseMain.startTestSuite(TestCaseMain.java:187)
	at com.kms.katalon.core.main.TestCaseMain$startTestSuite$0.call(Unknown Source)
	at TempTestSuite1696228697970.run(TempTestSuite1696228697970.groovy:36)
"/>
         <system-out><![CDATA[2023-10-02 13:40:09 - [TEST_CASE][FAILED] - Test Cases/Search Product/TC-SP-006: Test Cases/Search Product/TC-SP-006 FAILED.
Reason:
Assertion failed: 

assert arrProdukHargaOri == arrProdukHargaSort
       |                 |  |
       |                 |  [700000.0, 13000.0, 13000.0, 12000.0, 12000.0, 12000.0, 11980.0, 11980.0, 11980.0, 11500.0, 10000.0, -988000.0]
       |                 false
       [700000.0, 13000.0, 13000.0, 12000.0, 12000.0, 12000.0, -988000.0, 11980.0, 11980.0, 11980.0, 11500.0, 10000.0]

	at TC-SP-006.run(TC-SP-006:46)
	at com.kms.katalon.core.main.ScriptEngine.run(ScriptEngine.java:194)
	at com.kms.katalon.core.main.ScriptEngine.runScriptAsRawText(ScriptEngine.java:119)
	at com.kms.katalon.core.main.TestCaseExecutor.runScript(TestCaseExecutor.java:448)
	at com.kms.katalon.core.main.TestCaseExecutor.doExecute(TestCaseExecutor.java:439)
	at com.kms.katalon.core.main.TestCaseExecutor.processExecutionPhase(TestCaseExecutor.java:418)
	at com.kms.katalon.core.main.TestCaseExecutor.accessMainPhase(TestCaseExecutor.java:410)
	at com.kms.katalon.core.main.TestCaseExecutor.execute(TestCaseExecutor.java:285)
	at com.kms.katalon.core.common.CommonExecutor.accessTestCaseMainPhase(CommonExecutor.java:65)
	at com.kms.katalon.core.main.TestSuiteExecutor.accessTestSuiteMainPhase(TestSuiteExecutor.java:148)
	at com.kms.katalon.core.main.TestSuiteExecutor.execute(TestSuiteExecutor.java:106)
	at com.kms.katalon.core.main.TestCaseMain.startTestSuite(TestCaseMain.java:187)
	at com.kms.katalon.core.main.TestCaseMain$startTestSuite$0.call(Unknown Source)
	at TempTestSuite1696228697970.run(TempTestSuite1696228697970.groovy:36)


2023-10-02 13:40:10 - [TEST_STEP][PASSED] - callTestCase(findTestCase("Search Product/TC-SP-002"), ["merk":"a"], STOP_ON_FAILURE): Call Test Case 'Test Cases/Search Product/TC-SP-002' successfully

2023-10-02 13:40:10 - [TEST_CASE][PASSED] - Test Cases/Search Product/TC-SP-002: Test Cases/Search Product/TC-SP-002

2023-10-02 13:40:10 - [TEST_STEP][PASSED] - openBrowser("https://10.9.2.63/ecommerce/"): Browser is opened with url: 'https://10.9.2.63/ecommerce/'

2023-10-02 13:40:10 - [MESSAGE][WARNING] - A browser is already opened. Closing browser and opening a new one

2023-10-02 13:40:10 - [MESSAGE][INFO] - Starting 'Edge Chromium' driver

2023-10-02 13:40:10 - [MESSAGE][INFO] - User set preference: ['acceptInsecureCerts', 'true']

2023-10-02 13:40:13 - [MESSAGE][INFO] - Action delay is set to 0 milliseconds

2023-10-02 13:40:16 - [MESSAGE][PASSED] - Browser is opened with url: 'https://10.9.2.63/ecommerce/'

2023-10-02 13:40:16 - [TEST_STEP][PASSED] - maximizeWindow(): Current window maximized

2023-10-02 13:40:17 - [MESSAGE][PASSED] - Current window maximized

2023-10-02 13:40:17 - [TEST_STEP][PASSED] - verifyElementPresent(findTestObject("Search Product/Verify Page Tajalapak"), 0): Object 'Object Repository/Search Product/Verify Page Tajalapak' is present

2023-10-02 13:40:17 - [MESSAGE][WARNING] - Timeout '0' is invalid. Using default page load timeout: '30'

2023-10-02 13:40:17 - [MESSAGE][PASSED] - Object 'Object Repository/Search Product/Verify Page Tajalapak' is present

2023-10-02 13:40:17 - [TEST_STEP][PASSED] - setText(findTestObject("Search Product/Input Product"), merk): Text 'a' is set on object 'Object Repository/Search Product/Input Product'

2023-10-02 13:40:18 - [MESSAGE][PASSED] - Text 'a' is set on object 'Object Repository/Search Product/Input Product'

2023-10-02 13:40:18 - [TEST_STEP][PASSED] - click(findTestObject("Search Product/button_Cari Product")): Object: 'Object Repository/Search Product/button_Cari Product' is clicked on

2023-10-02 13:40:19 - [MESSAGE][PASSED] - Object: 'Object Repository/Search Product/button_Cari Product' is clicked on

2023-10-02 13:40:19 - [TEST_STEP][PASSED] - dataList = findWebElements(findTestObject("Object Repository/Search Product/Semua nama Produk"), 10): null

2023-10-02 13:40:20 - [TEST_STEP][PASSED] - arrProdukName = []: null

2023-10-02 13:40:20 - [TEST_STEP][PASSED] - for ([i = 0, i < dataList.size(), (i++)]): null

2023-10-02 13:40:20 - [TEST_STEP][PASSED] - text = text: null

2023-10-02 13:40:20 - [TEST_STEP][PASSED] - arrProdukName[i] = text.toLowerCase(): null

2023-10-02 13:40:20 - [TEST_STEP][PASSED] - text = text: null

2023-10-02 13:40:20 - [TEST_STEP][PASSED] - arrProdukName[i] = text.toLowerCase(): null

2023-10-02 13:40:20 - [TEST_STEP][PASSED] - text = text: null

2023-10-02 13:40:20 - [TEST_STEP][PASSED] - arrProdukName[i] = text.toLowerCase(): null

2023-10-02 13:40:20 - [TEST_STEP][PASSED] - text = text: null

2023-10-02 13:40:20 - [TEST_STEP][PASSED] - arrProdukName[i] = text.toLowerCase(): null

2023-10-02 13:40:20 - [TEST_STEP][PASSED] - text = text: null

2023-10-02 13:40:20 - [TEST_STEP][PASSED] - arrProdukName[i] = text.toLowerCase(): null

2023-10-02 13:40:20 - [TEST_STEP][PASSED] - text = text: null

2023-10-02 13:40:20 - [TEST_STEP][PASSED] - arrProdukName[i] = text.toLowerCase(): null

2023-10-02 13:40:20 - [TEST_STEP][PASSED] - text = text: null

2023-10-02 13:40:20 - [TEST_STEP][PASSED] - arrProdukName[i] = text.toLowerCase(): null

2023-10-02 13:40:20 - [TEST_STEP][PASSED] - text = text: null

2023-10-02 13:40:20 - [TEST_STEP][PASSED] - arrProdukName[i] = text.toLowerCase(): null

2023-10-02 13:40:20 - [TEST_STEP][PASSED] - text = text: null

2023-10-02 13:40:20 - [TEST_STEP][PASSED] - arrProdukName[i] = text.toLowerCase(): null

2023-10-02 13:40:20 - [TEST_STEP][PASSED] - text = text: null

2023-10-02 13:40:20 - [TEST_STEP][PASSED] - arrProdukName[i] = text.toLowerCase(): null

2023-10-02 13:40:20 - [TEST_STEP][PASSED] - text = text: null

2023-10-02 13:40:20 - [TEST_STEP][PASSED] - arrProdukName[i] = text.toLowerCase(): null

2023-10-02 13:40:20 - [TEST_STEP][PASSED] - text = text: null

2023-10-02 13:40:20 - [TEST_STEP][PASSED] - arrProdukName[i] = text.toLowerCase(): null

2023-10-02 13:40:20 - [TEST_STEP][PASSED] - print(arrProdukName): null

2023-10-02 13:40:20 - [TEST_STEP][PASSED] - for ([i = 0, i < dataList.size(), (i++)]): null

2023-10-02 13:40:20 - [TEST_STEP][PASSED] - assert arrProdukName[i].contains(merk): null

2023-10-02 13:40:20 - [TEST_STEP][PASSED] - assert arrProdukName[i].contains(merk): null

2023-10-02 13:40:20 - [TEST_STEP][PASSED] - assert arrProdukName[i].contains(merk): null

2023-10-02 13:40:20 - [TEST_STEP][PASSED] - assert arrProdukName[i].contains(merk): null

2023-10-02 13:40:20 - [TEST_STEP][PASSED] - assert arrProdukName[i].contains(merk): null

2023-10-02 13:40:20 - [TEST_STEP][PASSED] - assert arrProdukName[i].contains(merk): null

2023-10-02 13:40:20 - [TEST_STEP][PASSED] - assert arrProdukName[i].contains(merk): null

2023-10-02 13:40:20 - [TEST_STEP][PASSED] - assert arrProdukName[i].contains(merk): null

2023-10-02 13:40:20 - [TEST_STEP][PASSED] - assert arrProdukName[i].contains(merk): null

2023-10-02 13:40:20 - [TEST_STEP][PASSED] - assert arrProdukName[i].contains(merk): null

2023-10-02 13:40:20 - [TEST_STEP][PASSED] - assert arrProdukName[i].contains(merk): null

2023-10-02 13:40:20 - [TEST_STEP][PASSED] - assert arrProdukName[i].contains(merk): null

2023-10-02 13:40:20 - [MESSAGE][PASSED] - Call Test Case 'Test Cases/Search Product/TC-SP-002' successfully

2023-10-02 13:40:20 - [TEST_STEP][PASSED] - selectOptionByValue(findTestObject("Search Product/Pilih Urutan"), "desc", false): All options with value 'desc' are selected in object 'Object Repository/Search Product/Pilih Urutan' 

2023-10-02 13:40:21 - [MESSAGE][PASSED] - All options with value 'desc' are selected in object 'Object Repository/Search Product/Pilih Urutan' 

2023-10-02 13:40:21 - [TEST_STEP][PASSED] - click(findTestObject("Search Product/button_Tampilkan product dari sampai")): Object: 'Object Repository/Search Product/button_Tampilkan product dari sampai' is clicked on

2023-10-02 13:40:22 - [MESSAGE][PASSED] - Object: 'Object Repository/Search Product/button_Tampilkan product dari sampai' is clicked on

2023-10-02 13:40:22 - [TEST_STEP][PASSED] - dataList = findWebElements(findTestObject("Object Repository/Search Product/Harga Semua Product"), 10): null

2023-10-02 13:40:23 - [TEST_STEP][PASSED] - arrProdukHargaOri = []: null

2023-10-02 13:40:23 - [TEST_STEP][PASSED] - arrProdukHargaSort = []: null

2023-10-02 13:40:23 - [TEST_STEP][PASSED] - for ([i = 0, i < dataList.size(), (i++)]): null

2023-10-02 13:40:23 - [TEST_STEP][PASSED] - text = text: null

2023-10-02 13:40:23 - [TEST_STEP][PASSED] - product = text.split(" "): null

2023-10-02 13:40:23 - [TEST_STEP][PASSED] - arrProdukHargaOri[i] = Double.parseDouble(product[1].replace(",", "")): null

2023-10-02 13:40:23 - [TEST_STEP][PASSED] - arrProdukHargaSort[i] = Double.parseDouble(product[1].replace(",", "")): null

2023-10-02 13:40:23 - [TEST_STEP][PASSED] - text = text: null

2023-10-02 13:40:23 - [TEST_STEP][PASSED] - product = text.split(" "): null

2023-10-02 13:40:23 - [TEST_STEP][PASSED] - arrProdukHargaOri[i] = Double.parseDouble(product[1].replace(",", "")): null

2023-10-02 13:40:23 - [TEST_STEP][PASSED] - arrProdukHargaSort[i] = Double.parseDouble(product[1].replace(",", "")): null

2023-10-02 13:40:23 - [TEST_STEP][PASSED] - text = text: null

2023-10-02 13:40:23 - [TEST_STEP][PASSED] - product = text.split(" "): null

2023-10-02 13:40:23 - [TEST_STEP][PASSED] - arrProdukHargaOri[i] = Double.parseDouble(product[1].replace(",", "")): null

2023-10-02 13:40:23 - [TEST_STEP][PASSED] - arrProdukHargaSort[i] = Double.parseDouble(product[1].replace(",", "")): null

2023-10-02 13:40:23 - [TEST_STEP][PASSED] - text = text: null

2023-10-02 13:40:23 - [TEST_STEP][PASSED] - product = text.split(" "): null

2023-10-02 13:40:23 - [TEST_STEP][PASSED] - arrProdukHargaOri[i] = Double.parseDouble(product[1].replace(",", "")): null

2023-10-02 13:40:23 - [TEST_STEP][PASSED] - arrProdukHargaSort[i] = Double.parseDouble(product[1].replace(",", "")): null

2023-10-02 13:40:23 - [TEST_STEP][PASSED] - text = text: null

2023-10-02 13:40:23 - [TEST_STEP][PASSED] - product = text.split(" "): null

2023-10-02 13:40:23 - [TEST_STEP][PASSED] - arrProdukHargaOri[i] = Double.parseDouble(product[1].replace(",", "")): null

2023-10-02 13:40:23 - [TEST_STEP][PASSED] - arrProdukHargaSort[i] = Double.parseDouble(product[1].replace(",", "")): null

2023-10-02 13:40:23 - [TEST_STEP][PASSED] - text = text: null

2023-10-02 13:40:23 - [TEST_STEP][PASSED] - product = text.split(" "): null

2023-10-02 13:40:23 - [TEST_STEP][PASSED] - arrProdukHargaOri[i] = Double.parseDouble(product[1].replace(",", "")): null

2023-10-02 13:40:23 - [TEST_STEP][PASSED] - arrProdukHargaSort[i] = Double.parseDouble(product[1].replace(",", "")): null

2023-10-02 13:40:23 - [TEST_STEP][PASSED] - text = text: null

2023-10-02 13:40:23 - [TEST_STEP][PASSED] - product = text.split(" "): null

2023-10-02 13:40:23 - [TEST_STEP][PASSED] - arrProdukHargaOri[i] = Double.parseDouble(product[1].replace(",", "")): null

2023-10-02 13:40:23 - [TEST_STEP][PASSED] - arrProdukHargaSort[i] = Double.parseDouble(product[1].replace(",", "")): null

2023-10-02 13:40:23 - [TEST_STEP][PASSED] - text = text: null

2023-10-02 13:40:23 - [TEST_STEP][PASSED] - product = text.split(" "): null

2023-10-02 13:40:23 - [TEST_STEP][PASSED] - arrProdukHargaOri[i] = Double.parseDouble(product[1].replace(",", "")): null

2023-10-02 13:40:23 - [TEST_STEP][PASSED] - arrProdukHargaSort[i] = Double.parseDouble(product[1].replace(",", "")): null

2023-10-02 13:40:23 - [TEST_STEP][PASSED] - text = text: null

2023-10-02 13:40:23 - [TEST_STEP][PASSED] - product = text.split(" "): null

2023-10-02 13:40:23 - [TEST_STEP][PASSED] - arrProdukHargaOri[i] = Double.parseDouble(product[1].replace(",", "")): null

2023-10-02 13:40:23 - [TEST_STEP][PASSED] - arrProdukHargaSort[i] = Double.parseDouble(product[1].replace(",", "")): null

2023-10-02 13:40:23 - [TEST_STEP][PASSED] - text = text: null

2023-10-02 13:40:23 - [TEST_STEP][PASSED] - product = text.split(" "): null

2023-10-02 13:40:23 - [TEST_STEP][PASSED] - arrProdukHargaOri[i] = Double.parseDouble(product[1].replace(",", "")): null

2023-10-02 13:40:23 - [TEST_STEP][PASSED] - arrProdukHargaSort[i] = Double.parseDouble(product[1].replace(",", "")): null

2023-10-02 13:40:23 - [TEST_STEP][PASSED] - text = text: null

2023-10-02 13:40:23 - [TEST_STEP][PASSED] - product = text.split(" "): null

2023-10-02 13:40:23 - [TEST_STEP][PASSED] - arrProdukHargaOri[i] = Double.parseDouble(product[1].replace(",", "")): null

2023-10-02 13:40:23 - [TEST_STEP][PASSED] - arrProdukHargaSort[i] = Double.parseDouble(product[1].replace(",", "")): null

2023-10-02 13:40:23 - [TEST_STEP][PASSED] - text = text: null

2023-10-02 13:40:23 - [TEST_STEP][PASSED] - product = text.split(" "): null

2023-10-02 13:40:23 - [TEST_STEP][PASSED] - arrProdukHargaOri[i] = Double.parseDouble(product[1].replace(",", "")): null

2023-10-02 13:40:23 - [TEST_STEP][PASSED] - arrProdukHargaSort[i] = Double.parseDouble(product[1].replace(",", "")): null

2023-10-02 13:40:23 - [TEST_STEP][PASSED] - Arrays.sort(arrProdukHargaSort, Collections.reverseOrder()): null

2023-10-02 13:40:23 - [TEST_STEP][FAILED] - assert arrProdukHargaOri == arrProdukHargaSort: Test Cases/Search Product/TC-SP-006 FAILED.
Reason:
Assertion failed: 

assert arrProdukHargaOri == arrProdukHargaSort
       |                 |  |
       |                 |  [700000.0, 13000.0, 13000.0, 12000.0, 12000.0, 12000.0, 11980.0, 11980.0, 11980.0, 11500.0, 10000.0, -988000.0]
       |                 false
       [700000.0, 13000.0, 13000.0, 12000.0, 12000.0, 12000.0, -988000.0, 11980.0, 11980.0, 11980.0, 11500.0, 10000.0]

	at TC-SP-006.run(TC-SP-006:46)
	at com.kms.katalon.core.main.ScriptEngine.run(ScriptEngine.java:194)
	at com.kms.katalon.core.main.ScriptEngine.runScriptAsRawText(ScriptEngine.java:119)
	at com.kms.katalon.core.main.TestCaseExecutor.runScript(TestCaseExecutor.java:448)
	at com.kms.katalon.core.main.TestCaseExecutor.doExecute(TestCaseExecutor.java:439)
	at com.kms.katalon.core.main.TestCaseExecutor.processExecutionPhase(TestCaseExecutor.java:418)
	at com.kms.katalon.core.main.TestCaseExecutor.accessMainPhase(TestCaseExecutor.java:410)
	at com.kms.katalon.core.main.TestCaseExecutor.execute(TestCaseExecutor.java:285)
	at com.kms.katalon.core.common.CommonExecutor.accessTestCaseMainPhase(CommonExecutor.java:65)
	at com.kms.katalon.core.main.TestSuiteExecutor.accessTestSuiteMainPhase(TestSuiteExecutor.java:148)
	at com.kms.katalon.core.main.TestSuiteExecutor.execute(TestSuiteExecutor.java:106)
	at com.kms.katalon.core.main.TestCaseMain.startTestSuite(TestCaseMain.java:187)
	at com.kms.katalon.core.main.TestCaseMain$startTestSuite$0.call(Unknown Source)
	at TempTestSuite1696228697970.run(TempTestSuite1696228697970.groovy:36)


2023-10-02 13:40:23 - [MESSAGE][FAILED] - Test Cases/Search Product/TC-SP-006 FAILED.
Reason:
Assertion failed: 

assert arrProdukHargaOri == arrProdukHargaSort
       |                 |  |
       |                 |  [700000.0, 13000.0, 13000.0, 12000.0, 12000.0, 12000.0, 11980.0, 11980.0, 11980.0, 11500.0, 10000.0, -988000.0]
       |                 false
       [700000.0, 13000.0, 13000.0, 12000.0, 12000.0, 12000.0, -988000.0, 11980.0, 11980.0, 11980.0, 11500.0, 10000.0]

	at TC-SP-006.run(TC-SP-006:46)
	at com.kms.katalon.core.main.ScriptEngine.run(ScriptEngine.java:194)
	at com.kms.katalon.core.main.ScriptEngine.runScriptAsRawText(ScriptEngine.java:119)
	at com.kms.katalon.core.main.TestCaseExecutor.runScript(TestCaseExecutor.java:448)
	at com.kms.katalon.core.main.TestCaseExecutor.doExecute(TestCaseExecutor.java:439)
	at com.kms.katalon.core.main.TestCaseExecutor.processExecutionPhase(TestCaseExecutor.java:418)
	at com.kms.katalon.core.main.TestCaseExecutor.accessMainPhase(TestCaseExecutor.java:410)
	at com.kms.katalon.core.main.TestCaseExecutor.execute(TestCaseExecutor.java:285)
	at com.kms.katalon.core.common.CommonExecutor.accessTestCaseMainPhase(CommonExecutor.java:65)
	at com.kms.katalon.core.main.TestSuiteExecutor.accessTestSuiteMainPhase(TestSuiteExecutor.java:148)
	at com.kms.katalon.core.main.TestSuiteExecutor.execute(TestSuiteExecutor.java:106)
	at com.kms.katalon.core.main.TestCaseMain.startTestSuite(TestCaseMain.java:187)
	at com.kms.katalon.core.main.TestCaseMain$startTestSuite$0.call(Unknown Source)
	at TempTestSuite1696228697970.run(TempTestSuite1696228697970.groovy:36)]]></system-out>
         <system-err><![CDATA[2023-10-02 13:40:09 - [TEST_CASE][FAILED] - Test Cases/Search Product/TC-SP-006: Test Cases/Search Product/TC-SP-006 FAILED.
Reason:
Assertion failed: 

assert arrProdukHargaOri == arrProdukHargaSort
       |                 |  |
       |                 |  [700000.0, 13000.0, 13000.0, 12000.0, 12000.0, 12000.0, 11980.0, 11980.0, 11980.0, 11500.0, 10000.0, -988000.0]
       |                 false
       [700000.0, 13000.0, 13000.0, 12000.0, 12000.0, 12000.0, -988000.0, 11980.0, 11980.0, 11980.0, 11500.0, 10000.0]

	at TC-SP-006.run(TC-SP-006:46)
	at com.kms.katalon.core.main.ScriptEngine.run(ScriptEngine.java:194)
	at com.kms.katalon.core.main.ScriptEngine.runScriptAsRawText(ScriptEngine.java:119)
	at com.kms.katalon.core.main.TestCaseExecutor.runScript(TestCaseExecutor.java:448)
	at com.kms.katalon.core.main.TestCaseExecutor.doExecute(TestCaseExecutor.java:439)
	at com.kms.katalon.core.main.TestCaseExecutor.processExecutionPhase(TestCaseExecutor.java:418)
	at com.kms.katalon.core.main.TestCaseExecutor.accessMainPhase(TestCaseExecutor.java:410)
	at com.kms.katalon.core.main.TestCaseExecutor.execute(TestCaseExecutor.java:285)
	at com.kms.katalon.core.common.CommonExecutor.accessTestCaseMainPhase(CommonExecutor.java:65)
	at com.kms.katalon.core.main.TestSuiteExecutor.accessTestSuiteMainPhase(TestSuiteExecutor.java:148)
	at com.kms.katalon.core.main.TestSuiteExecutor.execute(TestSuiteExecutor.java:106)
	at com.kms.katalon.core.main.TestCaseMain.startTestSuite(TestCaseMain.java:187)
	at com.kms.katalon.core.main.TestCaseMain$startTestSuite$0.call(Unknown Source)
	at TempTestSuite1696228697970.run(TempTestSuite1696228697970.groovy:36)]]></system-err>
      </testcase>
      <testcase name="Test Cases/Search Product/TC-SP-007" time="12.582" classname="Test Cases/Search Product/TC-SP-007" status="PASSED">
         <system-out><![CDATA[2023-10-02 13:40:23 - [TEST_CASE][PASSED] - Test Cases/Search Product/TC-SP-007: Test Cases/Search Product/TC-SP-007

2023-10-02 13:40:23 - [TEST_STEP][PASSED] - callTestCase(findTestCase("Search Product/TC-SP-002"), ["merk":"a"], STOP_ON_FAILURE): Call Test Case 'Test Cases/Search Product/TC-SP-002' successfully

2023-10-02 13:40:23 - [TEST_CASE][PASSED] - Test Cases/Search Product/TC-SP-002: Test Cases/Search Product/TC-SP-002

2023-10-02 13:40:23 - [TEST_STEP][PASSED] - openBrowser("https://10.9.2.63/ecommerce/"): Browser is opened with url: 'https://10.9.2.63/ecommerce/'

2023-10-02 13:40:24 - [MESSAGE][WARNING] - A browser is already opened. Closing browser and opening a new one

2023-10-02 13:40:24 - [MESSAGE][INFO] - Starting 'Edge Chromium' driver

2023-10-02 13:40:24 - [MESSAGE][INFO] - User set preference: ['acceptInsecureCerts', 'true']

2023-10-02 13:40:26 - [MESSAGE][INFO] - Action delay is set to 0 milliseconds

2023-10-02 13:40:30 - [MESSAGE][PASSED] - Browser is opened with url: 'https://10.9.2.63/ecommerce/'

2023-10-02 13:40:30 - [TEST_STEP][PASSED] - maximizeWindow(): Current window maximized

2023-10-02 13:40:30 - [MESSAGE][PASSED] - Current window maximized

2023-10-02 13:40:30 - [TEST_STEP][PASSED] - verifyElementPresent(findTestObject("Search Product/Verify Page Tajalapak"), 0): Object 'Object Repository/Search Product/Verify Page Tajalapak' is present

2023-10-02 13:40:30 - [MESSAGE][WARNING] - Timeout '0' is invalid. Using default page load timeout: '30'

2023-10-02 13:40:31 - [MESSAGE][PASSED] - Object 'Object Repository/Search Product/Verify Page Tajalapak' is present

2023-10-02 13:40:31 - [TEST_STEP][PASSED] - setText(findTestObject("Search Product/Input Product"), merk): Text 'a' is set on object 'Object Repository/Search Product/Input Product'

2023-10-02 13:40:32 - [MESSAGE][PASSED] - Text 'a' is set on object 'Object Repository/Search Product/Input Product'

2023-10-02 13:40:32 - [TEST_STEP][PASSED] - click(findTestObject("Search Product/button_Cari Product")): Object: 'Object Repository/Search Product/button_Cari Product' is clicked on

2023-10-02 13:40:33 - [MESSAGE][PASSED] - Object: 'Object Repository/Search Product/button_Cari Product' is clicked on

2023-10-02 13:40:33 - [TEST_STEP][PASSED] - dataList = findWebElements(findTestObject("Object Repository/Search Product/Semua nama Produk"), 10): null

2023-10-02 13:40:34 - [TEST_STEP][PASSED] - arrProdukName = []: null

2023-10-02 13:40:34 - [TEST_STEP][PASSED] - for ([i = 0, i < dataList.size(), (i++)]): null

2023-10-02 13:40:34 - [TEST_STEP][PASSED] - text = text: null

2023-10-02 13:40:34 - [TEST_STEP][PASSED] - arrProdukName[i] = text.toLowerCase(): null

2023-10-02 13:40:34 - [TEST_STEP][PASSED] - text = text: null

2023-10-02 13:40:34 - [TEST_STEP][PASSED] - arrProdukName[i] = text.toLowerCase(): null

2023-10-02 13:40:34 - [TEST_STEP][PASSED] - text = text: null

2023-10-02 13:40:34 - [TEST_STEP][PASSED] - arrProdukName[i] = text.toLowerCase(): null

2023-10-02 13:40:34 - [TEST_STEP][PASSED] - text = text: null

2023-10-02 13:40:34 - [TEST_STEP][PASSED] - arrProdukName[i] = text.toLowerCase(): null

2023-10-02 13:40:34 - [TEST_STEP][PASSED] - text = text: null

2023-10-02 13:40:34 - [TEST_STEP][PASSED] - arrProdukName[i] = text.toLowerCase(): null

2023-10-02 13:40:34 - [TEST_STEP][PASSED] - text = text: null

2023-10-02 13:40:34 - [TEST_STEP][PASSED] - arrProdukName[i] = text.toLowerCase(): null

2023-10-02 13:40:34 - [TEST_STEP][PASSED] - text = text: null

2023-10-02 13:40:34 - [TEST_STEP][PASSED] - arrProdukName[i] = text.toLowerCase(): null

2023-10-02 13:40:34 - [TEST_STEP][PASSED] - text = text: null

2023-10-02 13:40:34 - [TEST_STEP][PASSED] - arrProdukName[i] = text.toLowerCase(): null

2023-10-02 13:40:34 - [TEST_STEP][PASSED] - text = text: null

2023-10-02 13:40:34 - [TEST_STEP][PASSED] - arrProdukName[i] = text.toLowerCase(): null

2023-10-02 13:40:34 - [TEST_STEP][PASSED] - text = text: null

2023-10-02 13:40:34 - [TEST_STEP][PASSED] - arrProdukName[i] = text.toLowerCase(): null

2023-10-02 13:40:34 - [TEST_STEP][PASSED] - text = text: null

2023-10-02 13:40:34 - [TEST_STEP][PASSED] - arrProdukName[i] = text.toLowerCase(): null

2023-10-02 13:40:34 - [TEST_STEP][PASSED] - text = text: null

2023-10-02 13:40:34 - [TEST_STEP][PASSED] - arrProdukName[i] = text.toLowerCase(): null

2023-10-02 13:40:34 - [TEST_STEP][PASSED] - print(arrProdukName): null

2023-10-02 13:40:34 - [TEST_STEP][PASSED] - for ([i = 0, i < dataList.size(), (i++)]): null

2023-10-02 13:40:34 - [TEST_STEP][PASSED] - assert arrProdukName[i].contains(merk): null

2023-10-02 13:40:34 - [TEST_STEP][PASSED] - assert arrProdukName[i].contains(merk): null

2023-10-02 13:40:34 - [TEST_STEP][PASSED] - assert arrProdukName[i].contains(merk): null

2023-10-02 13:40:34 - [TEST_STEP][PASSED] - assert arrProdukName[i].contains(merk): null

2023-10-02 13:40:34 - [TEST_STEP][PASSED] - assert arrProdukName[i].contains(merk): null

2023-10-02 13:40:34 - [TEST_STEP][PASSED] - assert arrProdukName[i].contains(merk): null

2023-10-02 13:40:34 - [TEST_STEP][PASSED] - assert arrProdukName[i].contains(merk): null

2023-10-02 13:40:34 - [TEST_STEP][PASSED] - assert arrProdukName[i].contains(merk): null

2023-10-02 13:40:34 - [TEST_STEP][PASSED] - assert arrProdukName[i].contains(merk): null

2023-10-02 13:40:34 - [TEST_STEP][PASSED] - assert arrProdukName[i].contains(merk): null

2023-10-02 13:40:34 - [TEST_STEP][PASSED] - assert arrProdukName[i].contains(merk): null

2023-10-02 13:40:34 - [TEST_STEP][PASSED] - assert arrProdukName[i].contains(merk): null

2023-10-02 13:40:34 - [MESSAGE][PASSED] - Call Test Case 'Test Cases/Search Product/TC-SP-002' successfully

2023-10-02 13:40:34 - [TEST_STEP][PASSED] - click(findTestObject("Search Product/Katagoti Elektronik")): Object: 'Object Repository/Search Product/Katagoti Elektronik' is clicked on

2023-10-02 13:40:35 - [MESSAGE][PASSED] - Object: 'Object Repository/Search Product/Katagoti Elektronik' is clicked on

2023-10-02 13:40:35 - [TEST_STEP][PASSED] - dataList = findWebElements(findTestObject("Object Repository/Search Product/Nama Product Elektronik"), 10): null

2023-10-02 13:40:35 - [TEST_STEP][PASSED] - jumlah = getText(findTestObject("Object Repository/Search Product/Jumlah Elektronik")): Text of object 'Object Repository/Search Product/Jumlah Elektronik' is: '(5)'

2023-10-02 13:40:36 - [MESSAGE][PASSED] - Text of object 'Object Repository/Search Product/Jumlah Elektronik' is: '(5)'

2023-10-02 13:40:36 - [TEST_STEP][PASSED] - angka1 = jumlah.replace("(", ""): null

2023-10-02 13:40:36 - [TEST_STEP][PASSED] - angkaStr = angka1.replace(")", ""): null

2023-10-02 13:40:36 - [TEST_STEP][PASSED] - println(angkaStr): null

2023-10-02 13:40:36 - [TEST_STEP][PASSED] - println(dataList.size()): null

2023-10-02 13:40:36 - [TEST_STEP][PASSED] - assert Integer.parseInt(angkaStr) == dataList.size(): null]]></system-out>
         <system-err><![CDATA[]]></system-err>
      </testcase>
      <testcase name="Test Cases/Search Product/TC-SP-008" time="9.901" classname="Test Cases/Search Product/TC-SP-008" status="PASSED">
         <system-out><![CDATA[2023-10-02 13:40:36 - [TEST_CASE][PASSED] - Test Cases/Search Product/TC-SP-008: Test Cases/Search Product/TC-SP-008

2023-10-02 13:40:36 - [TEST_STEP][PASSED] - openBrowser("https://10.9.2.63/ecommerce/"): Browser is opened with url: 'https://10.9.2.63/ecommerce/'

2023-10-02 13:40:36 - [MESSAGE][WARNING] - A browser is already opened. Closing browser and opening a new one

2023-10-02 13:40:37 - [MESSAGE][INFO] - Starting 'Edge Chromium' driver

2023-10-02 13:40:37 - [MESSAGE][INFO] - User set preference: ['acceptInsecureCerts', 'true']

2023-10-02 13:40:39 - [MESSAGE][INFO] - Action delay is set to 0 milliseconds

2023-10-02 13:40:43 - [MESSAGE][PASSED] - Browser is opened with url: 'https://10.9.2.63/ecommerce/'

2023-10-02 13:40:43 - [TEST_STEP][PASSED] - maximizeWindow(): Current window maximized

2023-10-02 13:40:43 - [MESSAGE][PASSED] - Current window maximized

2023-10-02 13:40:43 - [TEST_STEP][PASSED] - setText(findTestObject("Search Product/Input Product"), "Kamera Vintage"): Text 'Kamera Vintage' is set on object 'Object Repository/Search Product/Input Product'

2023-10-02 13:40:44 - [MESSAGE][PASSED] - Text 'Kamera Vintage' is set on object 'Object Repository/Search Product/Input Product'

2023-10-02 13:40:44 - [TEST_STEP][PASSED] - click(findTestObject("Search Product/button_Cari Product")): Object: 'Object Repository/Search Product/button_Cari Product' is clicked on

2023-10-02 13:40:45 - [MESSAGE][PASSED] - Object: 'Object Repository/Search Product/button_Cari Product' is clicked on

2023-10-02 13:40:45 - [TEST_STEP][PASSED] - verifyElementText(findTestObject("Search Product/produk gak ditemukan"), "Oops, produk gak ditemukan"): Actual text and expected text of test object 'Object Repository/Search Product/produk gak ditemukan' are matched.

2023-10-02 13:40:46 - [MESSAGE][PASSED] - Actual text and expected text of test object 'Object Repository/Search Product/produk gak ditemukan' are matched.]]></system-out>
         <system-err><![CDATA[]]></system-err>
      </testcase>
      <testcase name="Test Cases/Search Product/TC-SP-009" time="9.635" classname="Test Cases/Search Product/TC-SP-009" status="PASSED">
         <system-out><![CDATA[2023-10-02 13:40:46 - [TEST_CASE][PASSED] - Test Cases/Search Product/TC-SP-009: Test Cases/Search Product/TC-SP-009

2023-10-02 13:40:46 - [TEST_STEP][PASSED] - openBrowser("https://10.9.2.63/ecommerce/"): Browser is opened with url: 'https://10.9.2.63/ecommerce/'

2023-10-02 13:40:46 - [MESSAGE][WARNING] - A browser is already opened. Closing browser and opening a new one

2023-10-02 13:40:47 - [MESSAGE][INFO] - Starting 'Edge Chromium' driver

2023-10-02 13:40:47 - [MESSAGE][INFO] - User set preference: ['acceptInsecureCerts', 'true']

2023-10-02 13:40:49 - [MESSAGE][INFO] - Action delay is set to 0 milliseconds

2023-10-02 13:40:52 - [MESSAGE][PASSED] - Browser is opened with url: 'https://10.9.2.63/ecommerce/'

2023-10-02 13:40:52 - [TEST_STEP][PASSED] - maximizeWindow(): Current window maximized

2023-10-02 13:40:52 - [MESSAGE][PASSED] - Current window maximized

2023-10-02 13:40:52 - [TEST_STEP][PASSED] - mouseOver(findTestObject("Search Product/Kategori Produk")): Object: 'Object Repository/Search Product/Kategori Produk' is hovered

2023-10-02 13:40:53 - [MESSAGE][PASSED] - Object: 'Object Repository/Search Product/Kategori Produk' is hovered

2023-10-02 13:40:53 - [TEST_STEP][PASSED] - mouseOver(findTestObject("Search Product/Katagori Fashion Busana Pria")): Object: 'Object Repository/Search Product/Katagori Fashion Busana Pria' is hovered

2023-10-02 13:40:54 - [MESSAGE][PASSED] - Object: 'Object Repository/Search Product/Katagori Fashion Busana Pria' is hovered

2023-10-02 13:40:54 - [TEST_STEP][PASSED] - click(findTestObject("Search Product/Katagori Fashion Busana Pria Accessoris")): Object: 'Object Repository/Search Product/Katagori Fashion Busana Pria Accessoris' is clicked on

2023-10-02 13:40:55 - [MESSAGE][PASSED] - Object: 'Object Repository/Search Product/Katagori Fashion Busana Pria Accessoris' is clicked on

2023-10-02 13:40:55 - [TEST_STEP][PASSED] - verifyElementText(findTestObject("Search Product/Nama Product/Men Singelete - Baju Dalam Menarik"), "Men Singelete - Baju Dalam Menarik"): Actual text and expected text of test object 'Object Repository/Search Product/Nama Product/Men Singelete - Baju Dalam Menarik' are matched.

2023-10-02 13:40:55 - [MESSAGE][PASSED] - Actual text and expected text of test object 'Object Repository/Search Product/Nama Product/Men Singelete - Baju Dalam Menarik' are matched.]]></system-out>
         <system-err><![CDATA[]]></system-err>
      </testcase>
      <testcase name="Test Cases/Search Product/TC-SP-010" time="10.209" classname="Test Cases/Search Product/TC-SP-010" status="PASSED">
         <system-out><![CDATA[2023-10-02 13:40:55 - [TEST_CASE][PASSED] - Test Cases/Search Product/TC-SP-010: Test Cases/Search Product/TC-SP-010

2023-10-02 13:40:56 - [TEST_STEP][PASSED] - openBrowser("https://10.9.2.63/ecommerce/"): Browser is opened with url: 'https://10.9.2.63/ecommerce/'

2023-10-02 13:40:56 - [MESSAGE][WARNING] - A browser is already opened. Closing browser and opening a new one

2023-10-02 13:40:56 - [MESSAGE][INFO] - Starting 'Edge Chromium' driver

2023-10-02 13:40:56 - [MESSAGE][INFO] - User set preference: ['acceptInsecureCerts', 'true']

2023-10-02 13:40:58 - [MESSAGE][INFO] - Action delay is set to 0 milliseconds

2023-10-02 13:41:02 - [MESSAGE][PASSED] - Browser is opened with url: 'https://10.9.2.63/ecommerce/'

2023-10-02 13:41:02 - [TEST_STEP][PASSED] - maximizeWindow(): Current window maximized

2023-10-02 13:41:02 - [MESSAGE][PASSED] - Current window maximized

2023-10-02 13:41:02 - [TEST_STEP][PASSED] - verifyElementPresent(findTestObject("Search Product/Verify Page Tajalapak"), 0): Object 'Object Repository/Search Product/Verify Page Tajalapak' is present

2023-10-02 13:41:02 - [MESSAGE][WARNING] - Timeout '0' is invalid. Using default page load timeout: '30'

2023-10-02 13:41:03 - [MESSAGE][PASSED] - Object 'Object Repository/Search Product/Verify Page Tajalapak' is present

2023-10-02 13:41:03 - [TEST_STEP][PASSED] - setText(findTestObject("Search Product/Input Product"), merk): Text 'DeLl' is set on object 'Object Repository/Search Product/Input Product'

2023-10-02 13:41:04 - [MESSAGE][PASSED] - Text 'DeLl' is set on object 'Object Repository/Search Product/Input Product'

2023-10-02 13:41:04 - [TEST_STEP][PASSED] - click(findTestObject("Search Product/button_Cari Product")): Object: 'Object Repository/Search Product/button_Cari Product' is clicked on

2023-10-02 13:41:05 - [MESSAGE][PASSED] - Object: 'Object Repository/Search Product/button_Cari Product' is clicked on

2023-10-02 13:41:05 - [TEST_STEP][PASSED] - merk_product = getText(findTestObject("Object Repository/Search Product/Laptop Merk Dell")): Text of object 'Object Repository/Search Product/Laptop Merk Dell' is: 'DELL Business Latitude 7290 (Core i7-8,..'

2023-10-02 13:41:06 - [MESSAGE][PASSED] - Text of object 'Object Repository/Search Product/Laptop Merk Dell' is: 'DELL Business Latitude 7290 (Core i7-8,..'

2023-10-02 13:41:06 - [TEST_STEP][PASSED] - merkLowercase = merk_product.toLowerCase(): null

2023-10-02 13:41:06 - [TEST_STEP][PASSED] - assert merkLowercase.contains(merk.toLowerCase()): null]]></system-out>
         <system-err><![CDATA[]]></system-err>
      </testcase>
      <testcase name="Test Cases/Search Product/TC-SP-011" time="24.652" classname="Test Cases/Search Product/TC-SP-011" status="PASSED">
         <system-out><![CDATA[2023-10-02 13:41:06 - [TEST_CASE][PASSED] - Test Cases/Search Product/TC-SP-011: Test Cases/Search Product/TC-SP-011

2023-10-02 13:41:06 - [TEST_STEP][PASSED] - callTestCase(findTestCase("Search Product/TC-SP-002"), ["merk":"a"], STOP_ON_FAILURE): Call Test Case 'Test Cases/Search Product/TC-SP-002' successfully

2023-10-02 13:41:06 - [TEST_CASE][PASSED] - Test Cases/Search Product/TC-SP-002: Test Cases/Search Product/TC-SP-002

2023-10-02 13:41:06 - [TEST_STEP][PASSED] - openBrowser("https://10.9.2.63/ecommerce/"): Browser is opened with url: 'https://10.9.2.63/ecommerce/'

2023-10-02 13:41:06 - [MESSAGE][WARNING] - A browser is already opened. Closing browser and opening a new one

2023-10-02 13:41:07 - [MESSAGE][INFO] - Starting 'Edge Chromium' driver

2023-10-02 13:41:07 - [MESSAGE][INFO] - User set preference: ['acceptInsecureCerts', 'true']

2023-10-02 13:41:09 - [MESSAGE][INFO] - Action delay is set to 0 milliseconds

2023-10-02 13:41:12 - [MESSAGE][PASSED] - Browser is opened with url: 'https://10.9.2.63/ecommerce/'

2023-10-02 13:41:12 - [TEST_STEP][PASSED] - maximizeWindow(): Current window maximized

2023-10-02 13:41:12 - [MESSAGE][PASSED] - Current window maximized

2023-10-02 13:41:12 - [TEST_STEP][PASSED] - verifyElementPresent(findTestObject("Search Product/Verify Page Tajalapak"), 0): Object 'Object Repository/Search Product/Verify Page Tajalapak' is present

2023-10-02 13:41:12 - [MESSAGE][WARNING] - Timeout '0' is invalid. Using default page load timeout: '30'

2023-10-02 13:41:13 - [MESSAGE][PASSED] - Object 'Object Repository/Search Product/Verify Page Tajalapak' is present

2023-10-02 13:41:13 - [TEST_STEP][PASSED] - setText(findTestObject("Search Product/Input Product"), merk): Text 'a' is set on object 'Object Repository/Search Product/Input Product'

2023-10-02 13:41:13 - [MESSAGE][PASSED] - Text 'a' is set on object 'Object Repository/Search Product/Input Product'

2023-10-02 13:41:13 - [TEST_STEP][PASSED] - click(findTestObject("Search Product/button_Cari Product")): Object: 'Object Repository/Search Product/button_Cari Product' is clicked on

2023-10-02 13:41:14 - [MESSAGE][PASSED] - Object: 'Object Repository/Search Product/button_Cari Product' is clicked on

2023-10-02 13:41:14 - [TEST_STEP][PASSED] - dataList = findWebElements(findTestObject("Object Repository/Search Product/Semua nama Produk"), 10): null

2023-10-02 13:41:15 - [TEST_STEP][PASSED] - arrProdukName = []: null

2023-10-02 13:41:15 - [TEST_STEP][PASSED] - for ([i = 0, i < dataList.size(), (i++)]): null

2023-10-02 13:41:15 - [TEST_STEP][PASSED] - text = text: null

2023-10-02 13:41:15 - [TEST_STEP][PASSED] - arrProdukName[i] = text.toLowerCase(): null

2023-10-02 13:41:15 - [TEST_STEP][PASSED] - text = text: null

2023-10-02 13:41:15 - [TEST_STEP][PASSED] - arrProdukName[i] = text.toLowerCase(): null

2023-10-02 13:41:15 - [TEST_STEP][PASSED] - text = text: null

2023-10-02 13:41:15 - [TEST_STEP][PASSED] - arrProdukName[i] = text.toLowerCase(): null

2023-10-02 13:41:15 - [TEST_STEP][PASSED] - text = text: null

2023-10-02 13:41:15 - [TEST_STEP][PASSED] - arrProdukName[i] = text.toLowerCase(): null

2023-10-02 13:41:15 - [TEST_STEP][PASSED] - text = text: null

2023-10-02 13:41:15 - [TEST_STEP][PASSED] - arrProdukName[i] = text.toLowerCase(): null

2023-10-02 13:41:15 - [TEST_STEP][PASSED] - text = text: null

2023-10-02 13:41:15 - [TEST_STEP][PASSED] - arrProdukName[i] = text.toLowerCase(): null

2023-10-02 13:41:15 - [TEST_STEP][PASSED] - text = text: null

2023-10-02 13:41:15 - [TEST_STEP][PASSED] - arrProdukName[i] = text.toLowerCase(): null

2023-10-02 13:41:15 - [TEST_STEP][PASSED] - text = text: null

2023-10-02 13:41:15 - [TEST_STEP][PASSED] - arrProdukName[i] = text.toLowerCase(): null

2023-10-02 13:41:15 - [TEST_STEP][PASSED] - text = text: null

2023-10-02 13:41:15 - [TEST_STEP][PASSED] - arrProdukName[i] = text.toLowerCase(): null

2023-10-02 13:41:15 - [TEST_STEP][PASSED] - text = text: null

2023-10-02 13:41:15 - [TEST_STEP][PASSED] - arrProdukName[i] = text.toLowerCase(): null

2023-10-02 13:41:15 - [TEST_STEP][PASSED] - text = text: null

2023-10-02 13:41:15 - [TEST_STEP][PASSED] - arrProdukName[i] = text.toLowerCase(): null

2023-10-02 13:41:15 - [TEST_STEP][PASSED] - text = text: null

2023-10-02 13:41:15 - [TEST_STEP][PASSED] - arrProdukName[i] = text.toLowerCase(): null

2023-10-02 13:41:15 - [TEST_STEP][PASSED] - print(arrProdukName): null

2023-10-02 13:41:15 - [TEST_STEP][PASSED] - for ([i = 0, i < dataList.size(), (i++)]): null

2023-10-02 13:41:15 - [TEST_STEP][PASSED] - assert arrProdukName[i].contains(merk): null

2023-10-02 13:41:15 - [TEST_STEP][PASSED] - assert arrProdukName[i].contains(merk): null

2023-10-02 13:41:15 - [TEST_STEP][PASSED] - assert arrProdukName[i].contains(merk): null

2023-10-02 13:41:15 - [TEST_STEP][PASSED] - assert arrProdukName[i].contains(merk): null

2023-10-02 13:41:15 - [TEST_STEP][PASSED] - assert arrProdukName[i].contains(merk): null

2023-10-02 13:41:15 - [TEST_STEP][PASSED] - assert arrProdukName[i].contains(merk): null

2023-10-02 13:41:15 - [TEST_STEP][PASSED] - assert arrProdukName[i].contains(merk): null

2023-10-02 13:41:15 - [TEST_STEP][PASSED] - assert arrProdukName[i].contains(merk): null

2023-10-02 13:41:15 - [TEST_STEP][PASSED] - assert arrProdukName[i].contains(merk): null

2023-10-02 13:41:15 - [TEST_STEP][PASSED] - assert arrProdukName[i].contains(merk): null

2023-10-02 13:41:15 - [TEST_STEP][PASSED] - assert arrProdukName[i].contains(merk): null

2023-10-02 13:41:15 - [TEST_STEP][PASSED] - assert arrProdukName[i].contains(merk): null

2023-10-02 13:41:15 - [MESSAGE][PASSED] - Call Test Case 'Test Cases/Search Product/TC-SP-002' successfully

2023-10-02 13:41:15 - [TEST_STEP][PASSED] - setText(findTestObject("Search Product/input_Filter Produk_dari"), Min): Text '1000000000' is set on object 'Object Repository/Search Product/input_Filter Produk_dari'

2023-10-02 13:41:17 - [MESSAGE][PASSED] - Text '1000000000' is set on object 'Object Repository/Search Product/input_Filter Produk_dari'

2023-10-02 13:41:17 - [TEST_STEP][PASSED] - setText(findTestObject("Search Product/input_Filter Produk_sampai"), Max): Text '2000000000' is set on object 'Object Repository/Search Product/input_Filter Produk_sampai'

2023-10-02 13:41:18 - [MESSAGE][PASSED] - Text '2000000000' is set on object 'Object Repository/Search Product/input_Filter Produk_sampai'

2023-10-02 13:41:18 - [TEST_STEP][PASSED] - click(findTestObject("Search Product/button_Tampilkan product dari sampai")): Object: 'Object Repository/Search Product/button_Tampilkan product dari sampai' is clicked on

2023-10-02 13:41:19 - [MESSAGE][PASSED] - Object: 'Object Repository/Search Product/button_Tampilkan product dari sampai' is clicked on

2023-10-02 13:41:19 - [TEST_STEP][PASSED] - dataList = findWebElements(findTestObject("Object Repository/Search Product/Harga Semua Product"), 10): Unable to find the element located by 'By.xpath: /html/body/div[9]/div/div/div[2]/div[2]/div[2]/div[1]/div/div/div/div/div/div/p'. Please recheck the objects properties to make sure the desired element is located. 

2023-10-02 13:41:30 - [MESSAGE][INFO] - Unable to find the element located by 'By.xpath: /html/body/div[9]/div/div/div[2]/div[2]/div[2]/div[1]/div/div/div/div/div/div/p'. Please recheck the objects properties to make sure the desired element is located. 

2023-10-02 13:41:30 - [TEST_STEP][PASSED] - arrProdukHarga = []: null

2023-10-02 13:41:30 - [TEST_STEP][PASSED] - for ([i = 0, i < dataList.size(), (i++)]): null

2023-10-02 13:41:30 - [TEST_STEP][PASSED] - for ([i = 0, i < dataList.size(), (i++)]): null]]></system-out>
         <system-err><![CDATA[]]></system-err>
      </testcase>
      <testcase name="Test Cases/Search Product/TC-SPN-001" time="19.714" classname="Test Cases/Search Product/TC-SPN-001" status="PASSED">
         <system-out><![CDATA[2023-10-02 13:41:30 - [TEST_CASE][PASSED] - Test Cases/Search Product/TC-SPN-001: Test Cases/Search Product/TC-SPN-001

2023-10-02 13:41:30 - [TEST_STEP][PASSED] - callTestCase(findTestCase("Search Product/TC-SP-002"), ["merk":"a"], STOP_ON_FAILURE): Call Test Case 'Test Cases/Search Product/TC-SP-002' successfully

2023-10-02 13:41:31 - [TEST_CASE][PASSED] - Test Cases/Search Product/TC-SP-002: Test Cases/Search Product/TC-SP-002

2023-10-02 13:41:31 - [TEST_STEP][PASSED] - openBrowser("https://10.9.2.63/ecommerce/"): Browser is opened with url: 'https://10.9.2.63/ecommerce/'

2023-10-02 13:41:31 - [MESSAGE][WARNING] - A browser is already opened. Closing browser and opening a new one

2023-10-02 13:41:31 - [MESSAGE][INFO] - Starting 'Edge Chromium' driver

2023-10-02 13:41:31 - [MESSAGE][INFO] - User set preference: ['acceptInsecureCerts', 'true']

2023-10-02 13:41:34 - [MESSAGE][INFO] - Action delay is set to 0 milliseconds

2023-10-02 13:41:37 - [MESSAGE][PASSED] - Browser is opened with url: 'https://10.9.2.63/ecommerce/'

2023-10-02 13:41:37 - [TEST_STEP][PASSED] - maximizeWindow(): Current window maximized

2023-10-02 13:41:37 - [MESSAGE][PASSED] - Current window maximized

2023-10-02 13:41:37 - [TEST_STEP][PASSED] - verifyElementPresent(findTestObject("Search Product/Verify Page Tajalapak"), 0): Object 'Object Repository/Search Product/Verify Page Tajalapak' is present

2023-10-02 13:41:38 - [MESSAGE][WARNING] - Timeout '0' is invalid. Using default page load timeout: '30'

2023-10-02 13:41:38 - [MESSAGE][PASSED] - Object 'Object Repository/Search Product/Verify Page Tajalapak' is present

2023-10-02 13:41:38 - [TEST_STEP][PASSED] - setText(findTestObject("Search Product/Input Product"), merk): Text 'a' is set on object 'Object Repository/Search Product/Input Product'

2023-10-02 13:41:39 - [MESSAGE][PASSED] - Text 'a' is set on object 'Object Repository/Search Product/Input Product'

2023-10-02 13:41:39 - [TEST_STEP][PASSED] - click(findTestObject("Search Product/button_Cari Product")): Object: 'Object Repository/Search Product/button_Cari Product' is clicked on

2023-10-02 13:41:40 - [MESSAGE][PASSED] - Object: 'Object Repository/Search Product/button_Cari Product' is clicked on

2023-10-02 13:41:40 - [TEST_STEP][PASSED] - dataList = findWebElements(findTestObject("Object Repository/Search Product/Semua nama Produk"), 10): null

2023-10-02 13:41:41 - [TEST_STEP][PASSED] - arrProdukName = []: null

2023-10-02 13:41:41 - [TEST_STEP][PASSED] - for ([i = 0, i < dataList.size(), (i++)]): null

2023-10-02 13:41:41 - [TEST_STEP][PASSED] - text = text: null

2023-10-02 13:41:41 - [TEST_STEP][PASSED] - arrProdukName[i] = text.toLowerCase(): null

2023-10-02 13:41:41 - [TEST_STEP][PASSED] - text = text: null

2023-10-02 13:41:41 - [TEST_STEP][PASSED] - arrProdukName[i] = text.toLowerCase(): null

2023-10-02 13:41:41 - [TEST_STEP][PASSED] - text = text: null

2023-10-02 13:41:41 - [TEST_STEP][PASSED] - arrProdukName[i] = text.toLowerCase(): null

2023-10-02 13:41:41 - [TEST_STEP][PASSED] - text = text: null

2023-10-02 13:41:41 - [TEST_STEP][PASSED] - arrProdukName[i] = text.toLowerCase(): null

2023-10-02 13:41:41 - [TEST_STEP][PASSED] - text = text: null

2023-10-02 13:41:41 - [TEST_STEP][PASSED] - arrProdukName[i] = text.toLowerCase(): null

2023-10-02 13:41:41 - [TEST_STEP][PASSED] - text = text: null

2023-10-02 13:41:41 - [TEST_STEP][PASSED] - arrProdukName[i] = text.toLowerCase(): null

2023-10-02 13:41:41 - [TEST_STEP][PASSED] - text = text: null

2023-10-02 13:41:41 - [TEST_STEP][PASSED] - arrProdukName[i] = text.toLowerCase(): null

2023-10-02 13:41:41 - [TEST_STEP][PASSED] - text = text: null

2023-10-02 13:41:41 - [TEST_STEP][PASSED] - arrProdukName[i] = text.toLowerCase(): null

2023-10-02 13:41:41 - [TEST_STEP][PASSED] - text = text: null

2023-10-02 13:41:41 - [TEST_STEP][PASSED] - arrProdukName[i] = text.toLowerCase(): null

2023-10-02 13:41:41 - [TEST_STEP][PASSED] - text = text: null

2023-10-02 13:41:41 - [TEST_STEP][PASSED] - arrProdukName[i] = text.toLowerCase(): null

2023-10-02 13:41:41 - [TEST_STEP][PASSED] - text = text: null

2023-10-02 13:41:41 - [TEST_STEP][PASSED] - arrProdukName[i] = text.toLowerCase(): null

2023-10-02 13:41:41 - [TEST_STEP][PASSED] - text = text: null

2023-10-02 13:41:41 - [TEST_STEP][PASSED] - arrProdukName[i] = text.toLowerCase(): null

2023-10-02 13:41:41 - [TEST_STEP][PASSED] - print(arrProdukName): null

2023-10-02 13:41:41 - [TEST_STEP][PASSED] - for ([i = 0, i < dataList.size(), (i++)]): null

2023-10-02 13:41:41 - [TEST_STEP][PASSED] - assert arrProdukName[i].contains(merk): null

2023-10-02 13:41:41 - [TEST_STEP][PASSED] - assert arrProdukName[i].contains(merk): null

2023-10-02 13:41:41 - [TEST_STEP][PASSED] - assert arrProdukName[i].contains(merk): null

2023-10-02 13:41:41 - [TEST_STEP][PASSED] - assert arrProdukName[i].contains(merk): null

2023-10-02 13:41:41 - [TEST_STEP][PASSED] - assert arrProdukName[i].contains(merk): null

2023-10-02 13:41:41 - [TEST_STEP][PASSED] - assert arrProdukName[i].contains(merk): null

2023-10-02 13:41:41 - [TEST_STEP][PASSED] - assert arrProdukName[i].contains(merk): null

2023-10-02 13:41:41 - [TEST_STEP][PASSED] - assert arrProdukName[i].contains(merk): null

2023-10-02 13:41:41 - [TEST_STEP][PASSED] - assert arrProdukName[i].contains(merk): null

2023-10-02 13:41:41 - [TEST_STEP][PASSED] - assert arrProdukName[i].contains(merk): null

2023-10-02 13:41:41 - [TEST_STEP][PASSED] - assert arrProdukName[i].contains(merk): null

2023-10-02 13:41:41 - [TEST_STEP][PASSED] - assert arrProdukName[i].contains(merk): null

2023-10-02 13:41:41 - [MESSAGE][PASSED] - Call Test Case 'Test Cases/Search Product/TC-SP-002' successfully

2023-10-02 13:41:41 - [TEST_STEP][PASSED] - terkecil = getAttribute(findTestObject("Object Repository/Search Product/input_Filter Produk_dari"), "value"): Attribute 'value' of object 'Object Repository/Search Product/input_Filter Produk_dari' is: ''

2023-10-02 13:41:41 - [MESSAGE][PASSED] - Attribute 'value' of object 'Object Repository/Search Product/input_Filter Produk_dari' is: ''

2023-10-02 13:41:41 - [TEST_STEP][PASSED] - terbesar = getAttribute(findTestObject("Object Repository/Search Product/input_Filter Produk_sampai"), "value"): Attribute 'value' of object 'Object Repository/Search Product/input_Filter Produk_sampai' is: ''

2023-10-02 13:41:42 - [MESSAGE][PASSED] - Attribute 'value' of object 'Object Repository/Search Product/input_Filter Produk_sampai' is: ''

2023-10-02 13:41:42 - [TEST_STEP][PASSED] - setText(findTestObject("Search Product/input_Filter Produk_dari"), "5000"): Text '5000' is set on object 'Object Repository/Search Product/input_Filter Produk_dari'

2023-10-02 13:41:43 - [MESSAGE][PASSED] - Text '5000' is set on object 'Object Repository/Search Product/input_Filter Produk_dari'

2023-10-02 13:41:43 - [TEST_STEP][PASSED] - setText(findTestObject("Search Product/input_Filter Produk_sampai"), "10000"): Text '10000' is set on object 'Object Repository/Search Product/input_Filter Produk_sampai'

2023-10-02 13:41:44 - [MESSAGE][PASSED] - Text '10000' is set on object 'Object Repository/Search Product/input_Filter Produk_sampai'

2023-10-02 13:41:44 - [TEST_STEP][PASSED] - click(findTestObject("Search Product/button_Tampilkan product dari sampai")): Object: 'Object Repository/Search Product/button_Tampilkan product dari sampai' is clicked on

2023-10-02 13:41:45 - [MESSAGE][PASSED] - Object: 'Object Repository/Search Product/button_Tampilkan product dari sampai' is clicked on

2023-10-02 13:41:45 - [TEST_STEP][PASSED] - setText(findTestObject("Search Product/input_Filter Produk_dari"), ""): Text '' is set on object 'Object Repository/Search Product/input_Filter Produk_dari'

2023-10-02 13:41:47 - [MESSAGE][PASSED] - Text '' is set on object 'Object Repository/Search Product/input_Filter Produk_dari'

2023-10-02 13:41:47 - [TEST_STEP][PASSED] - setText(findTestObject("Search Product/input_Filter Produk_sampai"), ""): Text '' is set on object 'Object Repository/Search Product/input_Filter Produk_sampai'

2023-10-02 13:41:48 - [MESSAGE][PASSED] - Text '' is set on object 'Object Repository/Search Product/input_Filter Produk_sampai'

2023-10-02 13:41:48 - [TEST_STEP][PASSED] - click(findTestObject("Search Product/button_Tampilkan product dari sampai")): Object: 'Object Repository/Search Product/button_Tampilkan product dari sampai' is clicked on

2023-10-02 13:41:49 - [MESSAGE][PASSED] - Object: 'Object Repository/Search Product/button_Tampilkan product dari sampai' is clicked on

2023-10-02 13:41:49 - [TEST_STEP][PASSED] - println(terkecil): null

2023-10-02 13:41:49 - [TEST_STEP][PASSED] - println(terbesar): null

2023-10-02 13:41:49 - [TEST_STEP][PASSED] - terkecil1 = getAttribute(findTestObject("Object Repository/Search Product/input_Filter Produk_dari"), "value"): Attribute 'value' of object 'Object Repository/Search Product/input_Filter Produk_dari' is: ''

2023-10-02 13:41:50 - [MESSAGE][PASSED] - Attribute 'value' of object 'Object Repository/Search Product/input_Filter Produk_dari' is: ''

2023-10-02 13:41:50 - [TEST_STEP][PASSED] - terbesar1 = getAttribute(findTestObject("Object Repository/Search Product/input_Filter Produk_sampai"), "value"): Attribute 'value' of object 'Object Repository/Search Product/input_Filter Produk_sampai' is: ''

2023-10-02 13:41:50 - [MESSAGE][PASSED] - Attribute 'value' of object 'Object Repository/Search Product/input_Filter Produk_sampai' is: ''

2023-10-02 13:41:50 - [TEST_STEP][PASSED] - assert terkecil == terkecil1: null

2023-10-02 13:41:50 - [TEST_STEP][PASSED] - assert terbesar == terbesar1: null]]></system-out>
         <system-err><![CDATA[]]></system-err>
      </testcase>
      <testcase name="Test Cases/Search Product/TC-SPN-002" time="15.626" classname="Test Cases/Search Product/TC-SPN-002" status="FAILED">
         <failure type="FAILED" message="Test Cases/Search Product/TC-SPN-002 FAILED.
Reason:
Assertion failed: 

assert error_message == 'Check Your Price'
       |             |
       &quot;&quot;            false

	at TC-SPN-002.run(TC-SPN-002:46)
	at com.kms.katalon.core.main.ScriptEngine.run(ScriptEngine.java:194)
	at com.kms.katalon.core.main.ScriptEngine.runScriptAsRawText(ScriptEngine.java:119)
	at com.kms.katalon.core.main.TestCaseExecutor.runScript(TestCaseExecutor.java:448)
	at com.kms.katalon.core.main.TestCaseExecutor.doExecute(TestCaseExecutor.java:439)
	at com.kms.katalon.core.main.TestCaseExecutor.processExecutionPhase(TestCaseExecutor.java:418)
	at com.kms.katalon.core.main.TestCaseExecutor.accessMainPhase(TestCaseExecutor.java:410)
	at com.kms.katalon.core.main.TestCaseExecutor.execute(TestCaseExecutor.java:285)
	at com.kms.katalon.core.common.CommonExecutor.accessTestCaseMainPhase(CommonExecutor.java:65)
	at com.kms.katalon.core.main.TestSuiteExecutor.accessTestSuiteMainPhase(TestSuiteExecutor.java:148)
	at com.kms.katalon.core.main.TestSuiteExecutor.execute(TestSuiteExecutor.java:106)
	at com.kms.katalon.core.main.TestCaseMain.startTestSuite(TestCaseMain.java:187)
	at com.kms.katalon.core.main.TestCaseMain$startTestSuite$0.call(Unknown Source)
	at TempTestSuite1696228697970.run(TempTestSuite1696228697970.groovy:36)
"/>
         <system-out><![CDATA[2023-10-02 13:41:50 - [TEST_CASE][FAILED] - Test Cases/Search Product/TC-SPN-002: Test Cases/Search Product/TC-SPN-002 FAILED.
Reason:
Assertion failed: 

assert error_message == 'Check Your Price'
       |             |
       ""            false

	at TC-SPN-002.run(TC-SPN-002:46)
	at com.kms.katalon.core.main.ScriptEngine.run(ScriptEngine.java:194)
	at com.kms.katalon.core.main.ScriptEngine.runScriptAsRawText(ScriptEngine.java:119)
	at com.kms.katalon.core.main.TestCaseExecutor.runScript(TestCaseExecutor.java:448)
	at com.kms.katalon.core.main.TestCaseExecutor.doExecute(TestCaseExecutor.java:439)
	at com.kms.katalon.core.main.TestCaseExecutor.processExecutionPhase(TestCaseExecutor.java:418)
	at com.kms.katalon.core.main.TestCaseExecutor.accessMainPhase(TestCaseExecutor.java:410)
	at com.kms.katalon.core.main.TestCaseExecutor.execute(TestCaseExecutor.java:285)
	at com.kms.katalon.core.common.CommonExecutor.accessTestCaseMainPhase(CommonExecutor.java:65)
	at com.kms.katalon.core.main.TestSuiteExecutor.accessTestSuiteMainPhase(TestSuiteExecutor.java:148)
	at com.kms.katalon.core.main.TestSuiteExecutor.execute(TestSuiteExecutor.java:106)
	at com.kms.katalon.core.main.TestCaseMain.startTestSuite(TestCaseMain.java:187)
	at com.kms.katalon.core.main.TestCaseMain$startTestSuite$0.call(Unknown Source)
	at TempTestSuite1696228697970.run(TempTestSuite1696228697970.groovy:36)


2023-10-02 13:41:50 - [TEST_STEP][PASSED] - callTestCase(findTestCase("Search Product/TC-SP-002"), ["merk":"a"], STOP_ON_FAILURE): Call Test Case 'Test Cases/Search Product/TC-SP-002' successfully

2023-10-02 13:41:50 - [TEST_CASE][PASSED] - Test Cases/Search Product/TC-SP-002: Test Cases/Search Product/TC-SP-002

2023-10-02 13:41:50 - [TEST_STEP][PASSED] - openBrowser("https://10.9.2.63/ecommerce/"): Browser is opened with url: 'https://10.9.2.63/ecommerce/'

2023-10-02 13:41:50 - [MESSAGE][WARNING] - A browser is already opened. Closing browser and opening a new one

2023-10-02 13:41:51 - [MESSAGE][INFO] - Starting 'Edge Chromium' driver

2023-10-02 13:41:51 - [MESSAGE][INFO] - User set preference: ['acceptInsecureCerts', 'true']

2023-10-02 13:41:53 - [MESSAGE][INFO] - Action delay is set to 0 milliseconds

2023-10-02 13:41:58 - [MESSAGE][PASSED] - Browser is opened with url: 'https://10.9.2.63/ecommerce/'

2023-10-02 13:41:58 - [TEST_STEP][PASSED] - maximizeWindow(): Current window maximized

2023-10-02 13:41:58 - [MESSAGE][PASSED] - Current window maximized

2023-10-02 13:41:58 - [TEST_STEP][PASSED] - verifyElementPresent(findTestObject("Search Product/Verify Page Tajalapak"), 0): Object 'Object Repository/Search Product/Verify Page Tajalapak' is present

2023-10-02 13:41:58 - [MESSAGE][WARNING] - Timeout '0' is invalid. Using default page load timeout: '30'

2023-10-02 13:41:58 - [MESSAGE][PASSED] - Object 'Object Repository/Search Product/Verify Page Tajalapak' is present

2023-10-02 13:41:58 - [TEST_STEP][PASSED] - setText(findTestObject("Search Product/Input Product"), merk): Text 'a' is set on object 'Object Repository/Search Product/Input Product'

2023-10-02 13:41:59 - [MESSAGE][PASSED] - Text 'a' is set on object 'Object Repository/Search Product/Input Product'

2023-10-02 13:41:59 - [TEST_STEP][PASSED] - click(findTestObject("Search Product/button_Cari Product")): Object: 'Object Repository/Search Product/button_Cari Product' is clicked on

2023-10-02 13:42:00 - [MESSAGE][PASSED] - Object: 'Object Repository/Search Product/button_Cari Product' is clicked on

2023-10-02 13:42:00 - [TEST_STEP][PASSED] - dataList = findWebElements(findTestObject("Object Repository/Search Product/Semua nama Produk"), 10): null

2023-10-02 13:42:01 - [TEST_STEP][PASSED] - arrProdukName = []: null

2023-10-02 13:42:01 - [TEST_STEP][PASSED] - for ([i = 0, i < dataList.size(), (i++)]): null

2023-10-02 13:42:01 - [TEST_STEP][PASSED] - text = text: null

2023-10-02 13:42:01 - [TEST_STEP][PASSED] - arrProdukName[i] = text.toLowerCase(): null

2023-10-02 13:42:01 - [TEST_STEP][PASSED] - text = text: null

2023-10-02 13:42:01 - [TEST_STEP][PASSED] - arrProdukName[i] = text.toLowerCase(): null

2023-10-02 13:42:01 - [TEST_STEP][PASSED] - text = text: null

2023-10-02 13:42:01 - [TEST_STEP][PASSED] - arrProdukName[i] = text.toLowerCase(): null

2023-10-02 13:42:01 - [TEST_STEP][PASSED] - text = text: null

2023-10-02 13:42:01 - [TEST_STEP][PASSED] - arrProdukName[i] = text.toLowerCase(): null

2023-10-02 13:42:01 - [TEST_STEP][PASSED] - text = text: null

2023-10-02 13:42:01 - [TEST_STEP][PASSED] - arrProdukName[i] = text.toLowerCase(): null

2023-10-02 13:42:01 - [TEST_STEP][PASSED] - text = text: null

2023-10-02 13:42:01 - [TEST_STEP][PASSED] - arrProdukName[i] = text.toLowerCase(): null

2023-10-02 13:42:01 - [TEST_STEP][PASSED] - text = text: null

2023-10-02 13:42:01 - [TEST_STEP][PASSED] - arrProdukName[i] = text.toLowerCase(): null

2023-10-02 13:42:01 - [TEST_STEP][PASSED] - text = text: null

2023-10-02 13:42:01 - [TEST_STEP][PASSED] - arrProdukName[i] = text.toLowerCase(): null

2023-10-02 13:42:01 - [TEST_STEP][PASSED] - text = text: null

2023-10-02 13:42:01 - [TEST_STEP][PASSED] - arrProdukName[i] = text.toLowerCase(): null

2023-10-02 13:42:01 - [TEST_STEP][PASSED] - text = text: null

2023-10-02 13:42:01 - [TEST_STEP][PASSED] - arrProdukName[i] = text.toLowerCase(): null

2023-10-02 13:42:01 - [TEST_STEP][PASSED] - text = text: null

2023-10-02 13:42:01 - [TEST_STEP][PASSED] - arrProdukName[i] = text.toLowerCase(): null

2023-10-02 13:42:01 - [TEST_STEP][PASSED] - text = text: null

2023-10-02 13:42:01 - [TEST_STEP][PASSED] - arrProdukName[i] = text.toLowerCase(): null

2023-10-02 13:42:01 - [TEST_STEP][PASSED] - print(arrProdukName): null

2023-10-02 13:42:01 - [TEST_STEP][PASSED] - for ([i = 0, i < dataList.size(), (i++)]): null

2023-10-02 13:42:01 - [TEST_STEP][PASSED] - assert arrProdukName[i].contains(merk): null

2023-10-02 13:42:01 - [TEST_STEP][PASSED] - assert arrProdukName[i].contains(merk): null

2023-10-02 13:42:01 - [TEST_STEP][PASSED] - assert arrProdukName[i].contains(merk): null

2023-10-02 13:42:01 - [TEST_STEP][PASSED] - assert arrProdukName[i].contains(merk): null

2023-10-02 13:42:01 - [TEST_STEP][PASSED] - assert arrProdukName[i].contains(merk): null

2023-10-02 13:42:01 - [TEST_STEP][PASSED] - assert arrProdukName[i].contains(merk): null

2023-10-02 13:42:01 - [TEST_STEP][PASSED] - assert arrProdukName[i].contains(merk): null

2023-10-02 13:42:01 - [TEST_STEP][PASSED] - assert arrProdukName[i].contains(merk): null

2023-10-02 13:42:01 - [TEST_STEP][PASSED] - assert arrProdukName[i].contains(merk): null

2023-10-02 13:42:01 - [TEST_STEP][PASSED] - assert arrProdukName[i].contains(merk): null

2023-10-02 13:42:01 - [TEST_STEP][PASSED] - assert arrProdukName[i].contains(merk): null

2023-10-02 13:42:01 - [TEST_STEP][PASSED] - assert arrProdukName[i].contains(merk): null

2023-10-02 13:42:01 - [MESSAGE][PASSED] - Call Test Case 'Test Cases/Search Product/TC-SP-002' successfully

2023-10-02 13:42:01 - [TEST_STEP][PASSED] - setText(findTestObject("Search Product/input_Filter Produk_dari"), "9000"): Text '9000' is set on object 'Object Repository/Search Product/input_Filter Produk_dari'

2023-10-02 13:42:02 - [MESSAGE][PASSED] - Text '9000' is set on object 'Object Repository/Search Product/input_Filter Produk_dari'

2023-10-02 13:42:02 - [TEST_STEP][PASSED] - setText(findTestObject("Search Product/input_Filter Produk_sampai"), "4000"): Text '4000' is set on object 'Object Repository/Search Product/input_Filter Produk_sampai'

2023-10-02 13:42:04 - [MESSAGE][PASSED] - Text '4000' is set on object 'Object Repository/Search Product/input_Filter Produk_sampai'

2023-10-02 13:42:04 - [TEST_STEP][PASSED] - click(findTestObject("Search Product/button_Tampilkan product dari sampai")): Object: 'Object Repository/Search Product/button_Tampilkan product dari sampai' is clicked on

2023-10-02 13:42:05 - [MESSAGE][PASSED] - Object: 'Object Repository/Search Product/button_Tampilkan product dari sampai' is clicked on

2023-10-02 13:42:05 - [TEST_STEP][PASSED] - webDriver = getWebDriver(): null

2023-10-02 13:42:05 - [TEST_STEP][PASSED] - field_username = webDriver.findElement(By.xpath("//input[@name="dari"]")): null

2023-10-02 13:42:06 - [TEST_STEP][PASSED] - error_message = webDriver.executeScript("return arguments[0].validationMessage", field_username): null

2023-10-02 13:42:06 - [TEST_STEP][PASSED] - println(error_message): null

2023-10-02 13:42:06 - [TEST_STEP][FAILED] - assert error_message == "Check Your Price": Test Cases/Search Product/TC-SPN-002 FAILED.
Reason:
Assertion failed: 

assert error_message == 'Check Your Price'
       |             |
       ""            false

	at TC-SPN-002.run(TC-SPN-002:46)
	at com.kms.katalon.core.main.ScriptEngine.run(ScriptEngine.java:194)
	at com.kms.katalon.core.main.ScriptEngine.runScriptAsRawText(ScriptEngine.java:119)
	at com.kms.katalon.core.main.TestCaseExecutor.runScript(TestCaseExecutor.java:448)
	at com.kms.katalon.core.main.TestCaseExecutor.doExecute(TestCaseExecutor.java:439)
	at com.kms.katalon.core.main.TestCaseExecutor.processExecutionPhase(TestCaseExecutor.java:418)
	at com.kms.katalon.core.main.TestCaseExecutor.accessMainPhase(TestCaseExecutor.java:410)
	at com.kms.katalon.core.main.TestCaseExecutor.execute(TestCaseExecutor.java:285)
	at com.kms.katalon.core.common.CommonExecutor.accessTestCaseMainPhase(CommonExecutor.java:65)
	at com.kms.katalon.core.main.TestSuiteExecutor.accessTestSuiteMainPhase(TestSuiteExecutor.java:148)
	at com.kms.katalon.core.main.TestSuiteExecutor.execute(TestSuiteExecutor.java:106)
	at com.kms.katalon.core.main.TestCaseMain.startTestSuite(TestCaseMain.java:187)
	at com.kms.katalon.core.main.TestCaseMain$startTestSuite$0.call(Unknown Source)
	at TempTestSuite1696228697970.run(TempTestSuite1696228697970.groovy:36)


2023-10-02 13:42:06 - [MESSAGE][FAILED] - Test Cases/Search Product/TC-SPN-002 FAILED.
Reason:
Assertion failed: 

assert error_message == 'Check Your Price'
       |             |
       ""            false

	at TC-SPN-002.run(TC-SPN-002:46)
	at com.kms.katalon.core.main.ScriptEngine.run(ScriptEngine.java:194)
	at com.kms.katalon.core.main.ScriptEngine.runScriptAsRawText(ScriptEngine.java:119)
	at com.kms.katalon.core.main.TestCaseExecutor.runScript(TestCaseExecutor.java:448)
	at com.kms.katalon.core.main.TestCaseExecutor.doExecute(TestCaseExecutor.java:439)
	at com.kms.katalon.core.main.TestCaseExecutor.processExecutionPhase(TestCaseExecutor.java:418)
	at com.kms.katalon.core.main.TestCaseExecutor.accessMainPhase(TestCaseExecutor.java:410)
	at com.kms.katalon.core.main.TestCaseExecutor.execute(TestCaseExecutor.java:285)
	at com.kms.katalon.core.common.CommonExecutor.accessTestCaseMainPhase(CommonExecutor.java:65)
	at com.kms.katalon.core.main.TestSuiteExecutor.accessTestSuiteMainPhase(TestSuiteExecutor.java:148)
	at com.kms.katalon.core.main.TestSuiteExecutor.execute(TestSuiteExecutor.java:106)
	at com.kms.katalon.core.main.TestCaseMain.startTestSuite(TestCaseMain.java:187)
	at com.kms.katalon.core.main.TestCaseMain$startTestSuite$0.call(Unknown Source)
	at TempTestSuite1696228697970.run(TempTestSuite1696228697970.groovy:36)]]></system-out>
         <system-err><![CDATA[2023-10-02 13:41:50 - [TEST_CASE][FAILED] - Test Cases/Search Product/TC-SPN-002: Test Cases/Search Product/TC-SPN-002 FAILED.
Reason:
Assertion failed: 

assert error_message == 'Check Your Price'
       |             |
       ""            false

	at TC-SPN-002.run(TC-SPN-002:46)
	at com.kms.katalon.core.main.ScriptEngine.run(ScriptEngine.java:194)
	at com.kms.katalon.core.main.ScriptEngine.runScriptAsRawText(ScriptEngine.java:119)
	at com.kms.katalon.core.main.TestCaseExecutor.runScript(TestCaseExecutor.java:448)
	at com.kms.katalon.core.main.TestCaseExecutor.doExecute(TestCaseExecutor.java:439)
	at com.kms.katalon.core.main.TestCaseExecutor.processExecutionPhase(TestCaseExecutor.java:418)
	at com.kms.katalon.core.main.TestCaseExecutor.accessMainPhase(TestCaseExecutor.java:410)
	at com.kms.katalon.core.main.TestCaseExecutor.execute(TestCaseExecutor.java:285)
	at com.kms.katalon.core.common.CommonExecutor.accessTestCaseMainPhase(CommonExecutor.java:65)
	at com.kms.katalon.core.main.TestSuiteExecutor.accessTestSuiteMainPhase(TestSuiteExecutor.java:148)
	at com.kms.katalon.core.main.TestSuiteExecutor.execute(TestSuiteExecutor.java:106)
	at com.kms.katalon.core.main.TestCaseMain.startTestSuite(TestCaseMain.java:187)
	at com.kms.katalon.core.main.TestCaseMain$startTestSuite$0.call(Unknown Source)
	at TempTestSuite1696228697970.run(TempTestSuite1696228697970.groovy:36)]]></system-err>
      </testcase>
      <testcase name="Test Cases/Search Product/TC-SPN-003" time="8.202" classname="Test Cases/Search Product/TC-SPN-003" status="PASSED">
         <system-out><![CDATA[2023-10-02 13:42:06 - [TEST_CASE][PASSED] - Test Cases/Search Product/TC-SPN-003: Test Cases/Search Product/TC-SPN-003

2023-10-02 13:42:06 - [TEST_STEP][PASSED] - openBrowser("https://10.9.2.63/ecommerce/"): Browser is opened with url: 'https://10.9.2.63/ecommerce/'

2023-10-02 13:42:06 - [MESSAGE][WARNING] - A browser is already opened. Closing browser and opening a new one

2023-10-02 13:42:07 - [MESSAGE][INFO] - Starting 'Edge Chromium' driver

2023-10-02 13:42:07 - [MESSAGE][INFO] - User set preference: ['acceptInsecureCerts', 'true']

2023-10-02 13:42:09 - [MESSAGE][INFO] - Action delay is set to 0 milliseconds

2023-10-02 13:42:13 - [MESSAGE][PASSED] - Browser is opened with url: 'https://10.9.2.63/ecommerce/'

2023-10-02 13:42:13 - [TEST_STEP][PASSED] - maximizeWindow(): Current window maximized

2023-10-02 13:42:13 - [MESSAGE][PASSED] - Current window maximized

2023-10-02 13:42:13 - [TEST_STEP][PASSED] - click(findTestObject("Search Product/button_Cari Product")): Object: 'Object Repository/Search Product/button_Cari Product' is clicked on

2023-10-02 13:42:13 - [MESSAGE][PASSED] - Object: 'Object Repository/Search Product/button_Cari Product' is clicked on

2023-10-02 13:42:13 - [TEST_STEP][PASSED] - webDriver = getWebDriver(): null

2023-10-02 13:42:13 - [TEST_STEP][PASSED] - field_username = webDriver.findElement(By.xpath("//input[@name="s"]")): null

2023-10-02 13:42:14 - [TEST_STEP][PASSED] - error_message = webDriver.executeScript("return arguments[0].validationMessage", field_username): null

2023-10-02 13:42:14 - [TEST_STEP][PASSED] - println(error_message): null

2023-10-02 13:42:14 - [TEST_STEP][PASSED] - assert error_message == "Please fill out this field.": null]]></system-out>
         <system-err><![CDATA[]]></system-err>
      </testcase>
      <testcase name="Test Cases/Search Product/TC-SPN-004" time="9.185" classname="Test Cases/Search Product/TC-SPN-004" status="FAILED">
         <failure type="FAILED" message="Test Cases/Search Product/TC-SPN-004 FAILED.
Reason:
com.kms.katalon.core.exception.StepFailedException: Unable to verify text 'Dell' is present 
	at com.kms.katalon.core.webui.keyword.internal.WebUIKeywordMain.stepFailed(WebUIKeywordMain.groovy:64)
	at com.kms.katalon.core.webui.keyword.internal.WebUIKeywordMain.runKeyword(WebUIKeywordMain.groovy:26)
	at com.kms.katalon.core.webui.keyword.builtin.VerifyTextPresentKeyword.verifyTextPresent(VerifyTextPresentKeyword.groovy:83)
	at com.kms.katalon.core.webui.keyword.builtin.VerifyTextPresentKeyword.execute(VerifyTextPresentKeyword.groovy:68)
	at com.kms.katalon.core.keyword.internal.KeywordExecutor.executeKeywordForPlatform(KeywordExecutor.groovy:74)
	at com.kms.katalon.core.webui.keyword.WebUiBuiltInKeywords.verifyTextPresent(WebUiBuiltInKeywords.groovy:1723)
	at com.kms.katalon.core.webui.keyword.WebUiBuiltInKeywords$verifyTextPresent$10.call(Unknown Source)
	at TC-SPN-004.run(TC-SPN-004:26)
	at com.kms.katalon.core.main.ScriptEngine.run(ScriptEngine.java:194)
	at com.kms.katalon.core.main.ScriptEngine.runScriptAsRawText(ScriptEngine.java:119)
	at com.kms.katalon.core.main.TestCaseExecutor.runScript(TestCaseExecutor.java:448)
	at com.kms.katalon.core.main.TestCaseExecutor.doExecute(TestCaseExecutor.java:439)
	at com.kms.katalon.core.main.TestCaseExecutor.processExecutionPhase(TestCaseExecutor.java:418)
	at com.kms.katalon.core.main.TestCaseExecutor.accessMainPhase(TestCaseExecutor.java:410)
	at com.kms.katalon.core.main.TestCaseExecutor.execute(TestCaseExecutor.java:285)
	at com.kms.katalon.core.common.CommonExecutor.accessTestCaseMainPhase(CommonExecutor.java:65)
	at com.kms.katalon.core.main.TestSuiteExecutor.accessTestSuiteMainPhase(TestSuiteExecutor.java:148)
	at com.kms.katalon.core.main.TestSuiteExecutor.execute(TestSuiteExecutor.java:106)
	at com.kms.katalon.core.main.TestCaseMain.startTestSuite(TestCaseMain.java:187)
	at com.kms.katalon.core.main.TestCaseMain$startTestSuite$0.call(Unknown Source)
	at TempTestSuite1696228697970.run(TempTestSuite1696228697970.groovy:36)
Caused by: com.kms.katalon.core.exception.StepFailedException: Text 'Dell' is not present on page 
	at com.kms.katalon.core.webui.keyword.internal.WebUIKeywordMain.stepFailed(WebUIKeywordMain.groovy:64)
	at com.kms.katalon.core.webui.keyword.builtin.VerifyTextPresentKeyword$_verifyTextPresent_closure1.doCall(VerifyTextPresentKeyword.groovy:79)
	at com.kms.katalon.core.webui.keyword.builtin.VerifyTextPresentKeyword$_verifyTextPresent_closure1.call(VerifyTextPresentKeyword.groovy)
	at com.kms.katalon.core.webui.keyword.internal.WebUIKeywordMain.runKeyword(WebUIKeywordMain.groovy:20)
	... 19 more
"/>
         <system-out><![CDATA[2023-10-02 13:42:14 - [TEST_CASE][FAILED] - Test Cases/Search Product/TC-SPN-004: Test Cases/Search Product/TC-SPN-004 FAILED.
Reason:
com.kms.katalon.core.exception.StepFailedException: Unable to verify text 'Dell' is present 
	at com.kms.katalon.core.webui.keyword.internal.WebUIKeywordMain.stepFailed(WebUIKeywordMain.groovy:64)
	at com.kms.katalon.core.webui.keyword.internal.WebUIKeywordMain.runKeyword(WebUIKeywordMain.groovy:26)
	at com.kms.katalon.core.webui.keyword.builtin.VerifyTextPresentKeyword.verifyTextPresent(VerifyTextPresentKeyword.groovy:83)
	at com.kms.katalon.core.webui.keyword.builtin.VerifyTextPresentKeyword.execute(VerifyTextPresentKeyword.groovy:68)
	at com.kms.katalon.core.keyword.internal.KeywordExecutor.executeKeywordForPlatform(KeywordExecutor.groovy:74)
	at com.kms.katalon.core.webui.keyword.WebUiBuiltInKeywords.verifyTextPresent(WebUiBuiltInKeywords.groovy:1723)
	at com.kms.katalon.core.webui.keyword.WebUiBuiltInKeywords$verifyTextPresent$10.call(Unknown Source)
	at TC-SPN-004.run(TC-SPN-004:26)
	at com.kms.katalon.core.main.ScriptEngine.run(ScriptEngine.java:194)
	at com.kms.katalon.core.main.ScriptEngine.runScriptAsRawText(ScriptEngine.java:119)
	at com.kms.katalon.core.main.TestCaseExecutor.runScript(TestCaseExecutor.java:448)
	at com.kms.katalon.core.main.TestCaseExecutor.doExecute(TestCaseExecutor.java:439)
	at com.kms.katalon.core.main.TestCaseExecutor.processExecutionPhase(TestCaseExecutor.java:418)
	at com.kms.katalon.core.main.TestCaseExecutor.accessMainPhase(TestCaseExecutor.java:410)
	at com.kms.katalon.core.main.TestCaseExecutor.execute(TestCaseExecutor.java:285)
	at com.kms.katalon.core.common.CommonExecutor.accessTestCaseMainPhase(CommonExecutor.java:65)
	at com.kms.katalon.core.main.TestSuiteExecutor.accessTestSuiteMainPhase(TestSuiteExecutor.java:148)
	at com.kms.katalon.core.main.TestSuiteExecutor.execute(TestSuiteExecutor.java:106)
	at com.kms.katalon.core.main.TestCaseMain.startTestSuite(TestCaseMain.java:187)
	at com.kms.katalon.core.main.TestCaseMain$startTestSuite$0.call(Unknown Source)
	at TempTestSuite1696228697970.run(TempTestSuite1696228697970.groovy:36)
Caused by: com.kms.katalon.core.exception.StepFailedException: Text 'Dell' is not present on page 
	at com.kms.katalon.core.webui.keyword.internal.WebUIKeywordMain.stepFailed(WebUIKeywordMain.groovy:64)
	at com.kms.katalon.core.webui.keyword.builtin.VerifyTextPresentKeyword$_verifyTextPresent_closure1.doCall(VerifyTextPresentKeyword.groovy:79)
	at com.kms.katalon.core.webui.keyword.builtin.VerifyTextPresentKeyword$_verifyTextPresent_closure1.call(VerifyTextPresentKeyword.groovy)
	at com.kms.katalon.core.webui.keyword.internal.WebUIKeywordMain.runKeyword(WebUIKeywordMain.groovy:20)
	... 19 more


2023-10-02 13:42:14 - [TEST_STEP][PASSED] - openBrowser("https://10.9.2.63/ecommerce/"): Browser is opened with url: 'https://10.9.2.63/ecommerce/'

2023-10-02 13:42:14 - [MESSAGE][WARNING] - A browser is already opened. Closing browser and opening a new one

2023-10-02 13:42:15 - [MESSAGE][INFO] - Starting 'Edge Chromium' driver

2023-10-02 13:42:15 - [MESSAGE][INFO] - User set preference: ['acceptInsecureCerts', 'true']

2023-10-02 13:42:17 - [MESSAGE][INFO] - Action delay is set to 0 milliseconds

2023-10-02 13:42:21 - [MESSAGE][PASSED] - Browser is opened with url: 'https://10.9.2.63/ecommerce/'

2023-10-02 13:42:21 - [TEST_STEP][PASSED] - maximizeWindow(): Current window maximized

2023-10-02 13:42:21 - [MESSAGE][PASSED] - Current window maximized

2023-10-02 13:42:21 - [TEST_STEP][PASSED] - setText(findTestObject("Search Product/Input Product"), "Dell"): Text 'Dell' is set on object 'Object Repository/Search Product/Input Product'

2023-10-02 13:42:22 - [MESSAGE][PASSED] - Text 'Dell' is set on object 'Object Repository/Search Product/Input Product'

2023-10-02 13:42:22 - [TEST_STEP][FAILED] - verifyTextPresent("Dell", false): Unable to verify text 'Dell' is present  (Root cause: com.kms.katalon.core.exception.StepFailedException: Unable to verify text 'Dell' is present 
	at com.kms.katalon.core.webui.keyword.internal.WebUIKeywordMain.stepFailed(WebUIKeywordMain.groovy:64)
	at com.kms.katalon.core.webui.keyword.internal.WebUIKeywordMain.runKeyword(WebUIKeywordMain.groovy:26)
	at com.kms.katalon.core.webui.keyword.builtin.VerifyTextPresentKeyword.verifyTextPresent(VerifyTextPresentKeyword.groovy:83)
	at com.kms.katalon.core.webui.keyword.builtin.VerifyTextPresentKeyword.execute(VerifyTextPresentKeyword.groovy:68)
	at com.kms.katalon.core.keyword.internal.KeywordExecutor.executeKeywordForPlatform(KeywordExecutor.groovy:74)
	at com.kms.katalon.core.webui.keyword.WebUiBuiltInKeywords.verifyTextPresent(WebUiBuiltInKeywords.groovy:1723)
	at com.kms.katalon.core.webui.keyword.WebUiBuiltInKeywords$verifyTextPresent$10.call(Unknown Source)
	at TC-SPN-004.run(TC-SPN-004:26)
	at com.kms.katalon.core.main.ScriptEngine.run(ScriptEngine.java:194)
	at com.kms.katalon.core.main.ScriptEngine.runScriptAsRawText(ScriptEngine.java:119)
	at com.kms.katalon.core.main.TestCaseExecutor.runScript(TestCaseExecutor.java:448)
	at com.kms.katalon.core.main.TestCaseExecutor.doExecute(TestCaseExecutor.java:439)
	at com.kms.katalon.core.main.TestCaseExecutor.processExecutionPhase(TestCaseExecutor.java:418)
	at com.kms.katalon.core.main.TestCaseExecutor.accessMainPhase(TestCaseExecutor.java:410)
	at com.kms.katalon.core.main.TestCaseExecutor.execute(TestCaseExecutor.java:285)
	at com.kms.katalon.core.common.CommonExecutor.accessTestCaseMainPhase(CommonExecutor.java:65)
	at com.kms.katalon.core.main.TestSuiteExecutor.accessTestSuiteMainPhase(TestSuiteExecutor.java:148)
	at com.kms.katalon.core.main.TestSuiteExecutor.execute(TestSuiteExecutor.java:106)
	at com.kms.katalon.core.main.TestCaseMain.startTestSuite(TestCaseMain.java:187)
	at com.kms.katalon.core.main.TestCaseMain$startTestSuite$0.call(Unknown Source)
	at TempTestSuite1696228697970.run(TempTestSuite1696228697970.groovy:36)
Caused by: com.kms.katalon.core.exception.StepFailedException: Text 'Dell' is not present on page 
	at com.kms.katalon.core.webui.keyword.internal.WebUIKeywordMain.stepFailed(WebUIKeywordMain.groovy:64)
	at com.kms.katalon.core.webui.keyword.builtin.VerifyTextPresentKeyword$_verifyTextPresent_closure1.doCall(VerifyTextPresentKeyword.groovy:79)
	at com.kms.katalon.core.webui.keyword.builtin.VerifyTextPresentKeyword$_verifyTextPresent_closure1.call(VerifyTextPresentKeyword.groovy)
	at com.kms.katalon.core.webui.keyword.internal.WebUIKeywordMain.runKeyword(WebUIKeywordMain.groovy:20)
	... 19 more
)

2023-10-02 13:42:23 - [MESSAGE][FAILED] - Text 'Dell' is not present on page  (Root cause: com.kms.katalon.core.exception.StepFailedException: Text 'Dell' is not present on page 
	at com.kms.katalon.core.webui.keyword.internal.WebUIKeywordMain.stepFailed(WebUIKeywordMain.groovy:64)
	at com.kms.katalon.core.webui.keyword.builtin.VerifyTextPresentKeyword$_verifyTextPresent_closure1.doCall(VerifyTextPresentKeyword.groovy:79)
	at com.kms.katalon.core.webui.keyword.builtin.VerifyTextPresentKeyword$_verifyTextPresent_closure1.call(VerifyTextPresentKeyword.groovy)
	at com.kms.katalon.core.webui.keyword.internal.WebUIKeywordMain.runKeyword(WebUIKeywordMain.groovy:20)
	at com.kms.katalon.core.webui.keyword.builtin.VerifyTextPresentKeyword.verifyTextPresent(VerifyTextPresentKeyword.groovy:83)
	at com.kms.katalon.core.webui.keyword.builtin.VerifyTextPresentKeyword.execute(VerifyTextPresentKeyword.groovy:68)
	at com.kms.katalon.core.keyword.internal.KeywordExecutor.executeKeywordForPlatform(KeywordExecutor.groovy:74)
	at com.kms.katalon.core.webui.keyword.WebUiBuiltInKeywords.verifyTextPresent(WebUiBuiltInKeywords.groovy:1723)
	at com.kms.katalon.core.webui.keyword.WebUiBuiltInKeywords$verifyTextPresent$10.call(Unknown Source)
	at TC-SPN-004.run(TC-SPN-004:26)
	at com.kms.katalon.core.main.ScriptEngine.run(ScriptEngine.java:194)
	at com.kms.katalon.core.main.ScriptEngine.runScriptAsRawText(ScriptEngine.java:119)
	at com.kms.katalon.core.main.TestCaseExecutor.runScript(TestCaseExecutor.java:448)
	at com.kms.katalon.core.main.TestCaseExecutor.doExecute(TestCaseExecutor.java:439)
	at com.kms.katalon.core.main.TestCaseExecutor.processExecutionPhase(TestCaseExecutor.java:418)
	at com.kms.katalon.core.main.TestCaseExecutor.accessMainPhase(TestCaseExecutor.java:410)
	at com.kms.katalon.core.main.TestCaseExecutor.execute(TestCaseExecutor.java:285)
	at com.kms.katalon.core.common.CommonExecutor.accessTestCaseMainPhase(CommonExecutor.java:65)
	at com.kms.katalon.core.main.TestSuiteExecutor.accessTestSuiteMainPhase(TestSuiteExecutor.java:148)
	at com.kms.katalon.core.main.TestSuiteExecutor.execute(TestSuiteExecutor.java:106)
	at com.kms.katalon.core.main.TestCaseMain.startTestSuite(TestCaseMain.java:187)
	at com.kms.katalon.core.main.TestCaseMain$startTestSuite$0.call(Unknown Source)
	at TempTestSuite1696228697970.run(TempTestSuite1696228697970.groovy:36)
)

2023-10-02 13:42:23 - [MESSAGE][FAILED] - Unable to verify text 'Dell' is present  (Root cause: com.kms.katalon.core.exception.StepFailedException: Unable to verify text 'Dell' is present 
	at com.kms.katalon.core.webui.keyword.internal.WebUIKeywordMain.stepFailed(WebUIKeywordMain.groovy:64)
	at com.kms.katalon.core.webui.keyword.internal.WebUIKeywordMain.runKeyword(WebUIKeywordMain.groovy:26)
	at com.kms.katalon.core.webui.keyword.builtin.VerifyTextPresentKeyword.verifyTextPresent(VerifyTextPresentKeyword.groovy:83)
	at com.kms.katalon.core.webui.keyword.builtin.VerifyTextPresentKeyword.execute(VerifyTextPresentKeyword.groovy:68)
	at com.kms.katalon.core.keyword.internal.KeywordExecutor.executeKeywordForPlatform(KeywordExecutor.groovy:74)
	at com.kms.katalon.core.webui.keyword.WebUiBuiltInKeywords.verifyTextPresent(WebUiBuiltInKeywords.groovy:1723)
	at com.kms.katalon.core.webui.keyword.WebUiBuiltInKeywords$verifyTextPresent$10.call(Unknown Source)
	at TC-SPN-004.run(TC-SPN-004:26)
	at com.kms.katalon.core.main.ScriptEngine.run(ScriptEngine.java:194)
	at com.kms.katalon.core.main.ScriptEngine.runScriptAsRawText(ScriptEngine.java:119)
	at com.kms.katalon.core.main.TestCaseExecutor.runScript(TestCaseExecutor.java:448)
	at com.kms.katalon.core.main.TestCaseExecutor.doExecute(TestCaseExecutor.java:439)
	at com.kms.katalon.core.main.TestCaseExecutor.processExecutionPhase(TestCaseExecutor.java:418)
	at com.kms.katalon.core.main.TestCaseExecutor.accessMainPhase(TestCaseExecutor.java:410)
	at com.kms.katalon.core.main.TestCaseExecutor.execute(TestCaseExecutor.java:285)
	at com.kms.katalon.core.common.CommonExecutor.accessTestCaseMainPhase(CommonExecutor.java:65)
	at com.kms.katalon.core.main.TestSuiteExecutor.accessTestSuiteMainPhase(TestSuiteExecutor.java:148)
	at com.kms.katalon.core.main.TestSuiteExecutor.execute(TestSuiteExecutor.java:106)
	at com.kms.katalon.core.main.TestCaseMain.startTestSuite(TestCaseMain.java:187)
	at com.kms.katalon.core.main.TestCaseMain$startTestSuite$0.call(Unknown Source)
	at TempTestSuite1696228697970.run(TempTestSuite1696228697970.groovy:36)
Caused by: com.kms.katalon.core.exception.StepFailedException: Text 'Dell' is not present on page 
	at com.kms.katalon.core.webui.keyword.internal.WebUIKeywordMain.stepFailed(WebUIKeywordMain.groovy:64)
	at com.kms.katalon.core.webui.keyword.builtin.VerifyTextPresentKeyword$_verifyTextPresent_closure1.doCall(VerifyTextPresentKeyword.groovy:79)
	at com.kms.katalon.core.webui.keyword.builtin.VerifyTextPresentKeyword$_verifyTextPresent_closure1.call(VerifyTextPresentKeyword.groovy)
	at com.kms.katalon.core.webui.keyword.internal.WebUIKeywordMain.runKeyword(WebUIKeywordMain.groovy:20)
	... 19 more
)
[[ATTACHMENT|G:\\Project Xsis\\batch-324-qa\\Riswan\\Tajalapak_com\\Reports\\20231002_133816\\TS-Search Product\\20231002_133817\\1696228943125.png]]]]></system-out>
         <system-err><![CDATA[2023-10-02 13:42:14 - [TEST_CASE][FAILED] - Test Cases/Search Product/TC-SPN-004: Test Cases/Search Product/TC-SPN-004 FAILED.
Reason:
com.kms.katalon.core.exception.StepFailedException: Unable to verify text 'Dell' is present 
	at com.kms.katalon.core.webui.keyword.internal.WebUIKeywordMain.stepFailed(WebUIKeywordMain.groovy:64)
	at com.kms.katalon.core.webui.keyword.internal.WebUIKeywordMain.runKeyword(WebUIKeywordMain.groovy:26)
	at com.kms.katalon.core.webui.keyword.builtin.VerifyTextPresentKeyword.verifyTextPresent(VerifyTextPresentKeyword.groovy:83)
	at com.kms.katalon.core.webui.keyword.builtin.VerifyTextPresentKeyword.execute(VerifyTextPresentKeyword.groovy:68)
	at com.kms.katalon.core.keyword.internal.KeywordExecutor.executeKeywordForPlatform(KeywordExecutor.groovy:74)
	at com.kms.katalon.core.webui.keyword.WebUiBuiltInKeywords.verifyTextPresent(WebUiBuiltInKeywords.groovy:1723)
	at com.kms.katalon.core.webui.keyword.WebUiBuiltInKeywords$verifyTextPresent$10.call(Unknown Source)
	at TC-SPN-004.run(TC-SPN-004:26)
	at com.kms.katalon.core.main.ScriptEngine.run(ScriptEngine.java:194)
	at com.kms.katalon.core.main.ScriptEngine.runScriptAsRawText(ScriptEngine.java:119)
	at com.kms.katalon.core.main.TestCaseExecutor.runScript(TestCaseExecutor.java:448)
	at com.kms.katalon.core.main.TestCaseExecutor.doExecute(TestCaseExecutor.java:439)
	at com.kms.katalon.core.main.TestCaseExecutor.processExecutionPhase(TestCaseExecutor.java:418)
	at com.kms.katalon.core.main.TestCaseExecutor.accessMainPhase(TestCaseExecutor.java:410)
	at com.kms.katalon.core.main.TestCaseExecutor.execute(TestCaseExecutor.java:285)
	at com.kms.katalon.core.common.CommonExecutor.accessTestCaseMainPhase(CommonExecutor.java:65)
	at com.kms.katalon.core.main.TestSuiteExecutor.accessTestSuiteMainPhase(TestSuiteExecutor.java:148)
	at com.kms.katalon.core.main.TestSuiteExecutor.execute(TestSuiteExecutor.java:106)
	at com.kms.katalon.core.main.TestCaseMain.startTestSuite(TestCaseMain.java:187)
	at com.kms.katalon.core.main.TestCaseMain$startTestSuite$0.call(Unknown Source)
	at TempTestSuite1696228697970.run(TempTestSuite1696228697970.groovy:36)
Caused by: com.kms.katalon.core.exception.StepFailedException: Text 'Dell' is not present on page 
	at com.kms.katalon.core.webui.keyword.internal.WebUIKeywordMain.stepFailed(WebUIKeywordMain.groovy:64)
	at com.kms.katalon.core.webui.keyword.builtin.VerifyTextPresentKeyword$_verifyTextPresent_closure1.doCall(VerifyTextPresentKeyword.groovy:79)
	at com.kms.katalon.core.webui.keyword.builtin.VerifyTextPresentKeyword$_verifyTextPresent_closure1.call(VerifyTextPresentKeyword.groovy)
	at com.kms.katalon.core.webui.keyword.internal.WebUIKeywordMain.runKeyword(WebUIKeywordMain.groovy:20)
	... 19 more]]></system-err>
      </testcase>
      <testcase name="Test Cases/Search Product/TC-SPN-005" time="10.267" classname="Test Cases/Search Product/TC-SPN-005" status="PASSED">
         <system-out><![CDATA[2023-10-02 13:42:23 - [TEST_CASE][PASSED] - Test Cases/Search Product/TC-SPN-005: Test Cases/Search Product/TC-SPN-005

2023-10-02 13:42:23 - [TEST_STEP][PASSED] - openBrowser("https://10.9.2.63/ecommerce/"): Browser is opened with url: 'https://10.9.2.63/ecommerce/'

2023-10-02 13:42:23 - [MESSAGE][WARNING] - A browser is already opened. Closing browser and opening a new one

2023-10-02 13:42:24 - [MESSAGE][INFO] - Starting 'Edge Chromium' driver

2023-10-02 13:42:24 - [MESSAGE][INFO] - User set preference: ['acceptInsecureCerts', 'true']

2023-10-02 13:42:26 - [MESSAGE][INFO] - Action delay is set to 0 milliseconds

2023-10-02 13:42:30 - [MESSAGE][PASSED] - Browser is opened with url: 'https://10.9.2.63/ecommerce/'

2023-10-02 13:42:30 - [TEST_STEP][PASSED] - maximizeWindow(): Current window maximized

2023-10-02 13:42:30 - [MESSAGE][PASSED] - Current window maximized

2023-10-02 13:42:30 - [TEST_STEP][PASSED] - setText(findTestObject("Search Product/Input Product"), "Dell Dell Dell"): Text 'Dell Dell Dell' is set on object 'Object Repository/Search Product/Input Product'

2023-10-02 13:42:31 - [MESSAGE][PASSED] - Text 'Dell Dell Dell' is set on object 'Object Repository/Search Product/Input Product'

2023-10-02 13:42:31 - [TEST_STEP][PASSED] - click(findTestObject("Search Product/button_Cari Product")): Object: 'Object Repository/Search Product/button_Cari Product' is clicked on

2023-10-02 13:42:32 - [MESSAGE][PASSED] - Object: 'Object Repository/Search Product/button_Cari Product' is clicked on

2023-10-02 13:42:32 - [TEST_STEP][PASSED] - verifyTextPresent("DELL", false): Text 'DELL' is present on page 

2023-10-02 13:42:33 - [MESSAGE][PASSED] - Text 'DELL' is present on page]]></system-out>
         <system-err><![CDATA[]]></system-err>
      </testcase>
      <testcase name="Test Cases/Search Product/TC-SPN-006" time="44.15" classname="Test Cases/Search Product/TC-SPN-006" status="FAILED">
         <failure type="FAILED" message="Test Cases/Search Product/TC-SPN-006 FAILED.
Reason:
com.kms.katalon.core.exception.StepFailedException: Unable to verify object 'Object Repository/Search Product/Produk Tidak Ditemukan' is not present
	at com.kms.katalon.core.webui.keyword.internal.WebUIKeywordMain.stepFailed(WebUIKeywordMain.groovy:64)
	at com.kms.katalon.core.webui.keyword.internal.WebUIKeywordMain.runKeyword(WebUIKeywordMain.groovy:26)
	at com.kms.katalon.core.webui.keyword.internal.WebUIKeywordMain$runKeyword.call(Unknown Source)
	at com.kms.katalon.core.webui.keyword.builtin.VerifyElementNotPresentKeyword.verifyElementNotPresent(VerifyElementNotPresentKeyword.groovy:122)
	at com.kms.katalon.core.webui.keyword.builtin.VerifyElementNotPresentKeyword.execute(VerifyElementNotPresentKeyword.groovy:68)
	at com.kms.katalon.core.keyword.internal.KeywordExecutor.executeKeywordForPlatform(KeywordExecutor.groovy:74)
	at com.kms.katalon.core.webui.keyword.WebUiBuiltInKeywords.verifyElementNotPresent(WebUiBuiltInKeywords.groovy:1497)
	at com.kms.katalon.core.webui.keyword.WebUiBuiltInKeywords$verifyElementNotPresent$11.call(Unknown Source)
	at TC-SPN-006.run(TC-SPN-006:27)
	at com.kms.katalon.core.main.ScriptEngine.run(ScriptEngine.java:194)
	at com.kms.katalon.core.main.ScriptEngine.runScriptAsRawText(ScriptEngine.java:119)
	at com.kms.katalon.core.main.TestCaseExecutor.runScript(TestCaseExecutor.java:448)
	at com.kms.katalon.core.main.TestCaseExecutor.doExecute(TestCaseExecutor.java:439)
	at com.kms.katalon.core.main.TestCaseExecutor.processExecutionPhase(TestCaseExecutor.java:418)
	at com.kms.katalon.core.main.TestCaseExecutor.accessMainPhase(TestCaseExecutor.java:410)
	at com.kms.katalon.core.main.TestCaseExecutor.execute(TestCaseExecutor.java:285)
	at com.kms.katalon.core.common.CommonExecutor.accessTestCaseMainPhase(CommonExecutor.java:65)
	at com.kms.katalon.core.main.TestSuiteExecutor.accessTestSuiteMainPhase(TestSuiteExecutor.java:148)
	at com.kms.katalon.core.main.TestSuiteExecutor.execute(TestSuiteExecutor.java:106)
	at com.kms.katalon.core.main.TestCaseMain.startTestSuite(TestCaseMain.java:187)
	at com.kms.katalon.core.main.TestCaseMain$startTestSuite$0.call(Unknown Source)
	at TempTestSuite1696228697970.run(TempTestSuite1696228697970.groovy:36)
Caused by: com.kms.katalon.core.exception.StepFailedException: Web element with id: 'Object Repository/Search Product/Produk Tidak Ditemukan' located by 'By.xpath: //div[@id='tab-1']/div/center/img' is present after '30' second(s)
	at com.kms.katalon.core.webui.keyword.internal.WebUIKeywordMain.stepFailed(WebUIKeywordMain.groovy:64)
	at com.kms.katalon.core.webui.keyword.internal.WebUIKeywordMain$stepFailed$0.call(Unknown Source)
	at com.kms.katalon.core.webui.keyword.builtin.VerifyElementNotPresentKeyword$_verifyElementNotPresent_closure1.doCall(VerifyElementNotPresentKeyword.groovy:113)
	at com.kms.katalon.core.webui.keyword.builtin.VerifyElementNotPresentKeyword$_verifyElementNotPresent_closure1.doCall(VerifyElementNotPresentKeyword.groovy)
	at com.kms.katalon.core.webui.keyword.internal.WebUIKeywordMain.runKeyword(WebUIKeywordMain.groovy:20)
	... 20 more
"/>
         <system-out><![CDATA[2023-10-02 13:42:33 - [TEST_CASE][FAILED] - Test Cases/Search Product/TC-SPN-006: Test Cases/Search Product/TC-SPN-006 FAILED.
Reason:
com.kms.katalon.core.exception.StepFailedException: Unable to verify object 'Object Repository/Search Product/Produk Tidak Ditemukan' is not present
	at com.kms.katalon.core.webui.keyword.internal.WebUIKeywordMain.stepFailed(WebUIKeywordMain.groovy:64)
	at com.kms.katalon.core.webui.keyword.internal.WebUIKeywordMain.runKeyword(WebUIKeywordMain.groovy:26)
	at com.kms.katalon.core.webui.keyword.internal.WebUIKeywordMain$runKeyword.call(Unknown Source)
	at com.kms.katalon.core.webui.keyword.builtin.VerifyElementNotPresentKeyword.verifyElementNotPresent(VerifyElementNotPresentKeyword.groovy:122)
	at com.kms.katalon.core.webui.keyword.builtin.VerifyElementNotPresentKeyword.execute(VerifyElementNotPresentKeyword.groovy:68)
	at com.kms.katalon.core.keyword.internal.KeywordExecutor.executeKeywordForPlatform(KeywordExecutor.groovy:74)
	at com.kms.katalon.core.webui.keyword.WebUiBuiltInKeywords.verifyElementNotPresent(WebUiBuiltInKeywords.groovy:1497)
	at com.kms.katalon.core.webui.keyword.WebUiBuiltInKeywords$verifyElementNotPresent$11.call(Unknown Source)
	at TC-SPN-006.run(TC-SPN-006:27)
	at com.kms.katalon.core.main.ScriptEngine.run(ScriptEngine.java:194)
	at com.kms.katalon.core.main.ScriptEngine.runScriptAsRawText(ScriptEngine.java:119)
	at com.kms.katalon.core.main.TestCaseExecutor.runScript(TestCaseExecutor.java:448)
	at com.kms.katalon.core.main.TestCaseExecutor.doExecute(TestCaseExecutor.java:439)
	at com.kms.katalon.core.main.TestCaseExecutor.processExecutionPhase(TestCaseExecutor.java:418)
	at com.kms.katalon.core.main.TestCaseExecutor.accessMainPhase(TestCaseExecutor.java:410)
	at com.kms.katalon.core.main.TestCaseExecutor.execute(TestCaseExecutor.java:285)
	at com.kms.katalon.core.common.CommonExecutor.accessTestCaseMainPhase(CommonExecutor.java:65)
	at com.kms.katalon.core.main.TestSuiteExecutor.accessTestSuiteMainPhase(TestSuiteExecutor.java:148)
	at com.kms.katalon.core.main.TestSuiteExecutor.execute(TestSuiteExecutor.java:106)
	at com.kms.katalon.core.main.TestCaseMain.startTestSuite(TestCaseMain.java:187)
	at com.kms.katalon.core.main.TestCaseMain$startTestSuite$0.call(Unknown Source)
	at TempTestSuite1696228697970.run(TempTestSuite1696228697970.groovy:36)
Caused by: com.kms.katalon.core.exception.StepFailedException: Web element with id: 'Object Repository/Search Product/Produk Tidak Ditemukan' located by 'By.xpath: //div[@id='tab-1']/div/center/img' is present after '30' second(s)
	at com.kms.katalon.core.webui.keyword.internal.WebUIKeywordMain.stepFailed(WebUIKeywordMain.groovy:64)
	at com.kms.katalon.core.webui.keyword.internal.WebUIKeywordMain$stepFailed$0.call(Unknown Source)
	at com.kms.katalon.core.webui.keyword.builtin.VerifyElementNotPresentKeyword$_verifyElementNotPresent_closure1.doCall(VerifyElementNotPresentKeyword.groovy:113)
	at com.kms.katalon.core.webui.keyword.builtin.VerifyElementNotPresentKeyword$_verifyElementNotPresent_closure1.doCall(VerifyElementNotPresentKeyword.groovy)
	at com.kms.katalon.core.webui.keyword.internal.WebUIKeywordMain.runKeyword(WebUIKeywordMain.groovy:20)
	... 20 more


2023-10-02 13:42:33 - [TEST_STEP][PASSED] - callTestCase(findTestCase("Search Product/TC-SP-002"), ["merk":"a"], STOP_ON_FAILURE): Call Test Case 'Test Cases/Search Product/TC-SP-002' successfully

2023-10-02 13:42:34 - [TEST_CASE][PASSED] - Test Cases/Search Product/TC-SP-002: Test Cases/Search Product/TC-SP-002

2023-10-02 13:42:34 - [TEST_STEP][PASSED] - openBrowser("https://10.9.2.63/ecommerce/"): Browser is opened with url: 'https://10.9.2.63/ecommerce/'

2023-10-02 13:42:34 - [MESSAGE][WARNING] - A browser is already opened. Closing browser and opening a new one

2023-10-02 13:42:34 - [MESSAGE][INFO] - Starting 'Edge Chromium' driver

2023-10-02 13:42:34 - [MESSAGE][INFO] - User set preference: ['acceptInsecureCerts', 'true']

2023-10-02 13:42:36 - [MESSAGE][INFO] - Action delay is set to 0 milliseconds

2023-10-02 13:42:40 - [MESSAGE][PASSED] - Browser is opened with url: 'https://10.9.2.63/ecommerce/'

2023-10-02 13:42:40 - [TEST_STEP][PASSED] - maximizeWindow(): Current window maximized

2023-10-02 13:42:40 - [MESSAGE][PASSED] - Current window maximized

2023-10-02 13:42:40 - [TEST_STEP][PASSED] - verifyElementPresent(findTestObject("Search Product/Verify Page Tajalapak"), 0): Object 'Object Repository/Search Product/Verify Page Tajalapak' is present

2023-10-02 13:42:40 - [MESSAGE][WARNING] - Timeout '0' is invalid. Using default page load timeout: '30'

2023-10-02 13:42:41 - [MESSAGE][PASSED] - Object 'Object Repository/Search Product/Verify Page Tajalapak' is present

2023-10-02 13:42:41 - [TEST_STEP][PASSED] - setText(findTestObject("Search Product/Input Product"), merk): Text 'a' is set on object 'Object Repository/Search Product/Input Product'

2023-10-02 13:42:42 - [MESSAGE][PASSED] - Text 'a' is set on object 'Object Repository/Search Product/Input Product'

2023-10-02 13:42:42 - [TEST_STEP][PASSED] - click(findTestObject("Search Product/button_Cari Product")): Object: 'Object Repository/Search Product/button_Cari Product' is clicked on

2023-10-02 13:42:43 - [MESSAGE][PASSED] - Object: 'Object Repository/Search Product/button_Cari Product' is clicked on

2023-10-02 13:42:43 - [TEST_STEP][PASSED] - dataList = findWebElements(findTestObject("Object Repository/Search Product/Semua nama Produk"), 10): null

2023-10-02 13:42:44 - [TEST_STEP][PASSED] - arrProdukName = []: null

2023-10-02 13:42:44 - [TEST_STEP][PASSED] - for ([i = 0, i < dataList.size(), (i++)]): null

2023-10-02 13:42:44 - [TEST_STEP][PASSED] - text = text: null

2023-10-02 13:42:44 - [TEST_STEP][PASSED] - arrProdukName[i] = text.toLowerCase(): null

2023-10-02 13:42:44 - [TEST_STEP][PASSED] - text = text: null

2023-10-02 13:42:44 - [TEST_STEP][PASSED] - arrProdukName[i] = text.toLowerCase(): null

2023-10-02 13:42:44 - [TEST_STEP][PASSED] - text = text: null

2023-10-02 13:42:44 - [TEST_STEP][PASSED] - arrProdukName[i] = text.toLowerCase(): null

2023-10-02 13:42:44 - [TEST_STEP][PASSED] - text = text: null

2023-10-02 13:42:44 - [TEST_STEP][PASSED] - arrProdukName[i] = text.toLowerCase(): null

2023-10-02 13:42:44 - [TEST_STEP][PASSED] - text = text: null

2023-10-02 13:42:44 - [TEST_STEP][PASSED] - arrProdukName[i] = text.toLowerCase(): null

2023-10-02 13:42:44 - [TEST_STEP][PASSED] - text = text: null

2023-10-02 13:42:44 - [TEST_STEP][PASSED] - arrProdukName[i] = text.toLowerCase(): null

2023-10-02 13:42:44 - [TEST_STEP][PASSED] - text = text: null

2023-10-02 13:42:44 - [TEST_STEP][PASSED] - arrProdukName[i] = text.toLowerCase(): null

2023-10-02 13:42:44 - [TEST_STEP][PASSED] - text = text: null

2023-10-02 13:42:44 - [TEST_STEP][PASSED] - arrProdukName[i] = text.toLowerCase(): null

2023-10-02 13:42:44 - [TEST_STEP][PASSED] - text = text: null

2023-10-02 13:42:44 - [TEST_STEP][PASSED] - arrProdukName[i] = text.toLowerCase(): null

2023-10-02 13:42:44 - [TEST_STEP][PASSED] - text = text: null

2023-10-02 13:42:44 - [TEST_STEP][PASSED] - arrProdukName[i] = text.toLowerCase(): null

2023-10-02 13:42:44 - [TEST_STEP][PASSED] - text = text: null

2023-10-02 13:42:44 - [TEST_STEP][PASSED] - arrProdukName[i] = text.toLowerCase(): null

2023-10-02 13:42:44 - [TEST_STEP][PASSED] - text = text: null

2023-10-02 13:42:44 - [TEST_STEP][PASSED] - arrProdukName[i] = text.toLowerCase(): null

2023-10-02 13:42:44 - [TEST_STEP][PASSED] - print(arrProdukName): null

2023-10-02 13:42:44 - [TEST_STEP][PASSED] - for ([i = 0, i < dataList.size(), (i++)]): null

2023-10-02 13:42:44 - [TEST_STEP][PASSED] - assert arrProdukName[i].contains(merk): null

2023-10-02 13:42:44 - [TEST_STEP][PASSED] - assert arrProdukName[i].contains(merk): null

2023-10-02 13:42:44 - [TEST_STEP][PASSED] - assert arrProdukName[i].contains(merk): null

2023-10-02 13:42:44 - [TEST_STEP][PASSED] - assert arrProdukName[i].contains(merk): null

2023-10-02 13:42:44 - [TEST_STEP][PASSED] - assert arrProdukName[i].contains(merk): null

2023-10-02 13:42:44 - [TEST_STEP][PASSED] - assert arrProdukName[i].contains(merk): null

2023-10-02 13:42:44 - [TEST_STEP][PASSED] - assert arrProdukName[i].contains(merk): null

2023-10-02 13:42:44 - [TEST_STEP][PASSED] - assert arrProdukName[i].contains(merk): null

2023-10-02 13:42:44 - [TEST_STEP][PASSED] - assert arrProdukName[i].contains(merk): null

2023-10-02 13:42:44 - [TEST_STEP][PASSED] - assert arrProdukName[i].contains(merk): null

2023-10-02 13:42:44 - [TEST_STEP][PASSED] - assert arrProdukName[i].contains(merk): null

2023-10-02 13:42:44 - [TEST_STEP][PASSED] - assert arrProdukName[i].contains(merk): null

2023-10-02 13:42:44 - [MESSAGE][PASSED] - Call Test Case 'Test Cases/Search Product/TC-SP-002' successfully

2023-10-02 13:42:44 - [TEST_STEP][PASSED] - setText(findTestObject("Search Product/input_Filter Produk_dari"), min): Text '5000' is set on object 'Object Repository/Search Product/input_Filter Produk_dari'

2023-10-02 13:42:45 - [MESSAGE][PASSED] - Text '5000' is set on object 'Object Repository/Search Product/input_Filter Produk_dari'

2023-10-02 13:42:45 - [TEST_STEP][PASSED] - click(findTestObject("Search Product/button_Tampilkan product dari sampai")): Object: 'Object Repository/Search Product/button_Tampilkan product dari sampai' is clicked on

2023-10-02 13:42:46 - [MESSAGE][PASSED] - Object: 'Object Repository/Search Product/button_Tampilkan product dari sampai' is clicked on

2023-10-02 13:42:46 - [TEST_STEP][FAILED] - verifyElementNotPresent(findTestObject("Search Product/Produk Tidak Ditemukan"), 0): Unable to verify object 'Object Repository/Search Product/Produk Tidak Ditemukan' is not present (Root cause: com.kms.katalon.core.exception.StepFailedException: Unable to verify object 'Object Repository/Search Product/Produk Tidak Ditemukan' is not present
	at com.kms.katalon.core.webui.keyword.internal.WebUIKeywordMain.stepFailed(WebUIKeywordMain.groovy:64)
	at com.kms.katalon.core.webui.keyword.internal.WebUIKeywordMain.runKeyword(WebUIKeywordMain.groovy:26)
	at com.kms.katalon.core.webui.keyword.internal.WebUIKeywordMain$runKeyword.call(Unknown Source)
	at com.kms.katalon.core.webui.keyword.builtin.VerifyElementNotPresentKeyword.verifyElementNotPresent(VerifyElementNotPresentKeyword.groovy:122)
	at com.kms.katalon.core.webui.keyword.builtin.VerifyElementNotPresentKeyword.execute(VerifyElementNotPresentKeyword.groovy:68)
	at com.kms.katalon.core.keyword.internal.KeywordExecutor.executeKeywordForPlatform(KeywordExecutor.groovy:74)
	at com.kms.katalon.core.webui.keyword.WebUiBuiltInKeywords.verifyElementNotPresent(WebUiBuiltInKeywords.groovy:1497)
	at com.kms.katalon.core.webui.keyword.WebUiBuiltInKeywords$verifyElementNotPresent$11.call(Unknown Source)
	at TC-SPN-006.run(TC-SPN-006:27)
	at com.kms.katalon.core.main.ScriptEngine.run(ScriptEngine.java:194)
	at com.kms.katalon.core.main.ScriptEngine.runScriptAsRawText(ScriptEngine.java:119)
	at com.kms.katalon.core.main.TestCaseExecutor.runScript(TestCaseExecutor.java:448)
	at com.kms.katalon.core.main.TestCaseExecutor.doExecute(TestCaseExecutor.java:439)
	at com.kms.katalon.core.main.TestCaseExecutor.processExecutionPhase(TestCaseExecutor.java:418)
	at com.kms.katalon.core.main.TestCaseExecutor.accessMainPhase(TestCaseExecutor.java:410)
	at com.kms.katalon.core.main.TestCaseExecutor.execute(TestCaseExecutor.java:285)
	at com.kms.katalon.core.common.CommonExecutor.accessTestCaseMainPhase(CommonExecutor.java:65)
	at com.kms.katalon.core.main.TestSuiteExecutor.accessTestSuiteMainPhase(TestSuiteExecutor.java:148)
	at com.kms.katalon.core.main.TestSuiteExecutor.execute(TestSuiteExecutor.java:106)
	at com.kms.katalon.core.main.TestCaseMain.startTestSuite(TestCaseMain.java:187)
	at com.kms.katalon.core.main.TestCaseMain$startTestSuite$0.call(Unknown Source)
	at TempTestSuite1696228697970.run(TempTestSuite1696228697970.groovy:36)
Caused by: com.kms.katalon.core.exception.StepFailedException: Web element with id: 'Object Repository/Search Product/Produk Tidak Ditemukan' located by 'By.xpath: //div[@id='tab-1']/div/center/img' is present after '30' second(s)
	at com.kms.katalon.core.webui.keyword.internal.WebUIKeywordMain.stepFailed(WebUIKeywordMain.groovy:64)
	at com.kms.katalon.core.webui.keyword.internal.WebUIKeywordMain$stepFailed$0.call(Unknown Source)
	at com.kms.katalon.core.webui.keyword.builtin.VerifyElementNotPresentKeyword$_verifyElementNotPresent_closure1.doCall(VerifyElementNotPresentKeyword.groovy:113)
	at com.kms.katalon.core.webui.keyword.builtin.VerifyElementNotPresentKeyword$_verifyElementNotPresent_closure1.doCall(VerifyElementNotPresentKeyword.groovy)
	at com.kms.katalon.core.webui.keyword.internal.WebUIKeywordMain.runKeyword(WebUIKeywordMain.groovy:20)
	... 20 more
)

2023-10-02 13:42:46 - [MESSAGE][WARNING] - Timeout '0' is invalid. Using default page load timeout: '30'

2023-10-02 13:43:17 - [MESSAGE][FAILED] - Web element with id: 'Object Repository/Search Product/Produk Tidak Ditemukan' located by 'By.xpath: //div[@id='tab-1']/div/center/img' is present after '30' second(s) (Root cause: com.kms.katalon.core.exception.StepFailedException: Web element with id: 'Object Repository/Search Product/Produk Tidak Ditemukan' located by 'By.xpath: //div[@id='tab-1']/div/center/img' is present after '30' second(s)
	at com.kms.katalon.core.webui.keyword.internal.WebUIKeywordMain.stepFailed(WebUIKeywordMain.groovy:64)
	at com.kms.katalon.core.webui.keyword.internal.WebUIKeywordMain$stepFailed$0.call(Unknown Source)
	at com.kms.katalon.core.webui.keyword.builtin.VerifyElementNotPresentKeyword$_verifyElementNotPresent_closure1.doCall(VerifyElementNotPresentKeyword.groovy:113)
	at com.kms.katalon.core.webui.keyword.builtin.VerifyElementNotPresentKeyword$_verifyElementNotPresent_closure1.doCall(VerifyElementNotPresentKeyword.groovy)
	at com.kms.katalon.core.webui.keyword.internal.WebUIKeywordMain.runKeyword(WebUIKeywordMain.groovy:20)
	at com.kms.katalon.core.webui.keyword.internal.WebUIKeywordMain$runKeyword.call(Unknown Source)
	at com.kms.katalon.core.webui.keyword.builtin.VerifyElementNotPresentKeyword.verifyElementNotPresent(VerifyElementNotPresentKeyword.groovy:122)
	at com.kms.katalon.core.webui.keyword.builtin.VerifyElementNotPresentKeyword.execute(VerifyElementNotPresentKeyword.groovy:68)
	at com.kms.katalon.core.keyword.internal.KeywordExecutor.executeKeywordForPlatform(KeywordExecutor.groovy:74)
	at com.kms.katalon.core.webui.keyword.WebUiBuiltInKeywords.verifyElementNotPresent(WebUiBuiltInKeywords.groovy:1497)
	at com.kms.katalon.core.webui.keyword.WebUiBuiltInKeywords$verifyElementNotPresent$11.call(Unknown Source)
	at TC-SPN-006.run(TC-SPN-006:27)
	at com.kms.katalon.core.main.ScriptEngine.run(ScriptEngine.java:194)
	at com.kms.katalon.core.main.ScriptEngine.runScriptAsRawText(ScriptEngine.java:119)
	at com.kms.katalon.core.main.TestCaseExecutor.runScript(TestCaseExecutor.java:448)
	at com.kms.katalon.core.main.TestCaseExecutor.doExecute(TestCaseExecutor.java:439)
	at com.kms.katalon.core.main.TestCaseExecutor.processExecutionPhase(TestCaseExecutor.java:418)
	at com.kms.katalon.core.main.TestCaseExecutor.accessMainPhase(TestCaseExecutor.java:410)
	at com.kms.katalon.core.main.TestCaseExecutor.execute(TestCaseExecutor.java:285)
	at com.kms.katalon.core.common.CommonExecutor.accessTestCaseMainPhase(CommonExecutor.java:65)
	at com.kms.katalon.core.main.TestSuiteExecutor.accessTestSuiteMainPhase(TestSuiteExecutor.java:148)
	at com.kms.katalon.core.main.TestSuiteExecutor.execute(TestSuiteExecutor.java:106)
	at com.kms.katalon.core.main.TestCaseMain.startTestSuite(TestCaseMain.java:187)
	at com.kms.katalon.core.main.TestCaseMain$startTestSuite$0.call(Unknown Source)
	at TempTestSuite1696228697970.run(TempTestSuite1696228697970.groovy:36)
)
[[ATTACHMENT|G:\\Project Xsis\\batch-324-qa\\Riswan\\Tajalapak_com\\Reports\\20231002_133816\\TS-Search Product\\20231002_133817\\1696228997667.png]]

2023-10-02 13:43:17 - [MESSAGE][FAILED] - Unable to verify object 'Object Repository/Search Product/Produk Tidak Ditemukan' is not present (Root cause: com.kms.katalon.core.exception.StepFailedException: Unable to verify object 'Object Repository/Search Product/Produk Tidak Ditemukan' is not present
	at com.kms.katalon.core.webui.keyword.internal.WebUIKeywordMain.stepFailed(WebUIKeywordMain.groovy:64)
	at com.kms.katalon.core.webui.keyword.internal.WebUIKeywordMain.runKeyword(WebUIKeywordMain.groovy:26)
	at com.kms.katalon.core.webui.keyword.internal.WebUIKeywordMain$runKeyword.call(Unknown Source)
	at com.kms.katalon.core.webui.keyword.builtin.VerifyElementNotPresentKeyword.verifyElementNotPresent(VerifyElementNotPresentKeyword.groovy:122)
	at com.kms.katalon.core.webui.keyword.builtin.VerifyElementNotPresentKeyword.execute(VerifyElementNotPresentKeyword.groovy:68)
	at com.kms.katalon.core.keyword.internal.KeywordExecutor.executeKeywordForPlatform(KeywordExecutor.groovy:74)
	at com.kms.katalon.core.webui.keyword.WebUiBuiltInKeywords.verifyElementNotPresent(WebUiBuiltInKeywords.groovy:1497)
	at com.kms.katalon.core.webui.keyword.WebUiBuiltInKeywords$verifyElementNotPresent$11.call(Unknown Source)
	at TC-SPN-006.run(TC-SPN-006:27)
	at com.kms.katalon.core.main.ScriptEngine.run(ScriptEngine.java:194)
	at com.kms.katalon.core.main.ScriptEngine.runScriptAsRawText(ScriptEngine.java:119)
	at com.kms.katalon.core.main.TestCaseExecutor.runScript(TestCaseExecutor.java:448)
	at com.kms.katalon.core.main.TestCaseExecutor.doExecute(TestCaseExecutor.java:439)
	at com.kms.katalon.core.main.TestCaseExecutor.processExecutionPhase(TestCaseExecutor.java:418)
	at com.kms.katalon.core.main.TestCaseExecutor.accessMainPhase(TestCaseExecutor.java:410)
	at com.kms.katalon.core.main.TestCaseExecutor.execute(TestCaseExecutor.java:285)
	at com.kms.katalon.core.common.CommonExecutor.accessTestCaseMainPhase(CommonExecutor.java:65)
	at com.kms.katalon.core.main.TestSuiteExecutor.accessTestSuiteMainPhase(TestSuiteExecutor.java:148)
	at com.kms.katalon.core.main.TestSuiteExecutor.execute(TestSuiteExecutor.java:106)
	at com.kms.katalon.core.main.TestCaseMain.startTestSuite(TestCaseMain.java:187)
	at com.kms.katalon.core.main.TestCaseMain$startTestSuite$0.call(Unknown Source)
	at TempTestSuite1696228697970.run(TempTestSuite1696228697970.groovy:36)
Caused by: com.kms.katalon.core.exception.StepFailedException: Web element with id: 'Object Repository/Search Product/Produk Tidak Ditemukan' located by 'By.xpath: //div[@id='tab-1']/div/center/img' is present after '30' second(s)
	at com.kms.katalon.core.webui.keyword.internal.WebUIKeywordMain.stepFailed(WebUIKeywordMain.groovy:64)
	at com.kms.katalon.core.webui.keyword.internal.WebUIKeywordMain$stepFailed$0.call(Unknown Source)
	at com.kms.katalon.core.webui.keyword.builtin.VerifyElementNotPresentKeyword$_verifyElementNotPresent_closure1.doCall(VerifyElementNotPresentKeyword.groovy:113)
	at com.kms.katalon.core.webui.keyword.builtin.VerifyElementNotPresentKeyword$_verifyElementNotPresent_closure1.doCall(VerifyElementNotPresentKeyword.groovy)
	at com.kms.katalon.core.webui.keyword.internal.WebUIKeywordMain.runKeyword(WebUIKeywordMain.groovy:20)
	... 20 more
)
[[ATTACHMENT|G:\\Project Xsis\\batch-324-qa\\Riswan\\Tajalapak_com\\Reports\\20231002_133816\\TS-Search Product\\20231002_133817\\1696228997786.png]]]]></system-out>
         <system-err><![CDATA[2023-10-02 13:42:33 - [TEST_CASE][FAILED] - Test Cases/Search Product/TC-SPN-006: Test Cases/Search Product/TC-SPN-006 FAILED.
Reason:
com.kms.katalon.core.exception.StepFailedException: Unable to verify object 'Object Repository/Search Product/Produk Tidak Ditemukan' is not present
	at com.kms.katalon.core.webui.keyword.internal.WebUIKeywordMain.stepFailed(WebUIKeywordMain.groovy:64)
	at com.kms.katalon.core.webui.keyword.internal.WebUIKeywordMain.runKeyword(WebUIKeywordMain.groovy:26)
	at com.kms.katalon.core.webui.keyword.internal.WebUIKeywordMain$runKeyword.call(Unknown Source)
	at com.kms.katalon.core.webui.keyword.builtin.VerifyElementNotPresentKeyword.verifyElementNotPresent(VerifyElementNotPresentKeyword.groovy:122)
	at com.kms.katalon.core.webui.keyword.builtin.VerifyElementNotPresentKeyword.execute(VerifyElementNotPresentKeyword.groovy:68)
	at com.kms.katalon.core.keyword.internal.KeywordExecutor.executeKeywordForPlatform(KeywordExecutor.groovy:74)
	at com.kms.katalon.core.webui.keyword.WebUiBuiltInKeywords.verifyElementNotPresent(WebUiBuiltInKeywords.groovy:1497)
	at com.kms.katalon.core.webui.keyword.WebUiBuiltInKeywords$verifyElementNotPresent$11.call(Unknown Source)
	at TC-SPN-006.run(TC-SPN-006:27)
	at com.kms.katalon.core.main.ScriptEngine.run(ScriptEngine.java:194)
	at com.kms.katalon.core.main.ScriptEngine.runScriptAsRawText(ScriptEngine.java:119)
	at com.kms.katalon.core.main.TestCaseExecutor.runScript(TestCaseExecutor.java:448)
	at com.kms.katalon.core.main.TestCaseExecutor.doExecute(TestCaseExecutor.java:439)
	at com.kms.katalon.core.main.TestCaseExecutor.processExecutionPhase(TestCaseExecutor.java:418)
	at com.kms.katalon.core.main.TestCaseExecutor.accessMainPhase(TestCaseExecutor.java:410)
	at com.kms.katalon.core.main.TestCaseExecutor.execute(TestCaseExecutor.java:285)
	at com.kms.katalon.core.common.CommonExecutor.accessTestCaseMainPhase(CommonExecutor.java:65)
	at com.kms.katalon.core.main.TestSuiteExecutor.accessTestSuiteMainPhase(TestSuiteExecutor.java:148)
	at com.kms.katalon.core.main.TestSuiteExecutor.execute(TestSuiteExecutor.java:106)
	at com.kms.katalon.core.main.TestCaseMain.startTestSuite(TestCaseMain.java:187)
	at com.kms.katalon.core.main.TestCaseMain$startTestSuite$0.call(Unknown Source)
	at TempTestSuite1696228697970.run(TempTestSuite1696228697970.groovy:36)
Caused by: com.kms.katalon.core.exception.StepFailedException: Web element with id: 'Object Repository/Search Product/Produk Tidak Ditemukan' located by 'By.xpath: //div[@id='tab-1']/div/center/img' is present after '30' second(s)
	at com.kms.katalon.core.webui.keyword.internal.WebUIKeywordMain.stepFailed(WebUIKeywordMain.groovy:64)
	at com.kms.katalon.core.webui.keyword.internal.WebUIKeywordMain$stepFailed$0.call(Unknown Source)
	at com.kms.katalon.core.webui.keyword.builtin.VerifyElementNotPresentKeyword$_verifyElementNotPresent_closure1.doCall(VerifyElementNotPresentKeyword.groovy:113)
	at com.kms.katalon.core.webui.keyword.builtin.VerifyElementNotPresentKeyword$_verifyElementNotPresent_closure1.doCall(VerifyElementNotPresentKeyword.groovy)
	at com.kms.katalon.core.webui.keyword.internal.WebUIKeywordMain.runKeyword(WebUIKeywordMain.groovy:20)
	... 20 more]]></system-err>
      </testcase>
      <testcase name="Test Cases/Search Product/TC-SPN-007" time="15.39" classname="Test Cases/Search Product/TC-SPN-007" status="FAILED">
         <failure type="FAILED" message="Test Cases/Search Product/TC-SPN-007 FAILED.
Reason:
Assertion failed: 

assert (arrProdukHarga[i]) &lt;= Double.parseDouble(max)
        |             ||   |         |           |
        |             |4   false     5000.0      5000
        |             200000.0
        [-988000.0, -988000.0, -988000.0, -988000.0, 200000.0, 700000.0, 0.0, 0.0, 2.0, 1213.0, 0.0, 0.0]

	at TC-SPN-007.run(TC-SPN-007:44)
	at com.kms.katalon.core.main.ScriptEngine.run(ScriptEngine.java:194)
	at com.kms.katalon.core.main.ScriptEngine.runScriptAsRawText(ScriptEngine.java:119)
	at com.kms.katalon.core.main.TestCaseExecutor.runScript(TestCaseExecutor.java:448)
	at com.kms.katalon.core.main.TestCaseExecutor.doExecute(TestCaseExecutor.java:439)
	at com.kms.katalon.core.main.TestCaseExecutor.processExecutionPhase(TestCaseExecutor.java:418)
	at com.kms.katalon.core.main.TestCaseExecutor.accessMainPhase(TestCaseExecutor.java:410)
	at com.kms.katalon.core.main.TestCaseExecutor.execute(TestCaseExecutor.java:285)
	at com.kms.katalon.core.common.CommonExecutor.accessTestCaseMainPhase(CommonExecutor.java:65)
	at com.kms.katalon.core.main.TestSuiteExecutor.accessTestSuiteMainPhase(TestSuiteExecutor.java:148)
	at com.kms.katalon.core.main.TestSuiteExecutor.execute(TestSuiteExecutor.java:106)
	at com.kms.katalon.core.main.TestCaseMain.startTestSuite(TestCaseMain.java:187)
	at com.kms.katalon.core.main.TestCaseMain$startTestSuite$0.call(Unknown Source)
	at TempTestSuite1696228697970.run(TempTestSuite1696228697970.groovy:36)
"/>
         <system-out><![CDATA[2023-10-02 13:43:17 - [TEST_CASE][FAILED] - Test Cases/Search Product/TC-SPN-007: Test Cases/Search Product/TC-SPN-007 FAILED.
Reason:
Assertion failed: 

assert (arrProdukHarga[i]) <= Double.parseDouble(max)
        |             ||   |         |           |
        |             |4   false     5000.0      5000
        |             200000.0
        [-988000.0, -988000.0, -988000.0, -988000.0, 200000.0, 700000.0, 0.0, 0.0, 2.0, 1213.0, 0.0, 0.0]

	at TC-SPN-007.run(TC-SPN-007:44)
	at com.kms.katalon.core.main.ScriptEngine.run(ScriptEngine.java:194)
	at com.kms.katalon.core.main.ScriptEngine.runScriptAsRawText(ScriptEngine.java:119)
	at com.kms.katalon.core.main.TestCaseExecutor.runScript(TestCaseExecutor.java:448)
	at com.kms.katalon.core.main.TestCaseExecutor.doExecute(TestCaseExecutor.java:439)
	at com.kms.katalon.core.main.TestCaseExecutor.processExecutionPhase(TestCaseExecutor.java:418)
	at com.kms.katalon.core.main.TestCaseExecutor.accessMainPhase(TestCaseExecutor.java:410)
	at com.kms.katalon.core.main.TestCaseExecutor.execute(TestCaseExecutor.java:285)
	at com.kms.katalon.core.common.CommonExecutor.accessTestCaseMainPhase(CommonExecutor.java:65)
	at com.kms.katalon.core.main.TestSuiteExecutor.accessTestSuiteMainPhase(TestSuiteExecutor.java:148)
	at com.kms.katalon.core.main.TestSuiteExecutor.execute(TestSuiteExecutor.java:106)
	at com.kms.katalon.core.main.TestCaseMain.startTestSuite(TestCaseMain.java:187)
	at com.kms.katalon.core.main.TestCaseMain$startTestSuite$0.call(Unknown Source)
	at TempTestSuite1696228697970.run(TempTestSuite1696228697970.groovy:36)


2023-10-02 13:43:18 - [TEST_STEP][PASSED] - callTestCase(findTestCase("Search Product/TC-SP-002"), ["merk":"a"], STOP_ON_FAILURE): Call Test Case 'Test Cases/Search Product/TC-SP-002' successfully

2023-10-02 13:43:18 - [TEST_CASE][PASSED] - Test Cases/Search Product/TC-SP-002: Test Cases/Search Product/TC-SP-002

2023-10-02 13:43:18 - [TEST_STEP][PASSED] - openBrowser("https://10.9.2.63/ecommerce/"): Browser is opened with url: 'https://10.9.2.63/ecommerce/'

2023-10-02 13:43:18 - [MESSAGE][WARNING] - A browser is already opened. Closing browser and opening a new one

2023-10-02 13:43:19 - [MESSAGE][INFO] - Starting 'Edge Chromium' driver

2023-10-02 13:43:19 - [MESSAGE][INFO] - User set preference: ['acceptInsecureCerts', 'true']

2023-10-02 13:43:21 - [MESSAGE][INFO] - Action delay is set to 0 milliseconds

2023-10-02 13:43:25 - [MESSAGE][PASSED] - Browser is opened with url: 'https://10.9.2.63/ecommerce/'

2023-10-02 13:43:25 - [TEST_STEP][PASSED] - maximizeWindow(): Current window maximized

2023-10-02 13:43:25 - [MESSAGE][PASSED] - Current window maximized

2023-10-02 13:43:25 - [TEST_STEP][PASSED] - verifyElementPresent(findTestObject("Search Product/Verify Page Tajalapak"), 0): Object 'Object Repository/Search Product/Verify Page Tajalapak' is present

2023-10-02 13:43:25 - [MESSAGE][WARNING] - Timeout '0' is invalid. Using default page load timeout: '30'

2023-10-02 13:43:26 - [MESSAGE][PASSED] - Object 'Object Repository/Search Product/Verify Page Tajalapak' is present

2023-10-02 13:43:26 - [TEST_STEP][PASSED] - setText(findTestObject("Search Product/Input Product"), merk): Text 'a' is set on object 'Object Repository/Search Product/Input Product'

2023-10-02 13:43:27 - [MESSAGE][PASSED] - Text 'a' is set on object 'Object Repository/Search Product/Input Product'

2023-10-02 13:43:27 - [TEST_STEP][PASSED] - click(findTestObject("Search Product/button_Cari Product")): Object: 'Object Repository/Search Product/button_Cari Product' is clicked on

2023-10-02 13:43:28 - [MESSAGE][PASSED] - Object: 'Object Repository/Search Product/button_Cari Product' is clicked on

2023-10-02 13:43:28 - [TEST_STEP][PASSED] - dataList = findWebElements(findTestObject("Object Repository/Search Product/Semua nama Produk"), 10): null

2023-10-02 13:43:29 - [TEST_STEP][PASSED] - arrProdukName = []: null

2023-10-02 13:43:29 - [TEST_STEP][PASSED] - for ([i = 0, i < dataList.size(), (i++)]): null

2023-10-02 13:43:29 - [TEST_STEP][PASSED] - text = text: null

2023-10-02 13:43:29 - [TEST_STEP][PASSED] - arrProdukName[i] = text.toLowerCase(): null

2023-10-02 13:43:29 - [TEST_STEP][PASSED] - text = text: null

2023-10-02 13:43:29 - [TEST_STEP][PASSED] - arrProdukName[i] = text.toLowerCase(): null

2023-10-02 13:43:29 - [TEST_STEP][PASSED] - text = text: null

2023-10-02 13:43:29 - [TEST_STEP][PASSED] - arrProdukName[i] = text.toLowerCase(): null

2023-10-02 13:43:29 - [TEST_STEP][PASSED] - text = text: null

2023-10-02 13:43:29 - [TEST_STEP][PASSED] - arrProdukName[i] = text.toLowerCase(): null

2023-10-02 13:43:29 - [TEST_STEP][PASSED] - text = text: null

2023-10-02 13:43:29 - [TEST_STEP][PASSED] - arrProdukName[i] = text.toLowerCase(): null

2023-10-02 13:43:29 - [TEST_STEP][PASSED] - text = text: null

2023-10-02 13:43:29 - [TEST_STEP][PASSED] - arrProdukName[i] = text.toLowerCase(): null

2023-10-02 13:43:29 - [TEST_STEP][PASSED] - text = text: null

2023-10-02 13:43:29 - [TEST_STEP][PASSED] - arrProdukName[i] = text.toLowerCase(): null

2023-10-02 13:43:29 - [TEST_STEP][PASSED] - text = text: null

2023-10-02 13:43:29 - [TEST_STEP][PASSED] - arrProdukName[i] = text.toLowerCase(): null

2023-10-02 13:43:29 - [TEST_STEP][PASSED] - text = text: null

2023-10-02 13:43:29 - [TEST_STEP][PASSED] - arrProdukName[i] = text.toLowerCase(): null

2023-10-02 13:43:29 - [TEST_STEP][PASSED] - text = text: null

2023-10-02 13:43:29 - [TEST_STEP][PASSED] - arrProdukName[i] = text.toLowerCase(): null

2023-10-02 13:43:29 - [TEST_STEP][PASSED] - text = text: null

2023-10-02 13:43:29 - [TEST_STEP][PASSED] - arrProdukName[i] = text.toLowerCase(): null

2023-10-02 13:43:29 - [TEST_STEP][PASSED] - text = text: null

2023-10-02 13:43:29 - [TEST_STEP][PASSED] - arrProdukName[i] = text.toLowerCase(): null

2023-10-02 13:43:29 - [TEST_STEP][PASSED] - print(arrProdukName): null

2023-10-02 13:43:29 - [TEST_STEP][PASSED] - for ([i = 0, i < dataList.size(), (i++)]): null

2023-10-02 13:43:29 - [TEST_STEP][PASSED] - assert arrProdukName[i].contains(merk): null

2023-10-02 13:43:29 - [TEST_STEP][PASSED] - assert arrProdukName[i].contains(merk): null

2023-10-02 13:43:29 - [TEST_STEP][PASSED] - assert arrProdukName[i].contains(merk): null

2023-10-02 13:43:29 - [TEST_STEP][PASSED] - assert arrProdukName[i].contains(merk): null

2023-10-02 13:43:29 - [TEST_STEP][PASSED] - assert arrProdukName[i].contains(merk): null

2023-10-02 13:43:29 - [TEST_STEP][PASSED] - assert arrProdukName[i].contains(merk): null

2023-10-02 13:43:29 - [TEST_STEP][PASSED] - assert arrProdukName[i].contains(merk): null

2023-10-02 13:43:29 - [TEST_STEP][PASSED] - assert arrProdukName[i].contains(merk): null

2023-10-02 13:43:29 - [TEST_STEP][PASSED] - assert arrProdukName[i].contains(merk): null

2023-10-02 13:43:29 - [TEST_STEP][PASSED] - assert arrProdukName[i].contains(merk): null

2023-10-02 13:43:29 - [TEST_STEP][PASSED] - assert arrProdukName[i].contains(merk): null

2023-10-02 13:43:29 - [TEST_STEP][PASSED] - assert arrProdukName[i].contains(merk): null

2023-10-02 13:43:29 - [MESSAGE][PASSED] - Call Test Case 'Test Cases/Search Product/TC-SP-002' successfully

2023-10-02 13:43:29 - [TEST_STEP][PASSED] - setText(findTestObject("Search Product/input_Filter Produk_sampai"), max): Text '5000' is set on object 'Object Repository/Search Product/input_Filter Produk_sampai'

2023-10-02 13:43:30 - [MESSAGE][PASSED] - Text '5000' is set on object 'Object Repository/Search Product/input_Filter Produk_sampai'

2023-10-02 13:43:30 - [TEST_STEP][PASSED] - click(findTestObject("Search Product/button_Tampilkan product dari sampai")): Object: 'Object Repository/Search Product/button_Tampilkan product dari sampai' is clicked on

2023-10-02 13:43:32 - [MESSAGE][PASSED] - Object: 'Object Repository/Search Product/button_Tampilkan product dari sampai' is clicked on

2023-10-02 13:43:32 - [TEST_STEP][PASSED] - dataList = findWebElements(findTestObject("Object Repository/Search Product/Harga Semua Product"), 10): null

2023-10-02 13:43:33 - [TEST_STEP][PASSED] - arrProdukHarga = []: null

2023-10-02 13:43:33 - [TEST_STEP][PASSED] - for ([i = 0, i < dataList.size(), (i++)]): null

2023-10-02 13:43:33 - [TEST_STEP][PASSED] - text = text: null

2023-10-02 13:43:33 - [TEST_STEP][PASSED] - product = text.split(" "): null

2023-10-02 13:43:33 - [TEST_STEP][PASSED] - arrProdukHarga[i] = Double.parseDouble(product[1].replace(",", "")): null

2023-10-02 13:43:33 - [TEST_STEP][PASSED] - text = text: null

2023-10-02 13:43:33 - [TEST_STEP][PASSED] - product = text.split(" "): null

2023-10-02 13:43:33 - [TEST_STEP][PASSED] - arrProdukHarga[i] = Double.parseDouble(product[1].replace(",", "")): null

2023-10-02 13:43:33 - [TEST_STEP][PASSED] - text = text: null

2023-10-02 13:43:33 - [TEST_STEP][PASSED] - product = text.split(" "): null

2023-10-02 13:43:33 - [TEST_STEP][PASSED] - arrProdukHarga[i] = Double.parseDouble(product[1].replace(",", "")): null

2023-10-02 13:43:33 - [TEST_STEP][PASSED] - text = text: null

2023-10-02 13:43:33 - [TEST_STEP][PASSED] - product = text.split(" "): null

2023-10-02 13:43:33 - [TEST_STEP][PASSED] - arrProdukHarga[i] = Double.parseDouble(product[1].replace(",", "")): null

2023-10-02 13:43:33 - [TEST_STEP][PASSED] - text = text: null

2023-10-02 13:43:33 - [TEST_STEP][PASSED] - product = text.split(" "): null

2023-10-02 13:43:33 - [TEST_STEP][PASSED] - arrProdukHarga[i] = Double.parseDouble(product[1].replace(",", "")): null

2023-10-02 13:43:33 - [TEST_STEP][PASSED] - text = text: null

2023-10-02 13:43:33 - [TEST_STEP][PASSED] - product = text.split(" "): null

2023-10-02 13:43:33 - [TEST_STEP][PASSED] - arrProdukHarga[i] = Double.parseDouble(product[1].replace(",", "")): null

2023-10-02 13:43:33 - [TEST_STEP][PASSED] - text = text: null

2023-10-02 13:43:33 - [TEST_STEP][PASSED] - product = text.split(" "): null

2023-10-02 13:43:33 - [TEST_STEP][PASSED] - arrProdukHarga[i] = Double.parseDouble(product[1].replace(",", "")): null

2023-10-02 13:43:33 - [TEST_STEP][PASSED] - text = text: null

2023-10-02 13:43:33 - [TEST_STEP][PASSED] - product = text.split(" "): null

2023-10-02 13:43:33 - [TEST_STEP][PASSED] - arrProdukHarga[i] = Double.parseDouble(product[1].replace(",", "")): null

2023-10-02 13:43:33 - [TEST_STEP][PASSED] - text = text: null

2023-10-02 13:43:33 - [TEST_STEP][PASSED] - product = text.split(" "): null

2023-10-02 13:43:33 - [TEST_STEP][PASSED] - arrProdukHarga[i] = Double.parseDouble(product[1].replace(",", "")): null

2023-10-02 13:43:33 - [TEST_STEP][PASSED] - text = text: null

2023-10-02 13:43:33 - [TEST_STEP][PASSED] - product = text.split(" "): null

2023-10-02 13:43:33 - [TEST_STEP][PASSED] - arrProdukHarga[i] = Double.parseDouble(product[1].replace(",", "")): null

2023-10-02 13:43:33 - [TEST_STEP][PASSED] - text = text: null

2023-10-02 13:43:33 - [TEST_STEP][PASSED] - product = text.split(" "): null

2023-10-02 13:43:33 - [TEST_STEP][PASSED] - arrProdukHarga[i] = Double.parseDouble(product[1].replace(",", "")): null

2023-10-02 13:43:33 - [TEST_STEP][PASSED] - text = text: null

2023-10-02 13:43:33 - [TEST_STEP][PASSED] - product = text.split(" "): null

2023-10-02 13:43:33 - [TEST_STEP][PASSED] - arrProdukHarga[i] = Double.parseDouble(product[1].replace(",", "")): null

2023-10-02 13:43:33 - [TEST_STEP][FAILED] - for ([i = 0, i < dataList.size(), (i++)]): Test Cases/Search Product/TC-SPN-007 FAILED.
Reason:
Assertion failed: 

assert (arrProdukHarga[i]) <= Double.parseDouble(max)
        |             ||   |         |           |
        |             |4   false     5000.0      5000
        |             200000.0
        [-988000.0, -988000.0, -988000.0, -988000.0, 200000.0, 700000.0, 0.0, 0.0, 2.0, 1213.0, 0.0, 0.0]

	at TC-SPN-007.run(TC-SPN-007:44)
	at com.kms.katalon.core.main.ScriptEngine.run(ScriptEngine.java:194)
	at com.kms.katalon.core.main.ScriptEngine.runScriptAsRawText(ScriptEngine.java:119)
	at com.kms.katalon.core.main.TestCaseExecutor.runScript(TestCaseExecutor.java:448)
	at com.kms.katalon.core.main.TestCaseExecutor.doExecute(TestCaseExecutor.java:439)
	at com.kms.katalon.core.main.TestCaseExecutor.processExecutionPhase(TestCaseExecutor.java:418)
	at com.kms.katalon.core.main.TestCaseExecutor.accessMainPhase(TestCaseExecutor.java:410)
	at com.kms.katalon.core.main.TestCaseExecutor.execute(TestCaseExecutor.java:285)
	at com.kms.katalon.core.common.CommonExecutor.accessTestCaseMainPhase(CommonExecutor.java:65)
	at com.kms.katalon.core.main.TestSuiteExecutor.accessTestSuiteMainPhase(TestSuiteExecutor.java:148)
	at com.kms.katalon.core.main.TestSuiteExecutor.execute(TestSuiteExecutor.java:106)
	at com.kms.katalon.core.main.TestCaseMain.startTestSuite(TestCaseMain.java:187)
	at com.kms.katalon.core.main.TestCaseMain$startTestSuite$0.call(Unknown Source)
	at TempTestSuite1696228697970.run(TempTestSuite1696228697970.groovy:36)


2023-10-02 13:43:33 - [TEST_STEP][PASSED] - assert arrProdukHarga[i] <= Double.parseDouble(max): null

2023-10-02 13:43:33 - [TEST_STEP][PASSED] - assert arrProdukHarga[i] <= Double.parseDouble(max): null

2023-10-02 13:43:33 - [TEST_STEP][PASSED] - assert arrProdukHarga[i] <= Double.parseDouble(max): null

2023-10-02 13:43:33 - [TEST_STEP][PASSED] - assert arrProdukHarga[i] <= Double.parseDouble(max): null

2023-10-02 13:43:33 - [TEST_STEP][FAILED] - assert arrProdukHarga[i] <= Double.parseDouble(max): Test Cases/Search Product/TC-SPN-007 FAILED.
Reason:
Assertion failed: 

assert (arrProdukHarga[i]) <= Double.parseDouble(max)
        |             ||   |         |           |
        |             |4   false     5000.0      5000
        |             200000.0
        [-988000.0, -988000.0, -988000.0, -988000.0, 200000.0, 700000.0, 0.0, 0.0, 2.0, 1213.0, 0.0, 0.0]

	at TC-SPN-007.run(TC-SPN-007:44)
	at com.kms.katalon.core.main.ScriptEngine.run(ScriptEngine.java:194)
	at com.kms.katalon.core.main.ScriptEngine.runScriptAsRawText(ScriptEngine.java:119)
	at com.kms.katalon.core.main.TestCaseExecutor.runScript(TestCaseExecutor.java:448)
	at com.kms.katalon.core.main.TestCaseExecutor.doExecute(TestCaseExecutor.java:439)
	at com.kms.katalon.core.main.TestCaseExecutor.processExecutionPhase(TestCaseExecutor.java:418)
	at com.kms.katalon.core.main.TestCaseExecutor.accessMainPhase(TestCaseExecutor.java:410)
	at com.kms.katalon.core.main.TestCaseExecutor.execute(TestCaseExecutor.java:285)
	at com.kms.katalon.core.common.CommonExecutor.accessTestCaseMainPhase(CommonExecutor.java:65)
	at com.kms.katalon.core.main.TestSuiteExecutor.accessTestSuiteMainPhase(TestSuiteExecutor.java:148)
	at com.kms.katalon.core.main.TestSuiteExecutor.execute(TestSuiteExecutor.java:106)
	at com.kms.katalon.core.main.TestCaseMain.startTestSuite(TestCaseMain.java:187)
	at com.kms.katalon.core.main.TestCaseMain$startTestSuite$0.call(Unknown Source)
	at TempTestSuite1696228697970.run(TempTestSuite1696228697970.groovy:36)


2023-10-02 13:43:33 - [MESSAGE][FAILED] - Test Cases/Search Product/TC-SPN-007 FAILED.
Reason:
Assertion failed: 

assert (arrProdukHarga[i]) <= Double.parseDouble(max)
        |             ||   |         |           |
        |             |4   false     5000.0      5000
        |             200000.0
        [-988000.0, -988000.0, -988000.0, -988000.0, 200000.0, 700000.0, 0.0, 0.0, 2.0, 1213.0, 0.0, 0.0]

	at TC-SPN-007.run(TC-SPN-007:44)
	at com.kms.katalon.core.main.ScriptEngine.run(ScriptEngine.java:194)
	at com.kms.katalon.core.main.ScriptEngine.runScriptAsRawText(ScriptEngine.java:119)
	at com.kms.katalon.core.main.TestCaseExecutor.runScript(TestCaseExecutor.java:448)
	at com.kms.katalon.core.main.TestCaseExecutor.doExecute(TestCaseExecutor.java:439)
	at com.kms.katalon.core.main.TestCaseExecutor.processExecutionPhase(TestCaseExecutor.java:418)
	at com.kms.katalon.core.main.TestCaseExecutor.accessMainPhase(TestCaseExecutor.java:410)
	at com.kms.katalon.core.main.TestCaseExecutor.execute(TestCaseExecutor.java:285)
	at com.kms.katalon.core.common.CommonExecutor.accessTestCaseMainPhase(CommonExecutor.java:65)
	at com.kms.katalon.core.main.TestSuiteExecutor.accessTestSuiteMainPhase(TestSuiteExecutor.java:148)
	at com.kms.katalon.core.main.TestSuiteExecutor.execute(TestSuiteExecutor.java:106)
	at com.kms.katalon.core.main.TestCaseMain.startTestSuite(TestCaseMain.java:187)
	at com.kms.katalon.core.main.TestCaseMain$startTestSuite$0.call(Unknown Source)
	at TempTestSuite1696228697970.run(TempTestSuite1696228697970.groovy:36)]]></system-out>
         <system-err><![CDATA[2023-10-02 13:43:17 - [TEST_CASE][FAILED] - Test Cases/Search Product/TC-SPN-007: Test Cases/Search Product/TC-SPN-007 FAILED.
Reason:
Assertion failed: 

assert (arrProdukHarga[i]) <= Double.parseDouble(max)
        |             ||   |         |           |
        |             |4   false     5000.0      5000
        |             200000.0
        [-988000.0, -988000.0, -988000.0, -988000.0, 200000.0, 700000.0, 0.0, 0.0, 2.0, 1213.0, 0.0, 0.0]

	at TC-SPN-007.run(TC-SPN-007:44)
	at com.kms.katalon.core.main.ScriptEngine.run(ScriptEngine.java:194)
	at com.kms.katalon.core.main.ScriptEngine.runScriptAsRawText(ScriptEngine.java:119)
	at com.kms.katalon.core.main.TestCaseExecutor.runScript(TestCaseExecutor.java:448)
	at com.kms.katalon.core.main.TestCaseExecutor.doExecute(TestCaseExecutor.java:439)
	at com.kms.katalon.core.main.TestCaseExecutor.processExecutionPhase(TestCaseExecutor.java:418)
	at com.kms.katalon.core.main.TestCaseExecutor.accessMainPhase(TestCaseExecutor.java:410)
	at com.kms.katalon.core.main.TestCaseExecutor.execute(TestCaseExecutor.java:285)
	at com.kms.katalon.core.common.CommonExecutor.accessTestCaseMainPhase(CommonExecutor.java:65)
	at com.kms.katalon.core.main.TestSuiteExecutor.accessTestSuiteMainPhase(TestSuiteExecutor.java:148)
	at com.kms.katalon.core.main.TestSuiteExecutor.execute(TestSuiteExecutor.java:106)
	at com.kms.katalon.core.main.TestCaseMain.startTestSuite(TestCaseMain.java:187)
	at com.kms.katalon.core.main.TestCaseMain$startTestSuite$0.call(Unknown Source)
	at TempTestSuite1696228697970.run(TempTestSuite1696228697970.groovy:36)]]></system-err>
      </testcase>
      <testcase name="Test Cases/Search Product/TC-SPN-008" time="40.619" classname="Test Cases/Search Product/TC-SPN-008" status="FAILED">
         <failure type="FAILED" message="Test Cases/Search Product/TC-SPN-008 FAILED.
Reason:
com.kms.katalon.core.exception.StepFailedException: Unable to verify object 'Object Repository/Search Product/Produk Tidak Ditemukan' is present
	at com.kms.katalon.core.webui.keyword.internal.WebUIKeywordMain.stepFailed(WebUIKeywordMain.groovy:64)
	at com.kms.katalon.core.webui.keyword.internal.WebUIKeywordMain.runKeyword(WebUIKeywordMain.groovy:26)
	at com.kms.katalon.core.webui.keyword.builtin.VerifyElementPresentKeyword.verifyElementPresent(VerifyElementPresentKeyword.groovy:92)
	at com.kms.katalon.core.webui.keyword.builtin.VerifyElementPresentKeyword.execute(VerifyElementPresentKeyword.groovy:68)
	at com.kms.katalon.core.keyword.internal.KeywordExecutor.executeKeywordForPlatform(KeywordExecutor.groovy:74)
	at com.kms.katalon.core.webui.keyword.WebUiBuiltInKeywords.verifyElementPresent(WebUiBuiltInKeywords.groovy:1464)
	at com.kms.katalon.core.webui.keyword.WebUiBuiltInKeywords$verifyElementPresent$1.call(Unknown Source)
	at TC-SPN-008.run(TC-SPN-008:30)
	at com.kms.katalon.core.main.ScriptEngine.run(ScriptEngine.java:194)
	at com.kms.katalon.core.main.ScriptEngine.runScriptAsRawText(ScriptEngine.java:119)
	at com.kms.katalon.core.main.TestCaseExecutor.runScript(TestCaseExecutor.java:448)
	at com.kms.katalon.core.main.TestCaseExecutor.doExecute(TestCaseExecutor.java:439)
	at com.kms.katalon.core.main.TestCaseExecutor.processExecutionPhase(TestCaseExecutor.java:418)
	at com.kms.katalon.core.main.TestCaseExecutor.accessMainPhase(TestCaseExecutor.java:410)
	at com.kms.katalon.core.main.TestCaseExecutor.execute(TestCaseExecutor.java:285)
	at com.kms.katalon.core.common.CommonExecutor.accessTestCaseMainPhase(CommonExecutor.java:65)
	at com.kms.katalon.core.main.TestSuiteExecutor.accessTestSuiteMainPhase(TestSuiteExecutor.java:148)
	at com.kms.katalon.core.main.TestSuiteExecutor.execute(TestSuiteExecutor.java:106)
	at com.kms.katalon.core.main.TestCaseMain.startTestSuite(TestCaseMain.java:187)
	at com.kms.katalon.core.main.TestCaseMain$startTestSuite$0.call(Unknown Source)
	at TempTestSuite1696228697970.run(TempTestSuite1696228697970.groovy:36)
Caused by: com.kms.katalon.core.exception.StepFailedException: com.kms.katalon.core.webui.exception.WebElementNotFoundException: Web element with id: 'Object Repository/Search Product/Produk Tidak Ditemukan' located by '//div[@id='tab-1']/div/center/img' not found
	at com.kms.katalon.core.webui.keyword.internal.WebUIKeywordMain.stepFailed(WebUIKeywordMain.groovy:64)
	at com.kms.katalon.core.webui.keyword.builtin.VerifyElementPresentKeyword$_verifyElementPresent_closure1.doCall(VerifyElementPresentKeyword.groovy:85)
	at com.kms.katalon.core.webui.keyword.builtin.VerifyElementPresentKeyword$_verifyElementPresent_closure1.call(VerifyElementPresentKeyword.groovy)
	at com.kms.katalon.core.webui.keyword.internal.WebUIKeywordMain.runKeyword(WebUIKeywordMain.groovy:20)
	... 19 more
"/>
         <system-out><![CDATA[2023-10-02 13:43:33 - [TEST_CASE][FAILED] - Test Cases/Search Product/TC-SPN-008: Test Cases/Search Product/TC-SPN-008 FAILED.
Reason:
com.kms.katalon.core.exception.StepFailedException: Unable to verify object 'Object Repository/Search Product/Produk Tidak Ditemukan' is present
	at com.kms.katalon.core.webui.keyword.internal.WebUIKeywordMain.stepFailed(WebUIKeywordMain.groovy:64)
	at com.kms.katalon.core.webui.keyword.internal.WebUIKeywordMain.runKeyword(WebUIKeywordMain.groovy:26)
	at com.kms.katalon.core.webui.keyword.builtin.VerifyElementPresentKeyword.verifyElementPresent(VerifyElementPresentKeyword.groovy:92)
	at com.kms.katalon.core.webui.keyword.builtin.VerifyElementPresentKeyword.execute(VerifyElementPresentKeyword.groovy:68)
	at com.kms.katalon.core.keyword.internal.KeywordExecutor.executeKeywordForPlatform(KeywordExecutor.groovy:74)
	at com.kms.katalon.core.webui.keyword.WebUiBuiltInKeywords.verifyElementPresent(WebUiBuiltInKeywords.groovy:1464)
	at com.kms.katalon.core.webui.keyword.WebUiBuiltInKeywords$verifyElementPresent$1.call(Unknown Source)
	at TC-SPN-008.run(TC-SPN-008:30)
	at com.kms.katalon.core.main.ScriptEngine.run(ScriptEngine.java:194)
	at com.kms.katalon.core.main.ScriptEngine.runScriptAsRawText(ScriptEngine.java:119)
	at com.kms.katalon.core.main.TestCaseExecutor.runScript(TestCaseExecutor.java:448)
	at com.kms.katalon.core.main.TestCaseExecutor.doExecute(TestCaseExecutor.java:439)
	at com.kms.katalon.core.main.TestCaseExecutor.processExecutionPhase(TestCaseExecutor.java:418)
	at com.kms.katalon.core.main.TestCaseExecutor.accessMainPhase(TestCaseExecutor.java:410)
	at com.kms.katalon.core.main.TestCaseExecutor.execute(TestCaseExecutor.java:285)
	at com.kms.katalon.core.common.CommonExecutor.accessTestCaseMainPhase(CommonExecutor.java:65)
	at com.kms.katalon.core.main.TestSuiteExecutor.accessTestSuiteMainPhase(TestSuiteExecutor.java:148)
	at com.kms.katalon.core.main.TestSuiteExecutor.execute(TestSuiteExecutor.java:106)
	at com.kms.katalon.core.main.TestCaseMain.startTestSuite(TestCaseMain.java:187)
	at com.kms.katalon.core.main.TestCaseMain$startTestSuite$0.call(Unknown Source)
	at TempTestSuite1696228697970.run(TempTestSuite1696228697970.groovy:36)
Caused by: com.kms.katalon.core.exception.StepFailedException: com.kms.katalon.core.webui.exception.WebElementNotFoundException: Web element with id: 'Object Repository/Search Product/Produk Tidak Ditemukan' located by '//div[@id='tab-1']/div/center/img' not found
	at com.kms.katalon.core.webui.keyword.internal.WebUIKeywordMain.stepFailed(WebUIKeywordMain.groovy:64)
	at com.kms.katalon.core.webui.keyword.builtin.VerifyElementPresentKeyword$_verifyElementPresent_closure1.doCall(VerifyElementPresentKeyword.groovy:85)
	at com.kms.katalon.core.webui.keyword.builtin.VerifyElementPresentKeyword$_verifyElementPresent_closure1.call(VerifyElementPresentKeyword.groovy)
	at com.kms.katalon.core.webui.keyword.internal.WebUIKeywordMain.runKeyword(WebUIKeywordMain.groovy:20)
	... 19 more


2023-10-02 13:43:33 - [TEST_STEP][PASSED] - openBrowser("https://10.9.2.63/ecommerce/"): Browser is opened with url: 'https://10.9.2.63/ecommerce/'

2023-10-02 13:43:33 - [MESSAGE][WARNING] - A browser is already opened. Closing browser and opening a new one

2023-10-02 13:43:34 - [MESSAGE][INFO] - Starting 'Edge Chromium' driver

2023-10-02 13:43:34 - [MESSAGE][INFO] - User set preference: ['acceptInsecureCerts', 'true']

2023-10-02 13:43:36 - [MESSAGE][INFO] - Action delay is set to 0 milliseconds

2023-10-02 13:43:39 - [MESSAGE][PASSED] - Browser is opened with url: 'https://10.9.2.63/ecommerce/'

2023-10-02 13:43:39 - [TEST_STEP][PASSED] - maximizeWindow(): Current window maximized

2023-10-02 13:43:39 - [MESSAGE][PASSED] - Current window maximized

2023-10-02 13:43:39 - [TEST_STEP][PASSED] - verifyElementPresent(findTestObject("Search Product/Verify Page Tajalapak"), 0): Object 'Object Repository/Search Product/Verify Page Tajalapak' is present

2023-10-02 13:43:39 - [MESSAGE][WARNING] - Timeout '0' is invalid. Using default page load timeout: '30'

2023-10-02 13:43:40 - [MESSAGE][PASSED] - Object 'Object Repository/Search Product/Verify Page Tajalapak' is present

2023-10-02 13:43:40 - [TEST_STEP][PASSED] - setText(findTestObject("Search Product/Input Product"), merk): Text ' ' is set on object 'Object Repository/Search Product/Input Product'

2023-10-02 13:43:41 - [MESSAGE][PASSED] - Text ' ' is set on object 'Object Repository/Search Product/Input Product'

2023-10-02 13:43:41 - [TEST_STEP][PASSED] - click(findTestObject("Search Product/button_Cari Product")): Object: 'Object Repository/Search Product/button_Cari Product' is clicked on

2023-10-02 13:43:42 - [MESSAGE][PASSED] - Object: 'Object Repository/Search Product/button_Cari Product' is clicked on

2023-10-02 13:43:42 - [TEST_STEP][FAILED] - verifyElementPresent(findTestObject("Search Product/Produk Tidak Ditemukan"), 0): Unable to verify object 'Object Repository/Search Product/Produk Tidak Ditemukan' is present (Root cause: com.kms.katalon.core.exception.StepFailedException: Unable to verify object 'Object Repository/Search Product/Produk Tidak Ditemukan' is present
	at com.kms.katalon.core.webui.keyword.internal.WebUIKeywordMain.stepFailed(WebUIKeywordMain.groovy:64)
	at com.kms.katalon.core.webui.keyword.internal.WebUIKeywordMain.runKeyword(WebUIKeywordMain.groovy:26)
	at com.kms.katalon.core.webui.keyword.builtin.VerifyElementPresentKeyword.verifyElementPresent(VerifyElementPresentKeyword.groovy:92)
	at com.kms.katalon.core.webui.keyword.builtin.VerifyElementPresentKeyword.execute(VerifyElementPresentKeyword.groovy:68)
	at com.kms.katalon.core.keyword.internal.KeywordExecutor.executeKeywordForPlatform(KeywordExecutor.groovy:74)
	at com.kms.katalon.core.webui.keyword.WebUiBuiltInKeywords.verifyElementPresent(WebUiBuiltInKeywords.groovy:1464)
	at com.kms.katalon.core.webui.keyword.WebUiBuiltInKeywords$verifyElementPresent$1.call(Unknown Source)
	at TC-SPN-008.run(TC-SPN-008:30)
	at com.kms.katalon.core.main.ScriptEngine.run(ScriptEngine.java:194)
	at com.kms.katalon.core.main.ScriptEngine.runScriptAsRawText(ScriptEngine.java:119)
	at com.kms.katalon.core.main.TestCaseExecutor.runScript(TestCaseExecutor.java:448)
	at com.kms.katalon.core.main.TestCaseExecutor.doExecute(TestCaseExecutor.java:439)
	at com.kms.katalon.core.main.TestCaseExecutor.processExecutionPhase(TestCaseExecutor.java:418)
	at com.kms.katalon.core.main.TestCaseExecutor.accessMainPhase(TestCaseExecutor.java:410)
	at com.kms.katalon.core.main.TestCaseExecutor.execute(TestCaseExecutor.java:285)
	at com.kms.katalon.core.common.CommonExecutor.accessTestCaseMainPhase(CommonExecutor.java:65)
	at com.kms.katalon.core.main.TestSuiteExecutor.accessTestSuiteMainPhase(TestSuiteExecutor.java:148)
	at com.kms.katalon.core.main.TestSuiteExecutor.execute(TestSuiteExecutor.java:106)
	at com.kms.katalon.core.main.TestCaseMain.startTestSuite(TestCaseMain.java:187)
	at com.kms.katalon.core.main.TestCaseMain$startTestSuite$0.call(Unknown Source)
	at TempTestSuite1696228697970.run(TempTestSuite1696228697970.groovy:36)
Caused by: com.kms.katalon.core.exception.StepFailedException: com.kms.katalon.core.webui.exception.WebElementNotFoundException: Web element with id: 'Object Repository/Search Product/Produk Tidak Ditemukan' located by '//div[@id='tab-1']/div/center/img' not found
	at com.kms.katalon.core.webui.keyword.internal.WebUIKeywordMain.stepFailed(WebUIKeywordMain.groovy:64)
	at com.kms.katalon.core.webui.keyword.builtin.VerifyElementPresentKeyword$_verifyElementPresent_closure1.doCall(VerifyElementPresentKeyword.groovy:85)
	at com.kms.katalon.core.webui.keyword.builtin.VerifyElementPresentKeyword$_verifyElementPresent_closure1.call(VerifyElementPresentKeyword.groovy)
	at com.kms.katalon.core.webui.keyword.internal.WebUIKeywordMain.runKeyword(WebUIKeywordMain.groovy:20)
	... 19 more
)

2023-10-02 13:43:42 - [MESSAGE][WARNING] - Timeout '0' is invalid. Using default page load timeout: '30'

2023-10-02 13:44:13 - [MESSAGE][INFO] - Unable to find the element located by 'By.xpath: //div[@id='tab-1']/div/center/img'. Please recheck the objects properties to make sure the desired element is located. 

2023-10-02 13:44:13 - [MESSAGE][FAILED] - com.kms.katalon.core.webui.exception.WebElementNotFoundException: Web element with id: 'Object Repository/Search Product/Produk Tidak Ditemukan' located by '//div[@id='tab-1']/div/center/img' not found (Root cause: com.kms.katalon.core.exception.StepFailedException: com.kms.katalon.core.webui.exception.WebElementNotFoundException: Web element with id: 'Object Repository/Search Product/Produk Tidak Ditemukan' located by '//div[@id='tab-1']/div/center/img' not found
	at com.kms.katalon.core.webui.keyword.internal.WebUIKeywordMain.stepFailed(WebUIKeywordMain.groovy:64)
	at com.kms.katalon.core.webui.keyword.builtin.VerifyElementPresentKeyword$_verifyElementPresent_closure1.doCall(VerifyElementPresentKeyword.groovy:85)
	at com.kms.katalon.core.webui.keyword.builtin.VerifyElementPresentKeyword$_verifyElementPresent_closure1.call(VerifyElementPresentKeyword.groovy)
	at com.kms.katalon.core.webui.keyword.internal.WebUIKeywordMain.runKeyword(WebUIKeywordMain.groovy:20)
	at com.kms.katalon.core.webui.keyword.builtin.VerifyElementPresentKeyword.verifyElementPresent(VerifyElementPresentKeyword.groovy:92)
	at com.kms.katalon.core.webui.keyword.builtin.VerifyElementPresentKeyword.execute(VerifyElementPresentKeyword.groovy:68)
	at com.kms.katalon.core.keyword.internal.KeywordExecutor.executeKeywordForPlatform(KeywordExecutor.groovy:74)
	at com.kms.katalon.core.webui.keyword.WebUiBuiltInKeywords.verifyElementPresent(WebUiBuiltInKeywords.groovy:1464)
	at com.kms.katalon.core.webui.keyword.WebUiBuiltInKeywords$verifyElementPresent$1.call(Unknown Source)
	at TC-SPN-008.run(TC-SPN-008:30)
	at com.kms.katalon.core.main.ScriptEngine.run(ScriptEngine.java:194)
	at com.kms.katalon.core.main.ScriptEngine.runScriptAsRawText(ScriptEngine.java:119)
	at com.kms.katalon.core.main.TestCaseExecutor.runScript(TestCaseExecutor.java:448)
	at com.kms.katalon.core.main.TestCaseExecutor.doExecute(TestCaseExecutor.java:439)
	at com.kms.katalon.core.main.TestCaseExecutor.processExecutionPhase(TestCaseExecutor.java:418)
	at com.kms.katalon.core.main.TestCaseExecutor.accessMainPhase(TestCaseExecutor.java:410)
	at com.kms.katalon.core.main.TestCaseExecutor.execute(TestCaseExecutor.java:285)
	at com.kms.katalon.core.common.CommonExecutor.accessTestCaseMainPhase(CommonExecutor.java:65)
	at com.kms.katalon.core.main.TestSuiteExecutor.accessTestSuiteMainPhase(TestSuiteExecutor.java:148)
	at com.kms.katalon.core.main.TestSuiteExecutor.execute(TestSuiteExecutor.java:106)
	at com.kms.katalon.core.main.TestCaseMain.startTestSuite(TestCaseMain.java:187)
	at com.kms.katalon.core.main.TestCaseMain$startTestSuite$0.call(Unknown Source)
	at TempTestSuite1696228697970.run(TempTestSuite1696228697970.groovy:36)
)
[[ATTACHMENT|G:\\Project Xsis\\batch-324-qa\\Riswan\\Tajalapak_com\\Reports\\20231002_133816\\TS-Search Product\\20231002_133817\\1696229053668.png]]

2023-10-02 13:44:13 - [MESSAGE][FAILED] - Unable to verify object 'Object Repository/Search Product/Produk Tidak Ditemukan' is present (Root cause: com.kms.katalon.core.exception.StepFailedException: Unable to verify object 'Object Repository/Search Product/Produk Tidak Ditemukan' is present
	at com.kms.katalon.core.webui.keyword.internal.WebUIKeywordMain.stepFailed(WebUIKeywordMain.groovy:64)
	at com.kms.katalon.core.webui.keyword.internal.WebUIKeywordMain.runKeyword(WebUIKeywordMain.groovy:26)
	at com.kms.katalon.core.webui.keyword.builtin.VerifyElementPresentKeyword.verifyElementPresent(VerifyElementPresentKeyword.groovy:92)
	at com.kms.katalon.core.webui.keyword.builtin.VerifyElementPresentKeyword.execute(VerifyElementPresentKeyword.groovy:68)
	at com.kms.katalon.core.keyword.internal.KeywordExecutor.executeKeywordForPlatform(KeywordExecutor.groovy:74)
	at com.kms.katalon.core.webui.keyword.WebUiBuiltInKeywords.verifyElementPresent(WebUiBuiltInKeywords.groovy:1464)
	at com.kms.katalon.core.webui.keyword.WebUiBuiltInKeywords$verifyElementPresent$1.call(Unknown Source)
	at TC-SPN-008.run(TC-SPN-008:30)
	at com.kms.katalon.core.main.ScriptEngine.run(ScriptEngine.java:194)
	at com.kms.katalon.core.main.ScriptEngine.runScriptAsRawText(ScriptEngine.java:119)
	at com.kms.katalon.core.main.TestCaseExecutor.runScript(TestCaseExecutor.java:448)
	at com.kms.katalon.core.main.TestCaseExecutor.doExecute(TestCaseExecutor.java:439)
	at com.kms.katalon.core.main.TestCaseExecutor.processExecutionPhase(TestCaseExecutor.java:418)
	at com.kms.katalon.core.main.TestCaseExecutor.accessMainPhase(TestCaseExecutor.java:410)
	at com.kms.katalon.core.main.TestCaseExecutor.execute(TestCaseExecutor.java:285)
	at com.kms.katalon.core.common.CommonExecutor.accessTestCaseMainPhase(CommonExecutor.java:65)
	at com.kms.katalon.core.main.TestSuiteExecutor.accessTestSuiteMainPhase(TestSuiteExecutor.java:148)
	at com.kms.katalon.core.main.TestSuiteExecutor.execute(TestSuiteExecutor.java:106)
	at com.kms.katalon.core.main.TestCaseMain.startTestSuite(TestCaseMain.java:187)
	at com.kms.katalon.core.main.TestCaseMain$startTestSuite$0.call(Unknown Source)
	at TempTestSuite1696228697970.run(TempTestSuite1696228697970.groovy:36)
Caused by: com.kms.katalon.core.exception.StepFailedException: com.kms.katalon.core.webui.exception.WebElementNotFoundException: Web element with id: 'Object Repository/Search Product/Produk Tidak Ditemukan' located by '//div[@id='tab-1']/div/center/img' not found
	at com.kms.katalon.core.webui.keyword.internal.WebUIKeywordMain.stepFailed(WebUIKeywordMain.groovy:64)
	at com.kms.katalon.core.webui.keyword.builtin.VerifyElementPresentKeyword$_verifyElementPresent_closure1.doCall(VerifyElementPresentKeyword.groovy:85)
	at com.kms.katalon.core.webui.keyword.builtin.VerifyElementPresentKeyword$_verifyElementPresent_closure1.call(VerifyElementPresentKeyword.groovy)
	at com.kms.katalon.core.webui.keyword.internal.WebUIKeywordMain.runKeyword(WebUIKeywordMain.groovy:20)
	... 19 more
)
[[ATTACHMENT|G:\\Project Xsis\\batch-324-qa\\Riswan\\Tajalapak_com\\Reports\\20231002_133816\\TS-Search Product\\20231002_133817\\1696229053795.png]]]]></system-out>
         <system-err><![CDATA[2023-10-02 13:43:33 - [TEST_CASE][FAILED] - Test Cases/Search Product/TC-SPN-008: Test Cases/Search Product/TC-SPN-008 FAILED.
Reason:
com.kms.katalon.core.exception.StepFailedException: Unable to verify object 'Object Repository/Search Product/Produk Tidak Ditemukan' is present
	at com.kms.katalon.core.webui.keyword.internal.WebUIKeywordMain.stepFailed(WebUIKeywordMain.groovy:64)
	at com.kms.katalon.core.webui.keyword.internal.WebUIKeywordMain.runKeyword(WebUIKeywordMain.groovy:26)
	at com.kms.katalon.core.webui.keyword.builtin.VerifyElementPresentKeyword.verifyElementPresent(VerifyElementPresentKeyword.groovy:92)
	at com.kms.katalon.core.webui.keyword.builtin.VerifyElementPresentKeyword.execute(VerifyElementPresentKeyword.groovy:68)
	at com.kms.katalon.core.keyword.internal.KeywordExecutor.executeKeywordForPlatform(KeywordExecutor.groovy:74)
	at com.kms.katalon.core.webui.keyword.WebUiBuiltInKeywords.verifyElementPresent(WebUiBuiltInKeywords.groovy:1464)
	at com.kms.katalon.core.webui.keyword.WebUiBuiltInKeywords$verifyElementPresent$1.call(Unknown Source)
	at TC-SPN-008.run(TC-SPN-008:30)
	at com.kms.katalon.core.main.ScriptEngine.run(ScriptEngine.java:194)
	at com.kms.katalon.core.main.ScriptEngine.runScriptAsRawText(ScriptEngine.java:119)
	at com.kms.katalon.core.main.TestCaseExecutor.runScript(TestCaseExecutor.java:448)
	at com.kms.katalon.core.main.TestCaseExecutor.doExecute(TestCaseExecutor.java:439)
	at com.kms.katalon.core.main.TestCaseExecutor.processExecutionPhase(TestCaseExecutor.java:418)
	at com.kms.katalon.core.main.TestCaseExecutor.accessMainPhase(TestCaseExecutor.java:410)
	at com.kms.katalon.core.main.TestCaseExecutor.execute(TestCaseExecutor.java:285)
	at com.kms.katalon.core.common.CommonExecutor.accessTestCaseMainPhase(CommonExecutor.java:65)
	at com.kms.katalon.core.main.TestSuiteExecutor.accessTestSuiteMainPhase(TestSuiteExecutor.java:148)
	at com.kms.katalon.core.main.TestSuiteExecutor.execute(TestSuiteExecutor.java:106)
	at com.kms.katalon.core.main.TestCaseMain.startTestSuite(TestCaseMain.java:187)
	at com.kms.katalon.core.main.TestCaseMain$startTestSuite$0.call(Unknown Source)
	at TempTestSuite1696228697970.run(TempTestSuite1696228697970.groovy:36)
Caused by: com.kms.katalon.core.exception.StepFailedException: com.kms.katalon.core.webui.exception.WebElementNotFoundException: Web element with id: 'Object Repository/Search Product/Produk Tidak Ditemukan' located by '//div[@id='tab-1']/div/center/img' not found
	at com.kms.katalon.core.webui.keyword.internal.WebUIKeywordMain.stepFailed(WebUIKeywordMain.groovy:64)
	at com.kms.katalon.core.webui.keyword.builtin.VerifyElementPresentKeyword$_verifyElementPresent_closure1.doCall(VerifyElementPresentKeyword.groovy:85)
	at com.kms.katalon.core.webui.keyword.builtin.VerifyElementPresentKeyword$_verifyElementPresent_closure1.call(VerifyElementPresentKeyword.groovy)
	at com.kms.katalon.core.webui.keyword.internal.WebUIKeywordMain.runKeyword(WebUIKeywordMain.groovy:20)
	... 19 more]]></system-err>
      </testcase>
      <testcase name="Test Cases/Search Product/TC-SPN-009" time="9.702" classname="Test Cases/Search Product/TC-SPN-009" status="PASSED">
         <system-out><![CDATA[2023-10-02 13:44:13 - [TEST_CASE][PASSED] - Test Cases/Search Product/TC-SPN-009: Test Cases/Search Product/TC-SPN-009

2023-10-02 13:44:14 - [TEST_STEP][PASSED] - openBrowser("https://10.9.2.63/ecommerce/"): Browser is opened with url: 'https://10.9.2.63/ecommerce/'

2023-10-02 13:44:14 - [MESSAGE][WARNING] - A browser is already opened. Closing browser and opening a new one

2023-10-02 13:44:14 - [MESSAGE][INFO] - Starting 'Edge Chromium' driver

2023-10-02 13:44:14 - [MESSAGE][INFO] - User set preference: ['acceptInsecureCerts', 'true']

2023-10-02 13:44:17 - [MESSAGE][INFO] - Action delay is set to 0 milliseconds

2023-10-02 13:44:20 - [MESSAGE][PASSED] - Browser is opened with url: 'https://10.9.2.63/ecommerce/'

2023-10-02 13:44:20 - [TEST_STEP][PASSED] - maximizeWindow(): Current window maximized

2023-10-02 13:44:20 - [MESSAGE][PASSED] - Current window maximized

2023-10-02 13:44:20 - [TEST_STEP][PASSED] - verifyElementPresent(findTestObject("Search Product/Verify Page Tajalapak"), 0): Object 'Object Repository/Search Product/Verify Page Tajalapak' is present

2023-10-02 13:44:20 - [MESSAGE][WARNING] - Timeout '0' is invalid. Using default page load timeout: '30'

2023-10-02 13:44:21 - [MESSAGE][PASSED] - Object 'Object Repository/Search Product/Verify Page Tajalapak' is present

2023-10-02 13:44:21 - [TEST_STEP][PASSED] - setText(findTestObject("Search Product/Input Product"), merk): Text '~!@#$%^&*()' is set on object 'Object Repository/Search Product/Input Product'

2023-10-02 13:44:21 - [MESSAGE][PASSED] - Text '~!@#$%^&*()' is set on object 'Object Repository/Search Product/Input Product'

2023-10-02 13:44:21 - [TEST_STEP][PASSED] - click(findTestObject("Search Product/button_Cari Product")): Object: 'Object Repository/Search Product/button_Cari Product' is clicked on

2023-10-02 13:44:22 - [MESSAGE][PASSED] - Object: 'Object Repository/Search Product/button_Cari Product' is clicked on

2023-10-02 13:44:22 - [TEST_STEP][PASSED] - verifyElementPresent(findTestObject("Search Product/Produk Tidak Ditemukan"), 0): Object 'Object Repository/Search Product/Produk Tidak Ditemukan' is present

2023-10-02 13:44:23 - [MESSAGE][WARNING] - Timeout '0' is invalid. Using default page load timeout: '30'

2023-10-02 13:44:23 - [MESSAGE][PASSED] - Object 'Object Repository/Search Product/Produk Tidak Ditemukan' is present]]></system-out>
         <system-err><![CDATA[]]></system-err>
      </testcase>
      <testcase name="Test Cases/Search Product/TC-SPN-010" time="9.2" classname="Test Cases/Search Product/TC-SPN-010" status="PASSED">
         <system-out><![CDATA[2023-10-02 13:44:23 - [TEST_CASE][PASSED] - Test Cases/Search Product/TC-SPN-010: Test Cases/Search Product/TC-SPN-010

2023-10-02 13:44:23 - [TEST_STEP][PASSED] - openBrowser("https://10.9.2.63/ecommerce/"): Browser is opened with url: 'https://10.9.2.63/ecommerce/'

2023-10-02 13:44:23 - [MESSAGE][WARNING] - A browser is already opened. Closing browser and opening a new one

2023-10-02 13:44:24 - [MESSAGE][INFO] - Starting 'Edge Chromium' driver

2023-10-02 13:44:24 - [MESSAGE][INFO] - User set preference: ['acceptInsecureCerts', 'true']

2023-10-02 13:44:26 - [MESSAGE][INFO] - Action delay is set to 0 milliseconds

2023-10-02 13:44:29 - [MESSAGE][PASSED] - Browser is opened with url: 'https://10.9.2.63/ecommerce/'

2023-10-02 13:44:29 - [TEST_STEP][PASSED] - maximizeWindow(): Current window maximized

2023-10-02 13:44:29 - [MESSAGE][PASSED] - Current window maximized

2023-10-02 13:44:29 - [TEST_STEP][PASSED] - verifyElementPresent(findTestObject("Search Product/Verify Page Tajalapak"), 0): Object 'Object Repository/Search Product/Verify Page Tajalapak' is present

2023-10-02 13:44:29 - [MESSAGE][WARNING] - Timeout '0' is invalid. Using default page load timeout: '30'

2023-10-02 13:44:30 - [MESSAGE][PASSED] - Object 'Object Repository/Search Product/Verify Page Tajalapak' is present

2023-10-02 13:44:30 - [TEST_STEP][PASSED] - setText(findTestObject("Search Product/Input Product"), merk): Text '1234567890' is set on object 'Object Repository/Search Product/Input Product'

2023-10-02 13:44:31 - [MESSAGE][PASSED] - Text '1234567890' is set on object 'Object Repository/Search Product/Input Product'

2023-10-02 13:44:31 - [TEST_STEP][PASSED] - click(findTestObject("Search Product/button_Cari Product")): Object: 'Object Repository/Search Product/button_Cari Product' is clicked on

2023-10-02 13:44:31 - [MESSAGE][PASSED] - Object: 'Object Repository/Search Product/button_Cari Product' is clicked on

2023-10-02 13:44:31 - [TEST_STEP][PASSED] - verifyElementPresent(findTestObject("Search Product/Produk Tidak Ditemukan"), 0): Object 'Object Repository/Search Product/Produk Tidak Ditemukan' is present

2023-10-02 13:44:31 - [MESSAGE][WARNING] - Timeout '0' is invalid. Using default page load timeout: '30'

2023-10-02 13:44:32 - [MESSAGE][PASSED] - Object 'Object Repository/Search Product/Produk Tidak Ditemukan' is present]]></system-out>
         <system-err><![CDATA[]]></system-err>
      </testcase>
      <testcase name="Test Cases/Search Product/TC-SPN-011" time="40.217" classname="Test Cases/Search Product/TC-SPN-011" status="FAILED">
         <failure type="FAILED" message="Test Cases/Search Product/TC-SPN-011 FAILED.
Reason:
com.kms.katalon.core.exception.StepFailedException: Unable to verify object 'Object Repository/Search Product/Produk Tidak Ditemukan' is present
	at com.kms.katalon.core.webui.keyword.internal.WebUIKeywordMain.stepFailed(WebUIKeywordMain.groovy:64)
	at com.kms.katalon.core.webui.keyword.internal.WebUIKeywordMain.runKeyword(WebUIKeywordMain.groovy:26)
	at com.kms.katalon.core.webui.keyword.builtin.VerifyElementPresentKeyword.verifyElementPresent(VerifyElementPresentKeyword.groovy:92)
	at com.kms.katalon.core.webui.keyword.builtin.VerifyElementPresentKeyword.execute(VerifyElementPresentKeyword.groovy:68)
	at com.kms.katalon.core.keyword.internal.KeywordExecutor.executeKeywordForPlatform(KeywordExecutor.groovy:74)
	at com.kms.katalon.core.webui.keyword.WebUiBuiltInKeywords.verifyElementPresent(WebUiBuiltInKeywords.groovy:1464)
	at com.kms.katalon.core.webui.keyword.WebUiBuiltInKeywords$verifyElementPresent$1.call(Unknown Source)
	at TC-SPN-011.run(TC-SPN-011:30)
	at com.kms.katalon.core.main.ScriptEngine.run(ScriptEngine.java:194)
	at com.kms.katalon.core.main.ScriptEngine.runScriptAsRawText(ScriptEngine.java:119)
	at com.kms.katalon.core.main.TestCaseExecutor.runScript(TestCaseExecutor.java:448)
	at com.kms.katalon.core.main.TestCaseExecutor.doExecute(TestCaseExecutor.java:439)
	at com.kms.katalon.core.main.TestCaseExecutor.processExecutionPhase(TestCaseExecutor.java:418)
	at com.kms.katalon.core.main.TestCaseExecutor.accessMainPhase(TestCaseExecutor.java:410)
	at com.kms.katalon.core.main.TestCaseExecutor.execute(TestCaseExecutor.java:285)
	at com.kms.katalon.core.common.CommonExecutor.accessTestCaseMainPhase(CommonExecutor.java:65)
	at com.kms.katalon.core.main.TestSuiteExecutor.accessTestSuiteMainPhase(TestSuiteExecutor.java:148)
	at com.kms.katalon.core.main.TestSuiteExecutor.execute(TestSuiteExecutor.java:106)
	at com.kms.katalon.core.main.TestCaseMain.startTestSuite(TestCaseMain.java:187)
	at com.kms.katalon.core.main.TestCaseMain$startTestSuite$0.call(Unknown Source)
	at TempTestSuite1696228697970.run(TempTestSuite1696228697970.groovy:36)
Caused by: com.kms.katalon.core.exception.StepFailedException: com.kms.katalon.core.webui.exception.WebElementNotFoundException: Web element with id: 'Object Repository/Search Product/Produk Tidak Ditemukan' located by '//div[@id='tab-1']/div/center/img' not found
	at com.kms.katalon.core.webui.keyword.internal.WebUIKeywordMain.stepFailed(WebUIKeywordMain.groovy:64)
	at com.kms.katalon.core.webui.keyword.builtin.VerifyElementPresentKeyword$_verifyElementPresent_closure1.doCall(VerifyElementPresentKeyword.groovy:85)
	at com.kms.katalon.core.webui.keyword.builtin.VerifyElementPresentKeyword$_verifyElementPresent_closure1.call(VerifyElementPresentKeyword.groovy)
	at com.kms.katalon.core.webui.keyword.internal.WebUIKeywordMain.runKeyword(WebUIKeywordMain.groovy:20)
	... 19 more
"/>
         <system-out><![CDATA[2023-10-02 13:44:32 - [TEST_CASE][FAILED] - Test Cases/Search Product/TC-SPN-011: Test Cases/Search Product/TC-SPN-011 FAILED.
Reason:
com.kms.katalon.core.exception.StepFailedException: Unable to verify object 'Object Repository/Search Product/Produk Tidak Ditemukan' is present
	at com.kms.katalon.core.webui.keyword.internal.WebUIKeywordMain.stepFailed(WebUIKeywordMain.groovy:64)
	at com.kms.katalon.core.webui.keyword.internal.WebUIKeywordMain.runKeyword(WebUIKeywordMain.groovy:26)
	at com.kms.katalon.core.webui.keyword.builtin.VerifyElementPresentKeyword.verifyElementPresent(VerifyElementPresentKeyword.groovy:92)
	at com.kms.katalon.core.webui.keyword.builtin.VerifyElementPresentKeyword.execute(VerifyElementPresentKeyword.groovy:68)
	at com.kms.katalon.core.keyword.internal.KeywordExecutor.executeKeywordForPlatform(KeywordExecutor.groovy:74)
	at com.kms.katalon.core.webui.keyword.WebUiBuiltInKeywords.verifyElementPresent(WebUiBuiltInKeywords.groovy:1464)
	at com.kms.katalon.core.webui.keyword.WebUiBuiltInKeywords$verifyElementPresent$1.call(Unknown Source)
	at TC-SPN-011.run(TC-SPN-011:30)
	at com.kms.katalon.core.main.ScriptEngine.run(ScriptEngine.java:194)
	at com.kms.katalon.core.main.ScriptEngine.runScriptAsRawText(ScriptEngine.java:119)
	at com.kms.katalon.core.main.TestCaseExecutor.runScript(TestCaseExecutor.java:448)
	at com.kms.katalon.core.main.TestCaseExecutor.doExecute(TestCaseExecutor.java:439)
	at com.kms.katalon.core.main.TestCaseExecutor.processExecutionPhase(TestCaseExecutor.java:418)
	at com.kms.katalon.core.main.TestCaseExecutor.accessMainPhase(TestCaseExecutor.java:410)
	at com.kms.katalon.core.main.TestCaseExecutor.execute(TestCaseExecutor.java:285)
	at com.kms.katalon.core.common.CommonExecutor.accessTestCaseMainPhase(CommonExecutor.java:65)
	at com.kms.katalon.core.main.TestSuiteExecutor.accessTestSuiteMainPhase(TestSuiteExecutor.java:148)
	at com.kms.katalon.core.main.TestSuiteExecutor.execute(TestSuiteExecutor.java:106)
	at com.kms.katalon.core.main.TestCaseMain.startTestSuite(TestCaseMain.java:187)
	at com.kms.katalon.core.main.TestCaseMain$startTestSuite$0.call(Unknown Source)
	at TempTestSuite1696228697970.run(TempTestSuite1696228697970.groovy:36)
Caused by: com.kms.katalon.core.exception.StepFailedException: com.kms.katalon.core.webui.exception.WebElementNotFoundException: Web element with id: 'Object Repository/Search Product/Produk Tidak Ditemukan' located by '//div[@id='tab-1']/div/center/img' not found
	at com.kms.katalon.core.webui.keyword.internal.WebUIKeywordMain.stepFailed(WebUIKeywordMain.groovy:64)
	at com.kms.katalon.core.webui.keyword.builtin.VerifyElementPresentKeyword$_verifyElementPresent_closure1.doCall(VerifyElementPresentKeyword.groovy:85)
	at com.kms.katalon.core.webui.keyword.builtin.VerifyElementPresentKeyword$_verifyElementPresent_closure1.call(VerifyElementPresentKeyword.groovy)
	at com.kms.katalon.core.webui.keyword.internal.WebUIKeywordMain.runKeyword(WebUIKeywordMain.groovy:20)
	... 19 more


2023-10-02 13:44:33 - [TEST_STEP][PASSED] - openBrowser("https://10.9.2.63/ecommerce/"): Browser is opened with url: 'https://10.9.2.63/ecommerce/'

2023-10-02 13:44:33 - [MESSAGE][WARNING] - A browser is already opened. Closing browser and opening a new one

2023-10-02 13:44:33 - [MESSAGE][INFO] - Starting 'Edge Chromium' driver

2023-10-02 13:44:33 - [MESSAGE][INFO] - User set preference: ['acceptInsecureCerts', 'true']

2023-10-02 13:44:36 - [MESSAGE][INFO] - Action delay is set to 0 milliseconds

2023-10-02 13:44:38 - [MESSAGE][PASSED] - Browser is opened with url: 'https://10.9.2.63/ecommerce/'

2023-10-02 13:44:38 - [TEST_STEP][PASSED] - maximizeWindow(): Current window maximized

2023-10-02 13:44:38 - [MESSAGE][PASSED] - Current window maximized

2023-10-02 13:44:38 - [TEST_STEP][PASSED] - verifyElementPresent(findTestObject("Search Product/Verify Page Tajalapak"), 0): Object 'Object Repository/Search Product/Verify Page Tajalapak' is present

2023-10-02 13:44:38 - [MESSAGE][WARNING] - Timeout '0' is invalid. Using default page load timeout: '30'

2023-10-02 13:44:39 - [MESSAGE][PASSED] - Object 'Object Repository/Search Product/Verify Page Tajalapak' is present

2023-10-02 13:44:39 - [TEST_STEP][PASSED] - setText(findTestObject("Search Product/Input Product"), merk): Text 'baju koko yang sangat bagus dipakai untuk luar ruangan dan saat dipakai memiliki rasa yang dingin berbeda dari baju koko yang lainnya' is set on object 'Object Repository/Search Product/Input Product'

2023-10-02 13:44:40 - [MESSAGE][PASSED] - Text 'baju koko yang sangat bagus dipakai untuk luar ruangan dan saat dipakai memiliki rasa yang dingin berbeda dari baju koko yang lainnya' is set on object 'Object Repository/Search Product/Input Product'

2023-10-02 13:44:40 - [TEST_STEP][PASSED] - click(findTestObject("Search Product/button_Cari Product")): Object: 'Object Repository/Search Product/button_Cari Product' is clicked on

2023-10-02 13:44:41 - [MESSAGE][PASSED] - Object: 'Object Repository/Search Product/button_Cari Product' is clicked on

2023-10-02 13:44:41 - [TEST_STEP][FAILED] - verifyElementPresent(findTestObject("Search Product/Produk Tidak Ditemukan"), 0): Unable to verify object 'Object Repository/Search Product/Produk Tidak Ditemukan' is present (Root cause: com.kms.katalon.core.exception.StepFailedException: Unable to verify object 'Object Repository/Search Product/Produk Tidak Ditemukan' is present
	at com.kms.katalon.core.webui.keyword.internal.WebUIKeywordMain.stepFailed(WebUIKeywordMain.groovy:64)
	at com.kms.katalon.core.webui.keyword.internal.WebUIKeywordMain.runKeyword(WebUIKeywordMain.groovy:26)
	at com.kms.katalon.core.webui.keyword.builtin.VerifyElementPresentKeyword.verifyElementPresent(VerifyElementPresentKeyword.groovy:92)
	at com.kms.katalon.core.webui.keyword.builtin.VerifyElementPresentKeyword.execute(VerifyElementPresentKeyword.groovy:68)
	at com.kms.katalon.core.keyword.internal.KeywordExecutor.executeKeywordForPlatform(KeywordExecutor.groovy:74)
	at com.kms.katalon.core.webui.keyword.WebUiBuiltInKeywords.verifyElementPresent(WebUiBuiltInKeywords.groovy:1464)
	at com.kms.katalon.core.webui.keyword.WebUiBuiltInKeywords$verifyElementPresent$1.call(Unknown Source)
	at TC-SPN-011.run(TC-SPN-011:30)
	at com.kms.katalon.core.main.ScriptEngine.run(ScriptEngine.java:194)
	at com.kms.katalon.core.main.ScriptEngine.runScriptAsRawText(ScriptEngine.java:119)
	at com.kms.katalon.core.main.TestCaseExecutor.runScript(TestCaseExecutor.java:448)
	at com.kms.katalon.core.main.TestCaseExecutor.doExecute(TestCaseExecutor.java:439)
	at com.kms.katalon.core.main.TestCaseExecutor.processExecutionPhase(TestCaseExecutor.java:418)
	at com.kms.katalon.core.main.TestCaseExecutor.accessMainPhase(TestCaseExecutor.java:410)
	at com.kms.katalon.core.main.TestCaseExecutor.execute(TestCaseExecutor.java:285)
	at com.kms.katalon.core.common.CommonExecutor.accessTestCaseMainPhase(CommonExecutor.java:65)
	at com.kms.katalon.core.main.TestSuiteExecutor.accessTestSuiteMainPhase(TestSuiteExecutor.java:148)
	at com.kms.katalon.core.main.TestSuiteExecutor.execute(TestSuiteExecutor.java:106)
	at com.kms.katalon.core.main.TestCaseMain.startTestSuite(TestCaseMain.java:187)
	at com.kms.katalon.core.main.TestCaseMain$startTestSuite$0.call(Unknown Source)
	at TempTestSuite1696228697970.run(TempTestSuite1696228697970.groovy:36)
Caused by: com.kms.katalon.core.exception.StepFailedException: com.kms.katalon.core.webui.exception.WebElementNotFoundException: Web element with id: 'Object Repository/Search Product/Produk Tidak Ditemukan' located by '//div[@id='tab-1']/div/center/img' not found
	at com.kms.katalon.core.webui.keyword.internal.WebUIKeywordMain.stepFailed(WebUIKeywordMain.groovy:64)
	at com.kms.katalon.core.webui.keyword.builtin.VerifyElementPresentKeyword$_verifyElementPresent_closure1.doCall(VerifyElementPresentKeyword.groovy:85)
	at com.kms.katalon.core.webui.keyword.builtin.VerifyElementPresentKeyword$_verifyElementPresent_closure1.call(VerifyElementPresentKeyword.groovy)
	at com.kms.katalon.core.webui.keyword.internal.WebUIKeywordMain.runKeyword(WebUIKeywordMain.groovy:20)
	... 19 more
)

2023-10-02 13:44:41 - [MESSAGE][WARNING] - Timeout '0' is invalid. Using default page load timeout: '30'

2023-10-02 13:45:12 - [MESSAGE][INFO] - Unable to find the element located by 'By.xpath: //div[@id='tab-1']/div/center/img'. Please recheck the objects properties to make sure the desired element is located. 

2023-10-02 13:45:12 - [MESSAGE][FAILED] - com.kms.katalon.core.webui.exception.WebElementNotFoundException: Web element with id: 'Object Repository/Search Product/Produk Tidak Ditemukan' located by '//div[@id='tab-1']/div/center/img' not found (Root cause: com.kms.katalon.core.exception.StepFailedException: com.kms.katalon.core.webui.exception.WebElementNotFoundException: Web element with id: 'Object Repository/Search Product/Produk Tidak Ditemukan' located by '//div[@id='tab-1']/div/center/img' not found
	at com.kms.katalon.core.webui.keyword.internal.WebUIKeywordMain.stepFailed(WebUIKeywordMain.groovy:64)
	at com.kms.katalon.core.webui.keyword.builtin.VerifyElementPresentKeyword$_verifyElementPresent_closure1.doCall(VerifyElementPresentKeyword.groovy:85)
	at com.kms.katalon.core.webui.keyword.builtin.VerifyElementPresentKeyword$_verifyElementPresent_closure1.call(VerifyElementPresentKeyword.groovy)
	at com.kms.katalon.core.webui.keyword.internal.WebUIKeywordMain.runKeyword(WebUIKeywordMain.groovy:20)
	at com.kms.katalon.core.webui.keyword.builtin.VerifyElementPresentKeyword.verifyElementPresent(VerifyElementPresentKeyword.groovy:92)
	at com.kms.katalon.core.webui.keyword.builtin.VerifyElementPresentKeyword.execute(VerifyElementPresentKeyword.groovy:68)
	at com.kms.katalon.core.keyword.internal.KeywordExecutor.executeKeywordForPlatform(KeywordExecutor.groovy:74)
	at com.kms.katalon.core.webui.keyword.WebUiBuiltInKeywords.verifyElementPresent(WebUiBuiltInKeywords.groovy:1464)
	at com.kms.katalon.core.webui.keyword.WebUiBuiltInKeywords$verifyElementPresent$1.call(Unknown Source)
	at TC-SPN-011.run(TC-SPN-011:30)
	at com.kms.katalon.core.main.ScriptEngine.run(ScriptEngine.java:194)
	at com.kms.katalon.core.main.ScriptEngine.runScriptAsRawText(ScriptEngine.java:119)
	at com.kms.katalon.core.main.TestCaseExecutor.runScript(TestCaseExecutor.java:448)
	at com.kms.katalon.core.main.TestCaseExecutor.doExecute(TestCaseExecutor.java:439)
	at com.kms.katalon.core.main.TestCaseExecutor.processExecutionPhase(TestCaseExecutor.java:418)
	at com.kms.katalon.core.main.TestCaseExecutor.accessMainPhase(TestCaseExecutor.java:410)
	at com.kms.katalon.core.main.TestCaseExecutor.execute(TestCaseExecutor.java:285)
	at com.kms.katalon.core.common.CommonExecutor.accessTestCaseMainPhase(CommonExecutor.java:65)
	at com.kms.katalon.core.main.TestSuiteExecutor.accessTestSuiteMainPhase(TestSuiteExecutor.java:148)
	at com.kms.katalon.core.main.TestSuiteExecutor.execute(TestSuiteExecutor.java:106)
	at com.kms.katalon.core.main.TestCaseMain.startTestSuite(TestCaseMain.java:187)
	at com.kms.katalon.core.main.TestCaseMain$startTestSuite$0.call(Unknown Source)
	at TempTestSuite1696228697970.run(TempTestSuite1696228697970.groovy:36)
)
[[ATTACHMENT|G:\\Project Xsis\\batch-324-qa\\Riswan\\Tajalapak_com\\Reports\\20231002_133816\\TS-Search Product\\20231002_133817\\1696229112778.png]]

2023-10-02 13:45:13 - [MESSAGE][FAILED] - Unable to verify object 'Object Repository/Search Product/Produk Tidak Ditemukan' is present (Root cause: com.kms.katalon.core.exception.StepFailedException: Unable to verify object 'Object Repository/Search Product/Produk Tidak Ditemukan' is present
	at com.kms.katalon.core.webui.keyword.internal.WebUIKeywordMain.stepFailed(WebUIKeywordMain.groovy:64)
	at com.kms.katalon.core.webui.keyword.internal.WebUIKeywordMain.runKeyword(WebUIKeywordMain.groovy:26)
	at com.kms.katalon.core.webui.keyword.builtin.VerifyElementPresentKeyword.verifyElementPresent(VerifyElementPresentKeyword.groovy:92)
	at com.kms.katalon.core.webui.keyword.builtin.VerifyElementPresentKeyword.execute(VerifyElementPresentKeyword.groovy:68)
	at com.kms.katalon.core.keyword.internal.KeywordExecutor.executeKeywordForPlatform(KeywordExecutor.groovy:74)
	at com.kms.katalon.core.webui.keyword.WebUiBuiltInKeywords.verifyElementPresent(WebUiBuiltInKeywords.groovy:1464)
	at com.kms.katalon.core.webui.keyword.WebUiBuiltInKeywords$verifyElementPresent$1.call(Unknown Source)
	at TC-SPN-011.run(TC-SPN-011:30)
	at com.kms.katalon.core.main.ScriptEngine.run(ScriptEngine.java:194)
	at com.kms.katalon.core.main.ScriptEngine.runScriptAsRawText(ScriptEngine.java:119)
	at com.kms.katalon.core.main.TestCaseExecutor.runScript(TestCaseExecutor.java:448)
	at com.kms.katalon.core.main.TestCaseExecutor.doExecute(TestCaseExecutor.java:439)
	at com.kms.katalon.core.main.TestCaseExecutor.processExecutionPhase(TestCaseExecutor.java:418)
	at com.kms.katalon.core.main.TestCaseExecutor.accessMainPhase(TestCaseExecutor.java:410)
	at com.kms.katalon.core.main.TestCaseExecutor.execute(TestCaseExecutor.java:285)
	at com.kms.katalon.core.common.CommonExecutor.accessTestCaseMainPhase(CommonExecutor.java:65)
	at com.kms.katalon.core.main.TestSuiteExecutor.accessTestSuiteMainPhase(TestSuiteExecutor.java:148)
	at com.kms.katalon.core.main.TestSuiteExecutor.execute(TestSuiteExecutor.java:106)
	at com.kms.katalon.core.main.TestCaseMain.startTestSuite(TestCaseMain.java:187)
	at com.kms.katalon.core.main.TestCaseMain$startTestSuite$0.call(Unknown Source)
	at TempTestSuite1696228697970.run(TempTestSuite1696228697970.groovy:36)
Caused by: com.kms.katalon.core.exception.StepFailedException: com.kms.katalon.core.webui.exception.WebElementNotFoundException: Web element with id: 'Object Repository/Search Product/Produk Tidak Ditemukan' located by '//div[@id='tab-1']/div/center/img' not found
	at com.kms.katalon.core.webui.keyword.internal.WebUIKeywordMain.stepFailed(WebUIKeywordMain.groovy:64)
	at com.kms.katalon.core.webui.keyword.builtin.VerifyElementPresentKeyword$_verifyElementPresent_closure1.doCall(VerifyElementPresentKeyword.groovy:85)
	at com.kms.katalon.core.webui.keyword.builtin.VerifyElementPresentKeyword$_verifyElementPresent_closure1.call(VerifyElementPresentKeyword.groovy)
	at com.kms.katalon.core.webui.keyword.internal.WebUIKeywordMain.runKeyword(WebUIKeywordMain.groovy:20)
	... 19 more
)
[[ATTACHMENT|G:\\Project Xsis\\batch-324-qa\\Riswan\\Tajalapak_com\\Reports\\20231002_133816\\TS-Search Product\\20231002_133817\\1696229112943.png]]]]></system-out>
         <system-err><![CDATA[2023-10-02 13:44:32 - [TEST_CASE][FAILED] - Test Cases/Search Product/TC-SPN-011: Test Cases/Search Product/TC-SPN-011 FAILED.
Reason:
com.kms.katalon.core.exception.StepFailedException: Unable to verify object 'Object Repository/Search Product/Produk Tidak Ditemukan' is present
	at com.kms.katalon.core.webui.keyword.internal.WebUIKeywordMain.stepFailed(WebUIKeywordMain.groovy:64)
	at com.kms.katalon.core.webui.keyword.internal.WebUIKeywordMain.runKeyword(WebUIKeywordMain.groovy:26)
	at com.kms.katalon.core.webui.keyword.builtin.VerifyElementPresentKeyword.verifyElementPresent(VerifyElementPresentKeyword.groovy:92)
	at com.kms.katalon.core.webui.keyword.builtin.VerifyElementPresentKeyword.execute(VerifyElementPresentKeyword.groovy:68)
	at com.kms.katalon.core.keyword.internal.KeywordExecutor.executeKeywordForPlatform(KeywordExecutor.groovy:74)
	at com.kms.katalon.core.webui.keyword.WebUiBuiltInKeywords.verifyElementPresent(WebUiBuiltInKeywords.groovy:1464)
	at com.kms.katalon.core.webui.keyword.WebUiBuiltInKeywords$verifyElementPresent$1.call(Unknown Source)
	at TC-SPN-011.run(TC-SPN-011:30)
	at com.kms.katalon.core.main.ScriptEngine.run(ScriptEngine.java:194)
	at com.kms.katalon.core.main.ScriptEngine.runScriptAsRawText(ScriptEngine.java:119)
	at com.kms.katalon.core.main.TestCaseExecutor.runScript(TestCaseExecutor.java:448)
	at com.kms.katalon.core.main.TestCaseExecutor.doExecute(TestCaseExecutor.java:439)
	at com.kms.katalon.core.main.TestCaseExecutor.processExecutionPhase(TestCaseExecutor.java:418)
	at com.kms.katalon.core.main.TestCaseExecutor.accessMainPhase(TestCaseExecutor.java:410)
	at com.kms.katalon.core.main.TestCaseExecutor.execute(TestCaseExecutor.java:285)
	at com.kms.katalon.core.common.CommonExecutor.accessTestCaseMainPhase(CommonExecutor.java:65)
	at com.kms.katalon.core.main.TestSuiteExecutor.accessTestSuiteMainPhase(TestSuiteExecutor.java:148)
	at com.kms.katalon.core.main.TestSuiteExecutor.execute(TestSuiteExecutor.java:106)
	at com.kms.katalon.core.main.TestCaseMain.startTestSuite(TestCaseMain.java:187)
	at com.kms.katalon.core.main.TestCaseMain$startTestSuite$0.call(Unknown Source)
	at TempTestSuite1696228697970.run(TempTestSuite1696228697970.groovy:36)
Caused by: com.kms.katalon.core.exception.StepFailedException: com.kms.katalon.core.webui.exception.WebElementNotFoundException: Web element with id: 'Object Repository/Search Product/Produk Tidak Ditemukan' located by '//div[@id='tab-1']/div/center/img' not found
	at com.kms.katalon.core.webui.keyword.internal.WebUIKeywordMain.stepFailed(WebUIKeywordMain.groovy:64)
	at com.kms.katalon.core.webui.keyword.builtin.VerifyElementPresentKeyword$_verifyElementPresent_closure1.doCall(VerifyElementPresentKeyword.groovy:85)
	at com.kms.katalon.core.webui.keyword.builtin.VerifyElementPresentKeyword$_verifyElementPresent_closure1.call(VerifyElementPresentKeyword.groovy)
	at com.kms.katalon.core.webui.keyword.internal.WebUIKeywordMain.runKeyword(WebUIKeywordMain.groovy:20)
	... 19 more]]></system-err>
      </testcase>
      <system-out><![CDATA[2023-10-02 13:38:26 - [TEST_SUITE][FAILED] - TS-Search Product: Test Cases/Search Product/TC-SP-003 FAILED.
Reason:
Assertion failed: 

assert arrProdukHarga[i] >= Double.parseDouble(Min)
       |             ||  |         |           |
       |             |0  false     5000.0      5000
       |             -988000.0
       [-988000.0, 11500.0, 6500.0, 6500.0, 5000.0, 10000.0, 8900.0, 6850.0, 9900.0, 7500.0, 7550.0, 7000.0]

	at TC-SP-003.run(TC-SP-003:46)
	at com.kms.katalon.core.main.ScriptEngine.run(ScriptEngine.java:194)
	at com.kms.katalon.core.main.ScriptEngine.runScriptAsRawText(ScriptEngine.java:119)
	at com.kms.katalon.core.main.TestCaseExecutor.runScript(TestCaseExecutor.java:448)
	at com.kms.katalon.core.main.TestCaseExecutor.doExecute(TestCaseExecutor.java:439)
	at com.kms.katalon.core.main.TestCaseExecutor.processExecutionPhase(TestCaseExecutor.java:418)
	at com.kms.katalon.core.main.TestCaseExecutor.accessMainPhase(TestCaseExecutor.java:410)
	at com.kms.katalon.core.main.TestCaseExecutor.execute(TestCaseExecutor.java:285)
	at com.kms.katalon.core.common.CommonExecutor.accessTestCaseMainPhase(CommonExecutor.java:65)
	at com.kms.katalon.core.main.TestSuiteExecutor.accessTestSuiteMainPhase(TestSuiteExecutor.java:148)
	at com.kms.katalon.core.main.TestSuiteExecutor.execute(TestSuiteExecutor.java:106)
	at com.kms.katalon.core.main.TestCaseMain.startTestSuite(TestCaseMain.java:187)
	at com.kms.katalon.core.main.TestCaseMain$startTestSuite$0.call(Unknown Source)
	at TempTestSuite1696228697970.run(TempTestSuite1696228697970.groovy:36)]]></system-out>
      <system-err><![CDATA[2023-10-02 13:38:26 - [TEST_SUITE][FAILED] - TS-Search Product: Test Cases/Search Product/TC-SP-003 FAILED.
Reason:
Assertion failed: 

assert arrProdukHarga[i] >= Double.parseDouble(Min)
       |             ||  |         |           |
       |             |0  false     5000.0      5000
       |             -988000.0
       [-988000.0, 11500.0, 6500.0, 6500.0, 5000.0, 10000.0, 8900.0, 6850.0, 9900.0, 7500.0, 7550.0, 7000.0]

	at TC-SP-003.run(TC-SP-003:46)
	at com.kms.katalon.core.main.ScriptEngine.run(ScriptEngine.java:194)
	at com.kms.katalon.core.main.ScriptEngine.runScriptAsRawText(ScriptEngine.java:119)
	at com.kms.katalon.core.main.TestCaseExecutor.runScript(TestCaseExecutor.java:448)
	at com.kms.katalon.core.main.TestCaseExecutor.doExecute(TestCaseExecutor.java:439)
	at com.kms.katalon.core.main.TestCaseExecutor.processExecutionPhase(TestCaseExecutor.java:418)
	at com.kms.katalon.core.main.TestCaseExecutor.accessMainPhase(TestCaseExecutor.java:410)
	at com.kms.katalon.core.main.TestCaseExecutor.execute(TestCaseExecutor.java:285)
	at com.kms.katalon.core.common.CommonExecutor.accessTestCaseMainPhase(CommonExecutor.java:65)
	at com.kms.katalon.core.main.TestSuiteExecutor.accessTestSuiteMainPhase(TestSuiteExecutor.java:148)
	at com.kms.katalon.core.main.TestSuiteExecutor.execute(TestSuiteExecutor.java:106)
	at com.kms.katalon.core.main.TestCaseMain.startTestSuite(TestCaseMain.java:187)
	at com.kms.katalon.core.main.TestCaseMain$startTestSuite$0.call(Unknown Source)
	at TempTestSuite1696228697970.run(TempTestSuite1696228697970.groovy:36)]]></system-err>
   </testsuite>
</testsuites>
